#
# There is insufficient memory for the Java Runtime Environment to continue.
# Native memory allocation (malloc) failed to allocate 873696 bytes for Chunk::new
# Possible reasons:
#   The system is out of physical RAM or swap space
#   In 32 bit mode, the process size limit was hit
# Possible solutions:
#   Reduce memory load on the system
#   Increase physical memory or swap space
#   Check if swap backing store is full
#   Use 64 bit Java on a 64 bit OS
#   Decrease Java heap size (-Xmx/-Xms)
#   Decrease number of Java threads
#   Decrease Java thread stack sizes (-Xss)
#   Set larger code cache with -XX:ReservedCodeCacheSize=
# This output file may be truncated or incomplete.
#
#  Out of Memory Error (allocation.cpp:390), pid=15344, tid=0x0000000000001520
#
# JRE version: OpenJDK Runtime Environment (8.0_152-b01) (build 1.8.0_152-release-915-b01)
# Java VM: OpenJDK 64-Bit Server VM (25.152-b01 mixed mode windows-amd64 compressed oops)
# Failed to write core dump. Minidumps are not enabled by default on client versions of Windows
#

---------------  T H R E A D  ---------------

Current thread (0x0000000017ebc000):  JavaThread "C2 CompilerThread0" daemon [_thread_in_native, id=5408, stack(0x0000000018680000,0x0000000018780000)]

Stack: [0x0000000018680000,0x0000000018780000]
[error occurred during error reporting (printing stack bounds), id 0xc0000005]

Native frames: (J=compiled Java code, j=interpreted, Vv=VM code, C=native code)


Current CompileTask:
C2:   1219 1031       4       com.android.dx.ssa.SCCP::simulateBranch (666 bytes)


---------------  P R O C E S S  ---------------

Java Threads: ( => current thread )
  0x0000000017f4f000 JavaThread "Service Thread" daemon [_thread_blocked, id=4488, stack(0x0000000018a80000,0x0000000018b80000)]
  0x0000000017ecd800 JavaThread "C1 CompilerThread3" daemon [_thread_in_native, id=11300, stack(0x0000000018980000,0x0000000018a80000)]
  0x0000000015fab000 JavaThread "C2 CompilerThread2" daemon [_thread_in_native, id=13072, stack(0x0000000018880000,0x0000000018980000)]
  0x0000000017ebe000 JavaThread "C2 CompilerThread1" daemon [_thread_in_native, id=10916, stack(0x0000000018780000,0x0000000018880000)]
=>0x0000000017ebc000 JavaThread "C2 CompilerThread0" daemon [_thread_in_native, id=5408, stack(0x0000000018680000,0x0000000018780000)]
  0x0000000017eb6800 JavaThread "Attach Listener" daemon [_thread_blocked, id=12840, stack(0x0000000018580000,0x0000000018680000)]
  0x0000000017ec4000 JavaThread "Signal Dispatcher" daemon [_thread_blocked, id=15024, stack(0x0000000018480000,0x0000000018580000)]
  0x0000000015fa1800 JavaThread "Finalizer" daemon [_thread_blocked, id=2372, stack(0x0000000018290000,0x0000000018390000)]
  0x0000000003477000 JavaThread "Reference Handler" daemon [_thread_blocked, id=16048, stack(0x0000000017d90000,0x0000000017e90000)]
  0x00000000031fe000 JavaThread "main" [_thread_blocked, id=15696, stack(0x0000000003280000,0x0000000003380000)]

Other Threads:
  0x0000000015f95000 VMThread [stack: 0x0000000017c90000,0x0000000017d90000] [id=15304]
  0x0000000017f50000 WatcherThread [stack: 0x0000000018b80000,0x0000000018c80000] [id=12932]

VM state:not at safepoint (normal execution)

VM Mutex/Monitor currently owned by a thread: None

Heap:
 PSYoungGen      total 38400K, used 12040K [0x00000000eab00000, 0x00000000ed580000, 0x0000000100000000)
  eden space 33280K, 20% used [0x00000000eab00000,0x00000000eb1c4c28,0x00000000ecb80000)
  from space 5120K, 99% used [0x00000000ecb80000,0x00000000ed07d6b8,0x00000000ed080000)
  to   space 5120K, 0% used [0x00000000ed080000,0x00000000ed080000,0x00000000ed580000)
 ParOldGen       total 87552K, used 1697K [0x00000000c0000000, 0x00000000c5580000, 0x00000000eab00000)
  object space 87552K, 1% used [0x00000000c0000000,0x00000000c01a8780,0x00000000c5580000)
 Metaspace       used 6191K, capacity 7152K, committed 7296K, reserved 1056768K
  class space    used 597K, capacity 616K, committed 640K, reserved 1048576K

Card table byte_map: [0x0000000012840000,0x0000000012a50000] byte_map_base: 0x0000000012240000

Marking Bits: (ParMarkBitMap*) 0x0000000061c63950
 Begin Bits: [0x00000000133b0000, 0x00000000143b0000)
 End Bits:   [0x00000000143b0000, 0x00000000153b0000)

Polling page: 0x0000000003150000

CodeCache: size=245760Kb used=5530Kb max_used=5530Kb free=240229Kb
 bounds [0x0000000003480000, 0x00000000039f0000, 0x0000000012480000]
 total_blobs=1689 nmethods=1426 adapters=177
 compilation: enabled

Compilation events (10 events):
Event: 1.215 Thread 0x0000000017ecd800 nmethod 1424 0x00000000039e1f10 code [0x00000000039e2200, 0x00000000039e3708]
Event: 1.215 Thread 0x0000000017ecd800 1421       3       com.android.dx.dex.file.DebugInfoEncoder$1::compare (13 bytes)
Event: 1.215 Thread 0x0000000017ecd800 nmethod 1421 0x00000000039de010 code [0x00000000039de1a0, 0x00000000039de590]
Event: 1.215 Thread 0x0000000017ecd800 1425       3       com.android.dx.dex.code.DalvCode::finishProcessingIfNecessary (69 bytes)
Event: 1.216 Thread 0x0000000017ecd800 nmethod 1425 0x00000000039e1750 code [0x00000000039e1900, 0x00000000039e1d58]
Event: 1.216 Thread 0x0000000017ecd800 1426       3       com.android.dx.dex.code.LocalList$Entry::getSignature (11 bytes)
Event: 1.216 Thread 0x0000000017ecd800 nmethod 1426 0x00000000039e4390 code [0x00000000039e4500, 0x00000000039e4730]
Event: 1.216 Thread 0x0000000017ecd800 1427       3       java.util.TimSort::sort (229 bytes)
Event: 1.216 Thread 0x0000000017ecd800 nmethod 1427 0x00000000039e4810 code [0x00000000039e4a00, 0x00000000039e50f8]
Event: 1.216 Thread 0x0000000017ecd800 1430       3       com.android.dx.rop.type.StdTypeList::getWordCount (33 bytes)

GC Heap History (2 events):
Event: 0.964 GC heap before
{Heap before GC invocations=1 (full 0):
 PSYoungGen      total 38400K, used 33280K [0x00000000eab00000, 0x00000000ed580000, 0x0000000100000000)
  eden space 33280K, 100% used [0x00000000eab00000,0x00000000ecb80000,0x00000000ecb80000)
  from space 5120K, 0% used [0x00000000ed080000,0x00000000ed080000,0x00000000ed580000)
  to   space 5120K, 0% used [0x00000000ecb80000,0x00000000ecb80000,0x00000000ed080000)
 ParOldGen       total 87552K, used 0K [0x00000000c0000000, 0x00000000c5580000, 0x00000000eab00000)
  object space 87552K, 0% used [0x00000000c0000000,0x00000000c0000000,0x00000000c5580000)
 Metaspace       used 5882K, capacity 6896K, committed 7040K, reserved 1056768K
  class space    used 579K, capacity 616K, committed 640K, reserved 1048576K
Event: 0.996 GC heap after
Heap after GC invocations=1 (full 0):
 PSYoungGen      total 38400K, used 5109K [0x00000000eab00000, 0x00000000ed580000, 0x0000000100000000)
  eden space 33280K, 0% used [0x00000000eab00000,0x00000000eab00000,0x00000000ecb80000)
  from space 5120K, 99% used [0x00000000ecb80000,0x00000000ed07d6b8,0x00000000ed080000)
  to   space 5120K, 0% used [0x00000000ed080000,0x00000000ed080000,0x00000000ed580000)
 ParOldGen       total 87552K, used 1697K [0x00000000c0000000, 0x00000000c5580000, 0x00000000eab00000)
  object space 87552K, 1% used [0x00000000c0000000,0x00000000c01a8780,0x00000000c5580000)
 Metaspace       used 5882K, capacity 6896K, committed 7040K, reserved 1056768K
  class space    used 579K, capacity 616K, committed 640K, reserved 1048576K
}

Deoptimization events (10 events):
Event: 1.063 Thread 0x0000000018160000 Uncommon trap: reason=bimorphic action=maybe_recompile pc=0x000000000368d414 method=java.util.HashMap.getNode(ILjava/lang/Object;)Ljava/util/HashMap$Node; @ 126
Event: 1.069 Thread 0x0000000018160000 Uncommon trap: reason=bimorphic action=maybe_recompile pc=0x000000000368d414 method=java.util.HashMap.getNode(ILjava/lang/Object;)Ljava/util/HashMap$Node; @ 126
Event: 1.095 Thread 0x00000000031fe000 Uncommon trap: reason=class_check action=maybe_recompile pc=0x000000000391bd98 method=java.util.Arrays.hashCode([Ljava/lang/Object;)I @ 43
Event: 1.095 Thread 0x00000000031fe000 Uncommon trap: reason=class_check action=maybe_recompile pc=0x000000000391bd98 method=java.util.Arrays.hashCode([Ljava/lang/Object;)I @ 43
Event: 1.095 Thread 0x00000000031fe000 Uncommon trap: reason=class_check action=maybe_recompile pc=0x000000000391bd98 method=java.util.Arrays.hashCode([Ljava/lang/Object;)I @ 43
Event: 1.095 Thread 0x00000000031fe000 Uncommon trap: reason=class_check action=maybe_recompile pc=0x000000000391bd98 method=java.util.Arrays.hashCode([Ljava/lang/Object;)I @ 43
Event: 1.095 Thread 0x00000000031fe000 Uncommon trap: reason=class_check action=maybe_recompile pc=0x000000000390f678 method=java.util.Arrays.hashCode([Ljava/lang/Object;)I @ 43
Event: 1.100 Thread 0x00000000031fe000 Uncommon trap: reason=unstable_if action=reinterpret pc=0x00000000037e87f0 method=java.util.HashMap.putVal(ILjava/lang/Object;Ljava/lang/Object;ZZ)Ljava/lang/Object; @ 94
Event: 1.116 Thread 0x00000000031fe000 Uncommon trap: reason=bimorphic action=maybe_recompile pc=0x000000000368d414 method=java.util.HashMap.getNode(ILjava/lang/Object;)Ljava/util/HashMap$Node; @ 126
Event: 1.116 Thread 0x00000000031fe000 Uncommon trap: reason=bimorphic action=maybe_recompile pc=0x0000000003670e34 method=java.util.HashMap.getNode(ILjava/lang/Object;)Ljava/util/HashMap$Node; @ 126

Classes redefined (0 events):
No events

Internal exceptions (2 events):
Event: 0.027 Thread 0x00000000031fe000 Exception <a 'java/lang/NoSuchMethodError': Method sun.misc.Unsafe.defineClass(Ljava/lang/String;[BII)Ljava/lang/Class; name or signature does not match> (0x00000000eab07ca8) thrown at [D:\src\AOSP-openjdk-cygwin\jdk8u\hotspot\src\share\vm\prims\jni.cpp, 
Event: 0.027 Thread 0x00000000031fe000 Exception <a 'java/lang/NoSuchMethodError': Method sun.misc.Unsafe.prefetchRead(Ljava/lang/Object;J)V name or signature does not match> (0x00000000eab07f90) thrown at [D:\src\AOSP-openjdk-cygwin\jdk8u\hotspot\src\share\vm\prims\jni.cpp, line 4011]

Events (10 events):
Event: 1.172 loading class com/android/dx/dex/code/CatchTable$Entry
Event: 1.172 loading class com/android/dx/dex/code/CatchTable$Entry done
Event: 1.172 loading class com/android/dx/util/ByteArrayAnnotatedOutput
Event: 1.172 loading class com/android/dx/util/ByteArrayAnnotatedOutput done
Event: 1.205 loading class com/android/dx/dex/file/DebugInfoEncoder
Event: 1.205 loading class com/android/dx/dex/file/DebugInfoEncoder done
Event: 1.206 loading class com/android/dx/dex/file/DebugInfoEncoder$1
Event: 1.206 loading class com/android/dx/dex/file/DebugInfoEncoder$1 done
Event: 1.209 loading class com/android/dx/dex/file/DebugInfoEncoder$2
Event: 1.209 loading class com/android/dx/dex/file/DebugInfoEncoder$2 done


Dynamic libraries:
0x00007ff6b8c40000 - 0x00007ff6b8c71000 	C:\Program Files\Android\Android Studio\jre\bin\java.exe
0x00007ffd49e10000 - 0x00007ffd49ff1000 	C:\WINDOWS\SYSTEM32\ntdll.dll
0x00007ffd47bd0000 - 0x00007ffd47c82000 	C:\WINDOWS\System32\KERNEL32.DLL
0x00007ffd46360000 - 0x00007ffd465d3000 	C:\WINDOWS\System32\KERNELBASE.dll
0x00007ffd48580000 - 0x00007ffd48621000 	C:\WINDOWS\System32\ADVAPI32.dll
0x00007ffd47420000 - 0x00007ffd474be000 	C:\WINDOWS\System32\msvcrt.dll
0x00007ffd472a0000 - 0x00007ffd472fb000 	C:\WINDOWS\System32\sechost.dll
0x00007ffd487d0000 - 0x00007ffd488f4000 	C:\WINDOWS\System32\RPCRT4.dll
0x00007ffd47a40000 - 0x00007ffd47bd0000 	C:\WINDOWS\System32\USER32.dll
0x00007ffd467e0000 - 0x00007ffd46800000 	C:\WINDOWS\System32\win32u.dll
0x00007ffd48550000 - 0x00007ffd48578000 	C:\WINDOWS\System32\GDI32.dll
0x00007ffd465e0000 - 0x00007ffd46772000 	C:\WINDOWS\System32\gdi32full.dll
0x00007ffd47100000 - 0x00007ffd4719f000 	C:\WINDOWS\System32\msvcp_win.dll
0x00007ffd461e0000 - 0x00007ffd462da000 	C:\WINDOWS\System32\ucrtbase.dll
0x00007ffd3c220000 - 0x00007ffd3c489000 	C:\WINDOWS\WinSxS\amd64_microsoft.windows.common-controls_6595b64144ccf1df_6.0.17134.48_none_b4b2216a3cb4dd3e\COMCTL32.dll
0x00007ffd47710000 - 0x00007ffd47a33000 	C:\WINDOWS\System32\combase.dll
0x00007ffd462e0000 - 0x00007ffd4635a000 	C:\WINDOWS\System32\bcryptPrimitives.dll
0x00007ffd47320000 - 0x00007ffd4734d000 	C:\WINDOWS\System32\IMM32.DLL
0x00000000612e0000 - 0x00000000613b2000 	C:\Program Files\Android\Android Studio\jre\jre\bin\msvcr100.dll
0x00000000614a0000 - 0x0000000061cde000 	C:\Program Files\Android\Android Studio\jre\jre\bin\server\jvm.dll
0x00007ffd481c0000 - 0x00007ffd481c8000 	C:\WINDOWS\System32\PSAPI.DLL
0x00007ffd442d0000 - 0x00007ffd442f3000 	C:\WINDOWS\SYSTEM32\WINMM.dll
0x00007ffd2ef90000 - 0x00007ffd2ef99000 	C:\WINDOWS\SYSTEM32\WSOCK32.dll
0x00007ffd3f090000 - 0x00007ffd3f09a000 	C:\WINDOWS\SYSTEM32\VERSION.dll
0x00007ffd48140000 - 0x00007ffd481ac000 	C:\WINDOWS\System32\WS2_32.dll
0x00007ffd442a0000 - 0x00007ffd442ca000 	C:\WINDOWS\SYSTEM32\winmmbase.dll
0x00007ffd471a0000 - 0x00007ffd471e9000 	C:\WINDOWS\System32\cfgmgr32.dll
0x00007ffd3eb00000 - 0x00007ffd3eb0f000 	C:\Program Files\Android\Android Studio\jre\jre\bin\verify.dll
0x00007ffd3c560000 - 0x00007ffd3c589000 	C:\Program Files\Android\Android Studio\jre\jre\bin\java.dll
0x00007ffd3c180000 - 0x00007ffd3c196000 	C:\Program Files\Android\Android Studio\jre\jre\bin\zip.dll
0x00007ffd489a0000 - 0x00007ffd49de0000 	C:\WINDOWS\System32\SHELL32.dll
0x00007ffd48630000 - 0x00007ffd486d9000 	C:\WINDOWS\System32\shcore.dll
0x00007ffd46800000 - 0x00007ffd46f0d000 	C:\WINDOWS\System32\windows.storage.dll
0x00007ffd480e0000 - 0x00007ffd48131000 	C:\WINDOWS\System32\shlwapi.dll
0x00007ffd46140000 - 0x00007ffd46151000 	C:\WINDOWS\System32\kernel.appcore.dll
0x00007ffd46160000 - 0x00007ffd4617f000 	C:\WINDOWS\System32\profapi.dll
0x00007ffd46180000 - 0x00007ffd461cc000 	C:\WINDOWS\System32\powrprof.dll
0x00007ffd461d0000 - 0x00007ffd461da000 	C:\WINDOWS\System32\FLTLIB.DLL

VM Arguments:
jvm_args: -Djava.awt.headless=true -Xmx1024M -Dfile.encoding=windows-1252 -Duser.country=ID -Duser.language=en -Duser.variant 
java_command: com.android.dx.command.Main --dex --num-threads=4 --output D:\AndroidLibrary\perisaiV_1.0.0\app\build\intermediates\pre-dexed\debug\com.android.support-support-vector-drawable-25.3.1_5aa2018ac9ed7ee2eef292aec6f68a91d9a7a12d.jar D:\AndroidLibrary\perisaiV_1.0.0\app\build\intermediates\exploded-aar\com.android.support\support-vector-drawable\25.3.1\jars\classes.jar
java_class_path (initial): C:\Users\Ryan\AppData\Local\Android\sdk\build-tools\25.0.1\lib\dx.jar
Launcher Type: SUN_STANDARD

Environment Variables:
PATH=C:\Program Files (x86)\Intel\iCLS Client\;C:\Program Files\Intel\iCLS Client\;C:\Windows\system32;C:\Windows;C:\Windows\System32\Wbem;C:\Windows\System32\WindowsPowerShell\v1.0\;C:\Program Files (x86)\NVIDIA Corporation\PhysX\Common;C:\Program Files (x86)\Intel\Intel(R) Management Engine Components\DAL;C:\Program Files\Intel\Intel(R) Management Engine Components\DAL;C:\Program Files (x86)\Intel\Intel(R) Management Engine Components\IPT;C:\Program Files\Intel\Intel(R) Management Engine Components\IPT;C:\Program Files\Intel\WiFi\bin\;C:\Program Files\Common Files\Intel\WirelessCommon\;C:\Program Files\dotnet\;%SystemRoot%\system32;%SystemRoot%;%SystemRoot%\System32\Wbem;%SYSTEMROOT%\System32\WindowsPowerShell\v1.0\;%SYSTEMROOT%\System32\OpenSSH\;C:\Users\Ryan\AppData\Local\Microsoft\WindowsApps;C:\Program Files\Intel\WiFi\bin\;C:\Program Files\Common Files\Intel\WirelessCommon\;
USERNAME=Ryan
OS=Windows_NT
PROCESSOR_IDENTIFIER=Intel64 Family 6 Model 158 Stepping 9, GenuineIntel



---------------  S Y S T E M  ---------------

OS: Windows 10.0 , 64 bit Build 17134 (10.0.17134.1)

CPU:total 8 (initial active 8) (4 cores per cpu, 2 threads per core) family 6 model 158 stepping 9, cmov, cx8, fxsr, mmx, sse, sse2, sse3, ssse3, sse4.1, sse4.2, popcnt, avx, avx2, aes, clmul, erms, 3dnowpref, lzcnt, ht, tsc, tscinvbit, bmi1, bmi2, adx

Memory: 4k page, physical 8304332k(535148k free), swap 16496332k(3396k free)

vm_info: OpenJDK 64-Bit Server VM (25.152-b01) for windows-amd64 JRE (1.8.0_152-release-915-b01), built by "builder" with MS VC++ 10.0 (VS2010)

time: Mon May 28 14:35:37 2018
elapsed time: 1 seconds (0d 0h 0m 1s)

