#
# There is insufficient memory for the Java Runtime Environment to continue.
# Native memory allocation (malloc) failed to allocate 830176 bytes for Chunk::new
# Possible reasons:
#   The system is out of physical RAM or swap space
#   In 32 bit mode, the process size limit was hit
# Possible solutions:
#   Reduce memory load on the system
#   Increase physical memory or swap space
#   Check if swap backing store is full
#   Use 64 bit Java on a 64 bit OS
#   Decrease Java heap size (-Xmx/-Xms)
#   Decrease number of Java threads
#   Decrease Java thread stack sizes (-Xss)
#   Set larger code cache with -XX:ReservedCodeCacheSize=
# This output file may be truncated or incomplete.
#
#  Out of Memory Error (allocation.cpp:390), pid=16400, tid=0x0000000000000db8
#
# JRE version: OpenJDK Runtime Environment (8.0_152-b01) (build 1.8.0_152-release-915-b01)
# Java VM: OpenJDK 64-Bit Server VM (25.152-b01 mixed mode windows-amd64 compressed oops)
# Failed to write core dump. Minidumps are not enabled by default on client versions of Windows
#

---------------  T H R E A D  ---------------

Current thread (0x0000000017dac800):  JavaThread "C2 CompilerThread0" daemon [_thread_in_native, id=3512, stack(0x0000000018480000,0x0000000018580000)]

Stack: [0x0000000018480000,0x0000000018580000]
[error occurred during error reporting (printing stack bounds), id 0xc0000005]

Native frames: (J=compiled Java code, j=interpreted, Vv=VM code, C=native code)


Current CompileTask:
C2:   2506 1246   !   4       com.android.dx.cf.code.BytecodeArray::parseInstruction (2764 bytes)


---------------  P R O C E S S  ---------------

Java Threads: ( => current thread )
  0x0000000017e42800 JavaThread "Service Thread" daemon [_thread_blocked, id=11052, stack(0x0000000018880000,0x0000000018980000)]
  0x0000000015ead000 JavaThread "C1 CompilerThread3" daemon [_thread_blocked, id=2700, stack(0x0000000018780000,0x0000000018880000)]
  0x0000000017db2000 JavaThread "C2 CompilerThread2" daemon [_thread_in_native, id=15124, stack(0x0000000018680000,0x0000000018780000)]
  0x0000000017daf800 JavaThread "C2 CompilerThread1" daemon [_thread_in_native, id=6268, stack(0x0000000018580000,0x0000000018680000)]
=>0x0000000017dac800 JavaThread "C2 CompilerThread0" daemon [_thread_in_native, id=3512, stack(0x0000000018480000,0x0000000018580000)]
  0x0000000017dab000 JavaThread "Attach Listener" daemon [_thread_blocked, id=2280, stack(0x0000000018380000,0x0000000018480000)]
  0x0000000017da7800 JavaThread "Signal Dispatcher" daemon [_thread_blocked, id=17360, stack(0x0000000018280000,0x0000000018380000)]
  0x0000000017da0800 JavaThread "Finalizer" daemon [_thread_blocked, id=7276, stack(0x0000000018180000,0x0000000018280000)]
  0x0000000003275000 JavaThread "Reference Handler" daemon [_thread_blocked, id=13988, stack(0x0000000017c80000,0x0000000017d80000)]
  0x000000000337e000 JavaThread "main" [_thread_in_Java, id=13188, stack(0x0000000003070000,0x0000000003170000)]

Other Threads:
  0x0000000015e97800 VMThread [stack: 0x0000000017b80000,0x0000000017c80000] [id=4512]
  0x0000000017e43000 WatcherThread [stack: 0x0000000018980000,0x0000000018a80000] [id=9896]

VM state:not at safepoint (normal execution)

VM Mutex/Monitor currently owned by a thread: None

Heap:
 PSYoungGen      total 38400K, used 34856K [0x00000000eab00000, 0x00000000ef600000, 0x0000000100000000)
  eden space 33280K, 89% used [0x00000000eab00000,0x00000000ec80cfe8,0x00000000ecb80000)
  from space 5120K, 99% used [0x00000000ecb80000,0x00000000ed07d258,0x00000000ed080000)
  to   space 5120K, 0% used [0x00000000ef100000,0x00000000ef100000,0x00000000ef600000)
 ParOldGen       total 87552K, used 1435K [0x00000000c0000000, 0x00000000c5580000, 0x00000000eab00000)
  object space 87552K, 1% used [0x00000000c0000000,0x00000000c0166c70,0x00000000c5580000)
 Metaspace       used 6264K, capacity 7216K, committed 7296K, reserved 1056768K
  class space    used 597K, capacity 616K, committed 640K, reserved 1048576K

Card table byte_map: [0x0000000012740000,0x0000000012950000] byte_map_base: 0x0000000012140000

Marking Bits: (ParMarkBitMap*) 0x0000000061803950
 Begin Bits: [0x00000000132b0000, 0x00000000142b0000)
 End Bits:   [0x00000000142b0000, 0x00000000152b0000)

Polling page: 0x0000000001380000

CodeCache: size=245760Kb used=6058Kb max_used=6058Kb free=239701Kb
 bounds [0x0000000003380000, 0x0000000003970000, 0x0000000012380000]
 total_blobs=1728 nmethods=1465 adapters=176
 compilation: disabled (not enough contiguous free space left)

Compilation events (10 events):
Event: 2.296 Thread 0x0000000015ead000 1454       3       com.android.dx.cf.code.Ropper::addSynchExceptionHandlerBlock (206 bytes)
Event: 2.299 Thread 0x0000000015ead000 nmethod 1454 0x0000000003953810 code [0x0000000003953dc0, 0x0000000003957b38]
Event: 2.299 Thread 0x0000000015ead000 1455   !   3       com.android.dx.rop.code.RegisterSpecSet::remove (30 bytes)
Event: 2.299 Thread 0x0000000015ead000 nmethod 1455 0x000000000395ae10 code [0x000000000395afa0, 0x000000000395b3e8]
Event: 2.310 Thread 0x0000000015ead000 1458       3       com.android.dx.ssa.LocalVariableExtractor::processBlock (383 bytes)
Event: 2.313 Thread 0x0000000015ead000 nmethod 1458 0x000000000395b610 code [0x000000000395bb00, 0x000000000395f2d8]
Event: 2.315 Thread 0x0000000015ead000 1460       3       com.android.dx.ssa.NormalSsaInsn::isMoveException (20 bytes)
Event: 2.315 Thread 0x0000000015ead000 nmethod 1460 0x0000000003961f10 code [0x0000000003962080, 0x0000000003962370]
Event: 2.319 Thread 0x0000000015ead000 1461       3       com.android.dx.rop.code.BasicBlockList$RegCountVisitor::visitThrowingInsn (6 bytes)
Event: 2.319 Thread 0x0000000015ead000 nmethod 1461 0x0000000003962450 code [0x00000000039625c0, 0x0000000003962748]

GC Heap History (2 events):
Event: 1.937 GC heap before
{Heap before GC invocations=1 (full 0):
 PSYoungGen      total 38400K, used 33280K [0x00000000eab00000, 0x00000000ed580000, 0x0000000100000000)
  eden space 33280K, 100% used [0x00000000eab00000,0x00000000ecb80000,0x00000000ecb80000)
  from space 5120K, 0% used [0x00000000ed080000,0x00000000ed080000,0x00000000ed580000)
  to   space 5120K, 0% used [0x00000000ecb80000,0x00000000ecb80000,0x00000000ed080000)
 ParOldGen       total 87552K, used 0K [0x00000000c0000000, 0x00000000c5580000, 0x00000000eab00000)
  object space 87552K, 0% used [0x00000000c0000000,0x00000000c0000000,0x00000000c5580000)
 Metaspace       used 5898K, capacity 6896K, committed 7040K, reserved 1056768K
  class space    used 578K, capacity 616K, committed 640K, reserved 1048576K
Event: 2.091 GC heap after
Heap after GC invocations=1 (full 0):
 PSYoungGen      total 38400K, used 5108K [0x00000000eab00000, 0x00000000ef600000, 0x0000000100000000)
  eden space 33280K, 0% used [0x00000000eab00000,0x00000000eab00000,0x00000000ecb80000)
  from space 5120K, 99% used [0x00000000ecb80000,0x00000000ed07d258,0x00000000ed080000)
  to   space 5120K, 0% used [0x00000000ef100000,0x00000000ef100000,0x00000000ef600000)
 ParOldGen       total 87552K, used 1435K [0x00000000c0000000, 0x00000000c5580000, 0x00000000eab00000)
  object space 87552K, 1% used [0x00000000c0000000,0x00000000c0166c70,0x00000000c5580000)
 Metaspace       used 5898K, capacity 6896K, committed 7040K, reserved 1056768K
  class space    used 578K, capacity 616K, committed 640K, reserved 1048576K
}

Deoptimization events (10 events):
Event: 1.871 Thread 0x000000000337e000 Uncommon trap: reason=unstable_if action=reinterpret pc=0x00000000037de288 method=com.android.dx.ssa.SCCP.simulateStmt(Lcom/android/dx/ssa/SsaInsn;)V @ 435
Event: 1.875 Thread 0x000000000337e000 Uncommon trap: reason=bimorphic action=maybe_recompile pc=0x00000000035b4064 method=java.util.HashMap.getNode(ILjava/lang/Object;)Ljava/util/HashMap$Node; @ 126
Event: 1.875 Thread 0x000000000337e000 Uncommon trap: reason=class_check action=maybe_recompile pc=0x00000000036f3d60 method=java.util.HashMap.putVal(ILjava/lang/Object;Ljava/lang/Object;ZZ)Ljava/lang/Object; @ 203
Event: 2.096 Thread 0x000000000337e000 Uncommon trap: reason=bimorphic action=maybe_recompile pc=0x0000000003842668 method=com.android.dx.ssa.SCCP.simulatePhi(Lcom/android/dx/ssa/PhiInsn;)V @ 124
Event: 2.096 Thread 0x000000000337e000 Uncommon trap: reason=bimorphic action=maybe_recompile pc=0x0000000003842668 method=com.android.dx.ssa.SCCP.simulatePhi(Lcom/android/dx/ssa/PhiInsn;)V @ 124
Event: 2.096 Thread 0x000000000337e000 Uncommon trap: reason=bimorphic action=maybe_recompile pc=0x0000000003842668 method=com.android.dx.ssa.SCCP.simulatePhi(Lcom/android/dx/ssa/PhiInsn;)V @ 124
Event: 2.098 Thread 0x000000000337e000 Uncommon trap: reason=bimorphic action=maybe_recompile pc=0x0000000003842668 method=com.android.dx.ssa.SCCP.simulatePhi(Lcom/android/dx/ssa/PhiInsn;)V @ 124
Event: 2.119 Thread 0x00000000180ca000 Uncommon trap: reason=null_check action=make_not_entrant pc=0x000000000376d1e8 method=com.android.dx.rop.type.Type.equals(Ljava/lang/Object;)Z @ 8
Event: 2.291 Thread 0x00000000180e5000 Uncommon trap: reason=unstable_if action=reinterpret pc=0x00000000036ed3dc method=com.android.dx.ssa.SsaMethod.updateOneDefinition(Lcom/android/dx/ssa/SsaInsn;Lcom/android/dx/rop/code/RegisterSpec;)V @ 4
Event: 2.309 Thread 0x0000000017fdf000 Uncommon trap: reason=unstable_if action=reinterpret pc=0x000000000390d4b0 method=com.android.dx.rop.code.RegisterSpec.intersect(Lcom/android/dx/rop/code/RegisterSpec;Z)Lcom/android/dx/rop/code/RegisterSpec; @ 8

Classes redefined (0 events):
No events

Internal exceptions (5 events):
Event: 0.037 Thread 0x000000000337e000 Exception <a 'java/lang/NoSuchMethodError': Method sun.misc.Unsafe.defineClass(Ljava/lang/String;[BII)Ljava/lang/Class; name or signature does not match> (0x00000000eab07ca8) thrown at [D:\src\AOSP-openjdk-cygwin\jdk8u\hotspot\src\share\vm\prims\jni.cpp, 
Event: 0.037 Thread 0x000000000337e000 Exception <a 'java/lang/NoSuchMethodError': Method sun.misc.Unsafe.prefetchRead(Ljava/lang/Object;J)V name or signature does not match> (0x00000000eab07f90) thrown at [D:\src\AOSP-openjdk-cygwin\jdk8u\hotspot\src\share\vm\prims\jni.cpp, line 4011]
Event: 1.468 Thread 0x00000000180ca000 Implicit null exception at 0x0000000003651bda to 0x0000000003654d8d
Event: 1.468 Thread 0x00000000180ca000 Implicit null exception at 0x00000000036664a6 to 0x0000000003668d99
Event: 2.119 Thread 0x00000000180ca000 Implicit null exception at 0x000000000376d0e2 to 0x000000000376d1da

Events (10 events):
Event: 2.281 Thread 0x00000000180ca000 Thread exited: 0x00000000180ca000
Event: 2.289 loading class com/android/dx/rop/code/RegOps
Event: 2.289 loading class com/android/dx/rop/code/RegOps done
Event: 2.291 Thread 0x00000000180e5000 Uncommon trap: trap_request=0xffffff65 fr.pc=0x00000000036ed3dc
Event: 2.291 Thread 0x00000000180e5000 DEOPT PACKING pc=0x00000000036ed3dc sp=0x0000000018f7e980
Event: 2.291 Thread 0x00000000180e5000 DEOPT UNPACKING pc=0x00000000033c556a sp=0x0000000018f7e928 mode 2
Event: 2.297 Thread 0x00000000180e5000 Thread exited: 0x00000000180e5000
Event: 2.309 Thread 0x0000000017fdf000 Uncommon trap: trap_request=0xffffff65 fr.pc=0x000000000390d4b0
Event: 2.309 Thread 0x0000000017fdf000 DEOPT PACKING pc=0x000000000390d4b0 sp=0x0000000018d7ec80
Event: 2.309 Thread 0x0000000017fdf000 DEOPT UNPACKING pc=0x00000000033c556a sp=0x0000000018d7eaa8 mode 2


Dynamic libraries:
0x00007ff79f7c0000 - 0x00007ff79f7f1000 	C:\Program Files\Android\Android Studio\jre\bin\java.exe
0x00007fff70c00000 - 0x00007fff70de1000 	C:\WINDOWS\SYSTEM32\ntdll.dll
0x00007fff6e160000 - 0x00007fff6e212000 	C:\WINDOWS\System32\KERNEL32.DLL
0x00007fff6de10000 - 0x00007fff6e083000 	C:\WINDOWS\System32\KERNELBASE.dll
0x00007fff70910000 - 0x00007fff709b1000 	C:\WINDOWS\System32\ADVAPI32.dll
0x00007fff70020000 - 0x00007fff700be000 	C:\WINDOWS\System32\msvcrt.dll
0x00007fff6fe10000 - 0x00007fff6fe6b000 	C:\WINDOWS\System32\sechost.dll
0x00007fff704f0000 - 0x00007fff70614000 	C:\WINDOWS\System32\RPCRT4.dll
0x00007fff70a40000 - 0x00007fff70bd0000 	C:\WINDOWS\System32\USER32.dll
0x00007fff6d440000 - 0x00007fff6d460000 	C:\WINDOWS\System32\win32u.dll
0x00007fff6fb00000 - 0x00007fff6fb28000 	C:\WINDOWS\System32\GDI32.dll
0x00007fff6d180000 - 0x00007fff6d312000 	C:\WINDOWS\System32\gdi32full.dll
0x00007fff6d3a0000 - 0x00007fff6d43f000 	C:\WINDOWS\System32\msvcp_win.dll
0x00007fff6cfd0000 - 0x00007fff6d0ca000 	C:\WINDOWS\System32\ucrtbase.dll
0x00007fff62cb0000 - 0x00007fff62f19000 	C:\WINDOWS\WinSxS\amd64_microsoft.windows.common-controls_6595b64144ccf1df_6.0.17134.112_none_fb3f961b30681c12\COMCTL32.dll
0x00007fff701c0000 - 0x00007fff704e3000 	C:\WINDOWS\System32\combase.dll
0x00007fff6d320000 - 0x00007fff6d39a000 	C:\WINDOWS\System32\bcryptPrimitives.dll
0x00007fff6fad0000 - 0x00007fff6fafd000 	C:\WINDOWS\System32\IMM32.DLL
0x0000000060e80000 - 0x0000000060f52000 	C:\Program Files\Android\Android Studio\jre\jre\bin\msvcr100.dll
0x0000000061040000 - 0x000000006187e000 	C:\Program Files\Android\Android Studio\jre\jre\bin\server\jvm.dll
0x00007fff707a0000 - 0x00007fff707a8000 	C:\WINDOWS\System32\PSAPI.DLL
0x00007fff59bd0000 - 0x00007fff59bd9000 	C:\WINDOWS\SYSTEM32\WSOCK32.dll
0x00007fff6fb30000 - 0x00007fff6fb9c000 	C:\WINDOWS\System32\WS2_32.dll
0x00007fff6b340000 - 0x00007fff6b363000 	C:\WINDOWS\SYSTEM32\WINMM.dll
0x00007fff68eb0000 - 0x00007fff68eba000 	C:\WINDOWS\SYSTEM32\VERSION.dll
0x00007fff6b310000 - 0x00007fff6b33a000 	C:\WINDOWS\SYSTEM32\WINMMBASE.dll
0x00007fff6d460000 - 0x00007fff6d4a9000 	C:\WINDOWS\System32\cfgmgr32.dll
0x00007fff5ede0000 - 0x00007fff5edef000 	C:\Program Files\Android\Android Studio\jre\jre\bin\verify.dll
0x00007fff5edb0000 - 0x00007fff5edd9000 	C:\Program Files\Android\Android Studio\jre\jre\bin\java.dll
0x00007fff5ed90000 - 0x00007fff5eda6000 	C:\Program Files\Android\Android Studio\jre\jre\bin\zip.dll
0x00007fff6e690000 - 0x00007fff6fad0000 	C:\WINDOWS\System32\SHELL32.dll
0x00007fff70620000 - 0x00007fff706c9000 	C:\WINDOWS\System32\shcore.dll
0x00007fff6d700000 - 0x00007fff6de0d000 	C:\WINDOWS\System32\windows.storage.dll
0x00007fff6e0a0000 - 0x00007fff6e0f1000 	C:\WINDOWS\System32\shlwapi.dll
0x00007fff6cfb0000 - 0x00007fff6cfc1000 	C:\WINDOWS\System32\kernel.appcore.dll
0x00007fff6cf40000 - 0x00007fff6cf5f000 	C:\WINDOWS\System32\profapi.dll
0x00007fff6cf60000 - 0x00007fff6cfac000 	C:\WINDOWS\System32\powrprof.dll
0x00007fff6cf30000 - 0x00007fff6cf3a000 	C:\WINDOWS\System32\FLTLIB.DLL

VM Arguments:
jvm_args: -Djava.awt.headless=true -Xmx1024M -Dfile.encoding=windows-1252 -Duser.country=ID -Duser.language=en -Duser.variant 
java_command: com.android.dx.command.Main --dex --num-threads=4 --output D:\AndroidLibrary\perisaiV_1.0.1\app\build\intermediates\pre-dexed\debug\com.android.support-support-core-utils-25.3.1_90f15081d92a64595354c1565055266a76cb0915.jar D:\AndroidLibrary\perisaiV_1.0.1\app\build\intermediates\exploded-aar\com.android.support\support-core-utils\25.3.1\jars\classes.jar
java_class_path (initial): C:\Users\Ryan\AppData\Local\Android\sdk\build-tools\25.0.1\lib\dx.jar
Launcher Type: SUN_STANDARD

Environment Variables:
PATH=C:\Program Files (x86)\Intel\iCLS Client\;C:\Program Files\Intel\iCLS Client\;C:\Windows\system32;C:\Windows;C:\Windows\System32\Wbem;C:\Windows\System32\WindowsPowerShell\v1.0\;C:\Program Files (x86)\NVIDIA Corporation\PhysX\Common;C:\Program Files (x86)\Intel\Intel(R) Management Engine Components\DAL;C:\Program Files\Intel\Intel(R) Management Engine Components\DAL;C:\Program Files (x86)\Intel\Intel(R) Management Engine Components\IPT;C:\Program Files\Intel\Intel(R) Management Engine Components\IPT;C:\Program Files\Intel\WiFi\bin\;C:\Program Files\Common Files\Intel\WirelessCommon\;C:\Program Files\dotnet\;%SystemRoot%\system32;%SystemRoot%;%SystemRoot%\System32\Wbem;%SYSTEMROOT%\System32\WindowsPowerShell\v1.0\;%SYSTEMROOT%\System32\OpenSSH\;C:\Users\Ryan\AppData\Local\Microsoft\WindowsApps;C:\Program Files\Intel\WiFi\bin\;C:\Program Files\Common Files\Intel\WirelessCommon\;
USERNAME=Ryan
OS=Windows_NT
PROCESSOR_IDENTIFIER=Intel64 Family 6 Model 158 Stepping 9, GenuineIntel



---------------  S Y S T E M  ---------------

OS: Windows 10.0 , 64 bit Build 17134 (10.0.17134.1)

CPU:total 8 (initial active 8) (4 cores per cpu, 2 threads per core) family 6 model 158 stepping 9, cmov, cx8, fxsr, mmx, sse, sse2, sse3, ssse3, sse4.1, sse4.2, popcnt, avx, avx2, aes, clmul, erms, 3dnowpref, lzcnt, ht, tsc, tscinvbit, bmi1, bmi2, adx

Memory: 4k page, physical 8304332k(275972k free), swap 16496332k(1676k free)

vm_info: OpenJDK 64-Bit Server VM (25.152-b01) for windows-amd64 JRE (1.8.0_152-release-915-b01), built by "builder" with MS VC++ 10.0 (VS2010)

time: Mon Jun 25 12:31:27 2018
elapsed time: 2 seconds (0d 0h 0m 2s)

