#
# There is insufficient memory for the Java Runtime Environment to continue.
# Native memory allocation (malloc) failed to allocate 517936 bytes for Chunk::new
# Possible reasons:
#   The system is out of physical RAM or swap space
#   In 32 bit mode, the process size limit was hit
# Possible solutions:
#   Reduce memory load on the system
#   Increase physical memory or swap space
#   Check if swap backing store is full
#   Use 64 bit Java on a 64 bit OS
#   Decrease Java heap size (-Xmx/-Xms)
#   Decrease number of Java threads
#   Decrease Java thread stack sizes (-Xss)
#   Set larger code cache with -XX:ReservedCodeCacheSize=
# This output file may be truncated or incomplete.
#
#  Out of Memory Error (allocation.cpp:390), pid=2220, tid=0x0000000000001cf0
#
# JRE version: OpenJDK Runtime Environment (8.0_152-b01) (build 1.8.0_152-release-915-b01)
# Java VM: OpenJDK 64-Bit Server VM (25.152-b01 mixed mode windows-amd64 compressed oops)
# Failed to write core dump. Minidumps are not enabled by default on client versions of Windows
#

---------------  T H R E A D  ---------------

Current thread (0x0000000017f57000):  JavaThread "C2 CompilerThread2" daemon [_thread_in_native, id=7408, stack(0x00000000188c0000,0x00000000189c0000)]

Stack: [0x00000000188c0000,0x00000000189c0000]
[error occurred during error reporting (printing stack bounds), id 0xc0000005]

Native frames: (J=compiled Java code, j=interpreted, Vv=VM code, C=native code)


Current CompileTask:
C2:   4515 1787       4       com.android.dx.ssa.back.IdenticalBlockCombiner::combineBlocks (102 bytes)


---------------  P R O C E S S  ---------------

Java Threads: ( => current thread )
  0x00000000182a7000 JavaThread "pool-1-thread-4" [_thread_blocked, id=6484, stack(0x00000000198c0000,0x00000000199c0000)]
  0x00000000182a6000 JavaThread "pool-1-thread-3" [_thread_blocked, id=17892, stack(0x00000000197c0000,0x00000000198c0000)]
  0x00000000182a3800 JavaThread "pool-1-thread-2" [_thread_blocked, id=17228, stack(0x00000000196c0000,0x00000000197c0000)]
  0x000000001829a000 JavaThread "pool-2-thread-1" [_thread_blocked, id=14788, stack(0x00000000195c0000,0x00000000196c0000)]
  0x0000000018292000 JavaThread "pool-1-thread-1" [_thread_blocked, id=12264, stack(0x00000000194c0000,0x00000000195c0000)]
  0x0000000017f62000 JavaThread "Service Thread" daemon [_thread_blocked, id=14220, stack(0x0000000018ac0000,0x0000000018bc0000)]
  0x0000000017f5d000 JavaThread "C1 CompilerThread3" daemon [_thread_blocked, id=17452, stack(0x00000000189c0000,0x0000000018ac0000)]
=>0x0000000017f57000 JavaThread "C2 CompilerThread2" daemon [_thread_in_native, id=7408, stack(0x00000000188c0000,0x00000000189c0000)]
  0x0000000017f56800 JavaThread "C2 CompilerThread1" daemon [_thread_in_native, id=13528, stack(0x00000000187c0000,0x00000000188c0000)]
  0x0000000017efc800 JavaThread "C2 CompilerThread0" daemon [_thread_in_native, id=12708, stack(0x00000000186c0000,0x00000000187c0000)]
  0x0000000017efb000 JavaThread "Attach Listener" daemon [_thread_blocked, id=2136, stack(0x00000000185c0000,0x00000000186c0000)]
  0x0000000017ef7800 JavaThread "Signal Dispatcher" daemon [_thread_blocked, id=18048, stack(0x00000000184c0000,0x00000000185c0000)]
  0x00000000034c9000 JavaThread "Finalizer" daemon [_thread_blocked, id=18052, stack(0x00000000182d0000,0x00000000183d0000)]
  0x0000000015feb800 JavaThread "Reference Handler" daemon [_thread_blocked, id=18096, stack(0x0000000017dd0000,0x0000000017ed0000)]
  0x000000000338e000 JavaThread "main" [_thread_blocked, id=17136, stack(0x00000000031d0000,0x00000000032d0000)]

Other Threads:
  0x0000000015fe4800 VMThread [stack: 0x0000000017cd0000,0x0000000017dd0000] [id=18120]
  0x0000000017f63000 WatcherThread [stack: 0x0000000018bc0000,0x0000000018cc0000] [id=17544]

VM state:not at safepoint (normal execution)

VM Mutex/Monitor currently owned by a thread: None

Heap:
 PSYoungGen      total 71680K, used 29034K [0x00000000eab00000, 0x00000000f3700000, 0x0000000100000000)
  eden space 66560K, 35% used [0x00000000eab00000,0x00000000ec25eb90,0x00000000eec00000)
  from space 5120K, 99% used [0x00000000eec00000,0x00000000ef0fc020,0x00000000ef100000)
  to   space 5120K, 0% used [0x00000000f3200000,0x00000000f3200000,0x00000000f3700000)
 ParOldGen       total 87552K, used 15554K [0x00000000c0000000, 0x00000000c5580000, 0x00000000eab00000)
  object space 87552K, 17% used [0x00000000c0000000,0x00000000c0f30800,0x00000000c5580000)
 Metaspace       used 6306K, capacity 7088K, committed 7296K, reserved 1056768K
  class space    used 588K, capacity 616K, committed 640K, reserved 1048576K

Card table byte_map: [0x0000000012890000,0x0000000012aa0000] byte_map_base: 0x0000000012290000

Marking Bits: (ParMarkBitMap*) 0x0000000061803950
 Begin Bits: [0x0000000013400000, 0x0000000014400000)
 End Bits:   [0x0000000014400000, 0x0000000015400000)

Polling page: 0x00000000032d0000

CodeCache: size=245760Kb used=7475Kb max_used=7481Kb free=238284Kb
 bounds [0x00000000034d0000, 0x0000000003c30000, 0x00000000124d0000]
 total_blobs=2054 nmethods=1786 adapters=181
 compilation: enabled

Compilation events (10 events):
Event: 4.347 Thread 0x0000000017f5d000 1802       2       com.android.dx.util.ByteArray::makeDataInputStream (12 bytes)
Event: 4.347 Thread 0x0000000017f5d000 nmethod 1802 0x0000000003c03a10 code [0x0000000003c03b80, 0x0000000003c03f90]
Event: 4.347 Thread 0x0000000017f5d000 1803       2       com.android.dx.util.ByteArray$MyInputStream::<init> (20 bytes)
Event: 4.347 Thread 0x0000000017f5d000 nmethod 1803 0x0000000003bd7050 code [0x0000000003bd71a0, 0x0000000003bd7310]
Event: 4.363 Thread 0x0000000017f57000 nmethod 1585 0x0000000003c15d90 code [0x0000000003c16980, 0x0000000003c1df30]
Event: 4.364 Thread 0x0000000017f57000 1788       4       com.android.dx.rop.code.BasicBlockList::getInstructionCount (48 bytes)
Event: 4.367 Thread 0x0000000017f57000 nmethod 1788 0x0000000003c02010 code [0x0000000003c02160, 0x0000000003c02338]
Event: 4.367 Thread 0x0000000017f57000 1781       4       com.android.dx.ssa.InterferenceRegisterMapper::addInterfence (62 bytes)
Event: 4.402 Thread 0x0000000017f57000 nmethod 1781 0x0000000003c11410 code [0x0000000003c115e0, 0x0000000003c12798]
Event: 4.402 Thread 0x0000000017f57000 1787       4       com.android.dx.ssa.back.IdenticalBlockCombiner::combineBlocks (102 bytes)

GC Heap History (6 events):
Event: 2.394 GC heap before
{Heap before GC invocations=1 (full 0):
 PSYoungGen      total 38400K, used 33280K [0x00000000eab00000, 0x00000000ed580000, 0x0000000100000000)
  eden space 33280K, 100% used [0x00000000eab00000,0x00000000ecb80000,0x00000000ecb80000)
  from space 5120K, 0% used [0x00000000ed080000,0x00000000ed080000,0x00000000ed580000)
  to   space 5120K, 0% used [0x00000000ecb80000,0x00000000ecb80000,0x00000000ed080000)
 ParOldGen       total 87552K, used 0K [0x00000000c0000000, 0x00000000c5580000, 0x00000000eab00000)
  object space 87552K, 0% used [0x00000000c0000000,0x00000000c0000000,0x00000000c5580000)
 Metaspace       used 5996K, capacity 6896K, committed 7040K, reserved 1056768K
  class space    used 587K, capacity 616K, committed 640K, reserved 1048576K
Event: 2.447 GC heap after
Heap after GC invocations=1 (full 0):
 PSYoungGen      total 38400K, used 5093K [0x00000000eab00000, 0x00000000ef600000, 0x0000000100000000)
  eden space 33280K, 0% used [0x00000000eab00000,0x00000000eab00000,0x00000000ecb80000)
  from space 5120K, 99% used [0x00000000ecb80000,0x00000000ed079640,0x00000000ed080000)
  to   space 5120K, 0% used [0x00000000ef100000,0x00000000ef100000,0x00000000ef600000)
 ParOldGen       total 87552K, used 1196K [0x00000000c0000000, 0x00000000c5580000, 0x00000000eab00000)
  object space 87552K, 1% used [0x00000000c0000000,0x00000000c012b290,0x00000000c5580000)
 Metaspace       used 5996K, capacity 6896K, committed 7040K, reserved 1056768K
  class space    used 587K, capacity 616K, committed 640K, reserved 1048576K
}
Event: 2.860 GC heap before
{Heap before GC invocations=2 (full 0):
 PSYoungGen      total 38400K, used 38373K [0x00000000eab00000, 0x00000000ef600000, 0x0000000100000000)
  eden space 33280K, 100% used [0x00000000eab00000,0x00000000ecb80000,0x00000000ecb80000)
  from space 5120K, 99% used [0x00000000ecb80000,0x00000000ed079640,0x00000000ed080000)
  to   space 5120K, 0% used [0x00000000ef100000,0x00000000ef100000,0x00000000ef600000)
 ParOldGen       total 87552K, used 1196K [0x00000000c0000000, 0x00000000c5580000, 0x00000000eab00000)
  object space 87552K, 1% used [0x00000000c0000000,0x00000000c012b290,0x00000000c5580000)
 Metaspace       used 6185K, capacity 7024K, committed 7296K, reserved 1056768K
  class space    used 588K, capacity 616K, committed 640K, reserved 1048576K
Event: 2.905 GC heap after
Heap after GC invocations=2 (full 0):
 PSYoungGen      total 71680K, used 5114K [0x00000000eab00000, 0x00000000ef600000, 0x0000000100000000)
  eden space 66560K, 0% used [0x00000000eab00000,0x00000000eab00000,0x00000000eec00000)
  from space 5120K, 99% used [0x00000000ef100000,0x00000000ef5feac8,0x00000000ef600000)
  to   space 5120K, 0% used [0x00000000eec00000,0x00000000eec00000,0x00000000ef100000)
 ParOldGen       total 87552K, used 5442K [0x00000000c0000000, 0x00000000c5580000, 0x00000000eab00000)
  object space 87552K, 6% used [0x00000000c0000000,0x00000000c05508c8,0x00000000c5580000)
 Metaspace       used 6185K, capacity 7024K, committed 7296K, reserved 1056768K
  class space    used 588K, capacity 616K, committed 640K, reserved 1048576K
}
Event: 3.816 GC heap before
{Heap before GC invocations=3 (full 0):
 PSYoungGen      total 71680K, used 71674K [0x00000000eab00000, 0x00000000ef600000, 0x0000000100000000)
  eden space 66560K, 100% used [0x00000000eab00000,0x00000000eec00000,0x00000000eec00000)
  from space 5120K, 99% used [0x00000000ef100000,0x00000000ef5feac8,0x00000000ef600000)
  to   space 5120K, 0% used [0x00000000eec00000,0x00000000eec00000,0x00000000ef100000)
 ParOldGen       total 87552K, used 5442K [0x00000000c0000000, 0x00000000c5580000, 0x00000000eab00000)
  object space 87552K, 6% used [0x00000000c0000000,0x00000000c05508c8,0x00000000c5580000)
 Metaspace       used 6288K, capacity 7088K, committed 7296K, reserved 1056768K
  class space    used 588K, capacity 616K, committed 640K, reserved 1048576K
Event: 3.912 GC heap after
Heap after GC invocations=3 (full 0):
 PSYoungGen      total 71680K, used 5104K [0x00000000eab00000, 0x00000000f3700000, 0x0000000100000000)
  eden space 66560K, 0% used [0x00000000eab00000,0x00000000eab00000,0x00000000eec00000)
  from space 5120K, 99% used [0x00000000eec00000,0x00000000ef0fc020,0x00000000ef100000)
  to   space 5120K, 0% used [0x00000000f3200000,0x00000000f3200000,0x00000000f3700000)
 ParOldGen       total 87552K, used 15554K [0x00000000c0000000, 0x00000000c5580000, 0x00000000eab00000)
  object space 87552K, 17% used [0x00000000c0000000,0x00000000c0f30800,0x00000000c5580000)
 Metaspace       used 6288K, capacity 7088K, committed 7296K, reserved 1056768K
  class space    used 588K, capacity 616K, committed 640K, reserved 1048576K
}

Deoptimization events (10 events):
Event: 3.277 Thread 0x0000000018292000 Uncommon trap: reason=class_check action=maybe_recompile pc=0x0000000003b2c564 method=com.android.dx.cf.code.BytecodeArray.parseInstruction(ILcom/android/dx/cf/code/BytecodeArray$Visitor;)I @ 2002
Event: 3.277 Thread 0x0000000018292000 Uncommon trap: reason=bimorphic action=maybe_recompile pc=0x0000000003b2ab18 method=com.android.dx.cf.code.BytecodeArray.parseInstruction(ILcom/android/dx/cf/code/BytecodeArray$Visitor;)I @ 2135
Event: 3.301 Thread 0x0000000018292000 Uncommon trap: reason=class_check action=maybe_recompile pc=0x00000000038e8610 method=java.util.HashMap.putVal(ILjava/lang/Object;Ljava/lang/Object;ZZ)Ljava/lang/Object; @ 203
Event: 3.301 Thread 0x0000000018292000 Uncommon trap: reason=bimorphic action=maybe_recompile pc=0x000000000374083c method=java.util.HashMap.getNode(ILjava/lang/Object;)Ljava/util/HashMap$Node; @ 126
Event: 3.301 Thread 0x0000000018292000 Uncommon trap: reason=bimorphic action=maybe_recompile pc=0x000000000374083c method=java.util.HashMap.getNode(ILjava/lang/Object;)Ljava/util/HashMap$Node; @ 126
Event: 3.301 Thread 0x0000000018292000 Uncommon trap: reason=bimorphic action=maybe_recompile pc=0x000000000374083c method=java.util.HashMap.getNode(ILjava/lang/Object;)Ljava/util/HashMap$Node; @ 126
Event: 3.301 Thread 0x0000000018292000 Uncommon trap: reason=bimorphic action=maybe_recompile pc=0x000000000374083c method=java.util.HashMap.getNode(ILjava/lang/Object;)Ljava/util/HashMap$Node; @ 126
Event: 3.301 Thread 0x0000000018292000 Uncommon trap: reason=bimorphic action=maybe_recompile pc=0x0000000003744028 method=java.util.HashMap.getNode(ILjava/lang/Object;)Ljava/util/HashMap$Node; @ 126
Event: 4.102 Thread 0x00000000182a3800 Uncommon trap: reason=unstable_if action=reinterpret pc=0x0000000003ae8cf8 method=com.android.dx.util.BitIntSet.has(I)Z @ 8
Event: 4.294 Thread 0x00000000182a7000 Uncommon trap: reason=unstable_if action=reinterpret pc=0x00000000039f5fcc method=com.android.dx.ssa.MoveParamCombiner$1.visitNonMoveInsn(Lcom/android/dx/ssa/NormalSsaInsn;)V @ 27

Classes redefined (0 events):
No events

Internal exceptions (4 events):
Event: 0.047 Thread 0x000000000338e000 Exception <a 'java/lang/NoSuchMethodError': Method sun.misc.Unsafe.defineClass(Ljava/lang/String;[BII)Ljava/lang/Class; name or signature does not match> (0x00000000eab07ca8) thrown at [D:\src\AOSP-openjdk-cygwin\jdk8u\hotspot\src\share\vm\prims\jni.cpp, 
Event: 0.047 Thread 0x000000000338e000 Exception <a 'java/lang/NoSuchMethodError': Method sun.misc.Unsafe.prefetchRead(Ljava/lang/Object;J)V name or signature does not match> (0x00000000eab07f90) thrown at [D:\src\AOSP-openjdk-cygwin\jdk8u\hotspot\src\share\vm\prims\jni.cpp, line 4011]
Event: 2.188 Thread 0x00000000182a3800 Implicit null exception at 0x0000000003788062 to 0x000000000378815a
Event: 2.845 Thread 0x000000000338e000 Implicit null exception at 0x0000000003a91e88 to 0x0000000003a920a1

Events (10 events):
Event: 3.816 Executing VM operation: ParallelGCFailedAllocation
Event: 3.912 Executing VM operation: ParallelGCFailedAllocation done
Event: 4.102 Thread 0x00000000182a3800 Uncommon trap: trap_request=0xffffff65 fr.pc=0x0000000003ae8cf8
Event: 4.102 Thread 0x00000000182a3800 DEOPT PACKING pc=0x0000000003ae8cf8 sp=0x00000000197be8f0
Event: 4.102 Thread 0x00000000182a3800 DEOPT UNPACKING pc=0x000000000351556a sp=0x00000000197be828 mode 2
Event: 4.294 Thread 0x00000000182a7000 Uncommon trap: trap_request=0xffffff65 fr.pc=0x00000000039f5fcc
Event: 4.294 Thread 0x00000000182a7000 DEOPT PACKING pc=0x00000000039f5fcc sp=0x00000000199be5e0
Event: 4.294 Thread 0x00000000182a7000 DEOPT UNPACKING pc=0x000000000351556a sp=0x00000000199be538 mode 2
Event: 4.342 Executing VM operation: EnableBiasedLocking
Event: 4.342 Executing VM operation: EnableBiasedLocking done


Dynamic libraries:
0x00007ff79f7c0000 - 0x00007ff79f7f1000 	C:\Program Files\Android\Android Studio\jre\bin\java.exe
0x00007fff70c00000 - 0x00007fff70de1000 	C:\WINDOWS\SYSTEM32\ntdll.dll
0x00007fff6e160000 - 0x00007fff6e212000 	C:\WINDOWS\System32\KERNEL32.DLL
0x00007fff6de10000 - 0x00007fff6e083000 	C:\WINDOWS\System32\KERNELBASE.dll
0x00007fff70910000 - 0x00007fff709b1000 	C:\WINDOWS\System32\ADVAPI32.dll
0x00007fff70020000 - 0x00007fff700be000 	C:\WINDOWS\System32\msvcrt.dll
0x00007fff6fe10000 - 0x00007fff6fe6b000 	C:\WINDOWS\System32\sechost.dll
0x00007fff704f0000 - 0x00007fff70614000 	C:\WINDOWS\System32\RPCRT4.dll
0x00007fff70a40000 - 0x00007fff70bd0000 	C:\WINDOWS\System32\USER32.dll
0x00007fff6d440000 - 0x00007fff6d460000 	C:\WINDOWS\System32\win32u.dll
0x00007fff6fb00000 - 0x00007fff6fb28000 	C:\WINDOWS\System32\GDI32.dll
0x00007fff6d180000 - 0x00007fff6d312000 	C:\WINDOWS\System32\gdi32full.dll
0x00007fff6d3a0000 - 0x00007fff6d43f000 	C:\WINDOWS\System32\msvcp_win.dll
0x00007fff6cfd0000 - 0x00007fff6d0ca000 	C:\WINDOWS\System32\ucrtbase.dll
0x00007fff62cb0000 - 0x00007fff62f19000 	C:\WINDOWS\WinSxS\amd64_microsoft.windows.common-controls_6595b64144ccf1df_6.0.17134.112_none_fb3f961b30681c12\COMCTL32.dll
0x00007fff701c0000 - 0x00007fff704e3000 	C:\WINDOWS\System32\combase.dll
0x00007fff6d320000 - 0x00007fff6d39a000 	C:\WINDOWS\System32\bcryptPrimitives.dll
0x00007fff6fad0000 - 0x00007fff6fafd000 	C:\WINDOWS\System32\IMM32.DLL
0x0000000060e80000 - 0x0000000060f52000 	C:\Program Files\Android\Android Studio\jre\jre\bin\msvcr100.dll
0x0000000061040000 - 0x000000006187e000 	C:\Program Files\Android\Android Studio\jre\jre\bin\server\jvm.dll
0x00007fff707a0000 - 0x00007fff707a8000 	C:\WINDOWS\System32\PSAPI.DLL
0x00007fff6b340000 - 0x00007fff6b363000 	C:\WINDOWS\SYSTEM32\WINMM.dll
0x00007fff68eb0000 - 0x00007fff68eba000 	C:\WINDOWS\SYSTEM32\VERSION.dll
0x00007fff59bd0000 - 0x00007fff59bd9000 	C:\WINDOWS\SYSTEM32\WSOCK32.dll
0x00007fff6b310000 - 0x00007fff6b33a000 	C:\WINDOWS\SYSTEM32\winmmbase.dll
0x00007fff6d460000 - 0x00007fff6d4a9000 	C:\WINDOWS\System32\cfgmgr32.dll
0x00007fff6fb30000 - 0x00007fff6fb9c000 	C:\WINDOWS\System32\ws2_32.DLL
0x00007fff5ede0000 - 0x00007fff5edef000 	C:\Program Files\Android\Android Studio\jre\jre\bin\verify.dll
0x00007fff5edb0000 - 0x00007fff5edd9000 	C:\Program Files\Android\Android Studio\jre\jre\bin\java.dll
0x00007fff5ed90000 - 0x00007fff5eda6000 	C:\Program Files\Android\Android Studio\jre\jre\bin\zip.dll
0x00007fff6e690000 - 0x00007fff6fad0000 	C:\WINDOWS\System32\SHELL32.dll
0x00007fff70620000 - 0x00007fff706c9000 	C:\WINDOWS\System32\shcore.dll
0x00007fff6d700000 - 0x00007fff6de0d000 	C:\WINDOWS\System32\windows.storage.dll
0x00007fff6e0a0000 - 0x00007fff6e0f1000 	C:\WINDOWS\System32\shlwapi.dll
0x00007fff6cfb0000 - 0x00007fff6cfc1000 	C:\WINDOWS\System32\kernel.appcore.dll
0x00007fff6cf40000 - 0x00007fff6cf5f000 	C:\WINDOWS\System32\profapi.dll
0x00007fff6cf60000 - 0x00007fff6cfac000 	C:\WINDOWS\System32\powrprof.dll
0x00007fff6cf30000 - 0x00007fff6cf3a000 	C:\WINDOWS\System32\FLTLIB.DLL

VM Arguments:
jvm_args: -Djava.awt.headless=true -Xmx1024M -Dfile.encoding=windows-1252 -Duser.country=ID -Duser.language=en -Duser.variant 
java_command: com.android.dx.command.Main --dex --num-threads=4 --output D:\AndroidLibrary\perisaiV_1.0.1\app\build\intermediates\pre-dexed\debug\com.google.android.gms-play-services-base-11.0.1_737ae2c1564d9b102b19cf8980bc8487ed3d4e15.jar D:\AndroidLibrary\perisaiV_1.0.1\app\build\intermediates\exploded-aar\com.google.android.gms\play-services-base\11.0.1\jars\classes.jar
java_class_path (initial): C:\Users\Ryan\AppData\Local\Android\sdk\build-tools\25.0.1\lib\dx.jar
Launcher Type: SUN_STANDARD

Environment Variables:
PATH=C:\Program Files (x86)\Intel\iCLS Client\;C:\Program Files\Intel\iCLS Client\;C:\Windows\system32;C:\Windows;C:\Windows\System32\Wbem;C:\Windows\System32\WindowsPowerShell\v1.0\;C:\Program Files (x86)\NVIDIA Corporation\PhysX\Common;C:\Program Files (x86)\Intel\Intel(R) Management Engine Components\DAL;C:\Program Files\Intel\Intel(R) Management Engine Components\DAL;C:\Program Files (x86)\Intel\Intel(R) Management Engine Components\IPT;C:\Program Files\Intel\Intel(R) Management Engine Components\IPT;C:\Program Files\Intel\WiFi\bin\;C:\Program Files\Common Files\Intel\WirelessCommon\;C:\Program Files\dotnet\;%SystemRoot%\system32;%SystemRoot%;%SystemRoot%\System32\Wbem;%SYSTEMROOT%\System32\WindowsPowerShell\v1.0\;%SYSTEMROOT%\System32\OpenSSH\;C:\Users\Ryan\AppData\Local\Microsoft\WindowsApps;C:\Program Files\Intel\WiFi\bin\;C:\Program Files\Common Files\Intel\WirelessCommon\;
USERNAME=Ryan
OS=Windows_NT
PROCESSOR_IDENTIFIER=Intel64 Family 6 Model 158 Stepping 9, GenuineIntel



---------------  S Y S T E M  ---------------

OS: Windows 10.0 , 64 bit Build 17134 (10.0.17134.1)

CPU:total 8 (initial active 8) (4 cores per cpu, 2 threads per core) family 6 model 158 stepping 9, cmov, cx8, fxsr, mmx, sse, sse2, sse3, ssse3, sse4.1, sse4.2, popcnt, avx, avx2, aes, clmul, erms, 3dnowpref, lzcnt, ht, tsc, tscinvbit, bmi1, bmi2, adx

Memory: 4k page, physical 8304332k(450944k free), swap 16496332k(2304k free)

vm_info: OpenJDK 64-Bit Server VM (25.152-b01) for windows-amd64 JRE (1.8.0_152-release-915-b01), built by "builder" with MS VC++ 10.0 (VS2010)

time: Mon Jun 25 12:32:08 2018
elapsed time: 4 seconds (0d 0h 0m 4s)

