#
# There is insufficient memory for the Java Runtime Environment to continue.
# Native memory allocation (malloc) failed to allocate 558336 bytes for Chunk::new
# Possible reasons:
#   The system is out of physical RAM or swap space
#   In 32 bit mode, the process size limit was hit
# Possible solutions:
#   Reduce memory load on the system
#   Increase physical memory or swap space
#   Check if swap backing store is full
#   Use 64 bit Java on a 64 bit OS
#   Decrease Java heap size (-Xmx/-Xms)
#   Decrease number of Java threads
#   Decrease Java thread stack sizes (-Xss)
#   Set larger code cache with -XX:ReservedCodeCacheSize=
# This output file may be truncated or incomplete.
#
#  Out of Memory Error (allocation.cpp:390), pid=2908, tid=0x0000000000003c80
#
# JRE version: OpenJDK Runtime Environment (8.0_152-b01) (build 1.8.0_152-release-915-b01)
# Java VM: OpenJDK 64-Bit Server VM (25.152-b01 mixed mode windows-amd64 compressed oops)
# Failed to write core dump. Minidumps are not enabled by default on client versions of Windows
#

---------------  T H R E A D  ---------------

Current thread (0x000000001747a000):  JavaThread "C2 CompilerThread0" daemon [_thread_in_native, id=15488, stack(0x0000000017c40000,0x0000000017d40000)]

Stack: [0x0000000017c40000,0x0000000017d40000]
[error occurred during error reporting (printing stack bounds), id 0xc0000005]

Native frames: (J=compiled Java code, j=interpreted, Vv=VM code, C=native code)


Current CompileTask:
C2:   1103 1230       4       com.android.dx.ssa.SCCP::simulatePhi (169 bytes)


---------------  P R O C E S S  ---------------

Java Threads: ( => current thread )
  0x0000000017745800 JavaThread "pool-1-thread-4" [_thread_in_Java, id=5760, stack(0x0000000018640000,0x0000000018740000)]
  0x00000000177c7000 JavaThread "pool-1-thread-3" [_thread_blocked, id=13884, stack(0x0000000018540000,0x0000000018640000)]
  0x000000001772e800 JavaThread "pool-1-thread-2" [_thread_blocked, id=16228, stack(0x0000000018440000,0x0000000018540000)]
  0x000000001778f800 JavaThread "pool-2-thread-1" [_thread_blocked, id=12756, stack(0x0000000018340000,0x0000000018440000)]
  0x000000001778f000 JavaThread "pool-1-thread-1" [_thread_in_Java, id=11632, stack(0x0000000018240000,0x0000000018340000)]
  0x00000000174a1000 JavaThread "Service Thread" daemon [_thread_blocked, id=6752, stack(0x0000000018040000,0x0000000018140000)]
  0x000000001748c800 JavaThread "C1 CompilerThread3" daemon [_thread_in_vm, id=11596, stack(0x0000000017f40000,0x0000000018040000)]
  0x0000000017482800 JavaThread "C2 CompilerThread2" daemon [_thread_in_native, id=9404, stack(0x0000000017e40000,0x0000000017f40000)]
  0x000000001747c000 JavaThread "C2 CompilerThread1" daemon [_thread_in_native, id=12172, stack(0x0000000017d40000,0x0000000017e40000)]
=>0x000000001747a000 JavaThread "C2 CompilerThread0" daemon [_thread_in_native, id=15488, stack(0x0000000017c40000,0x0000000017d40000)]
  0x0000000017479000 JavaThread "Attach Listener" daemon [_thread_blocked, id=8436, stack(0x0000000017b40000,0x0000000017c40000)]
  0x0000000017476000 JavaThread "Signal Dispatcher" daemon [_thread_blocked, id=15988, stack(0x0000000017a40000,0x0000000017b40000)]
  0x0000000017470800 JavaThread "Finalizer" daemon [_thread_blocked, id=16112, stack(0x0000000017850000,0x0000000017950000)]
  0x0000000002a28000 JavaThread "Reference Handler" daemon [_thread_blocked, id=5808, stack(0x0000000017350000,0x0000000017450000)]
  0x000000000292e000 JavaThread "main" [_thread_blocked, id=9548, stack(0x0000000002790000,0x0000000002890000)]

Other Threads:
  0x0000000015544800 VMThread [stack: 0x0000000017250000,0x0000000017350000] [id=680]
  0x00000000174a1800 WatcherThread [stack: 0x0000000018140000,0x0000000018240000] [id=15448]

VM state:not at safepoint (normal execution)

VM Mutex/Monitor currently owned by a thread: None

Heap:
 PSYoungGen      total 38400K, used 14444K [0x00000000eab00000, 0x00000000ef600000, 0x0000000100000000)
  eden space 33280K, 28% used [0x00000000eab00000,0x00000000eb41d350,0x00000000ecb80000)
  from space 5120K, 99% used [0x00000000ecb80000,0x00000000ed07e018,0x00000000ed080000)
  to   space 5120K, 0% used [0x00000000ef100000,0x00000000ef100000,0x00000000ef600000)
 ParOldGen       total 87552K, used 1659K [0x00000000c0000000, 0x00000000c5580000, 0x00000000eab00000)
  object space 87552K, 1% used [0x00000000c0000000,0x00000000c019ecf0,0x00000000c5580000)
 Metaspace       used 6096K, capacity 6960K, committed 7040K, reserved 1056768K
  class space    used 590K, capacity 616K, committed 640K, reserved 1048576K

Card table byte_map: [0x0000000011df0000,0x0000000012000000] byte_map_base: 0x00000000117f0000

Marking Bits: (ParMarkBitMap*) 0x0000000061c63950
 Begin Bits: [0x0000000012960000, 0x0000000013960000)
 End Bits:   [0x0000000013960000, 0x0000000014960000)

Polling page: 0x00000000005f0000

CodeCache: size=245760Kb used=5242Kb max_used=5242Kb free=240517Kb
 bounds [0x0000000002a30000, 0x0000000002f60000, 0x0000000011a30000]
 total_blobs=1549 nmethods=1278 adapters=185
 compilation: enabled

Compilation events (10 events):
Event: 1.087 Thread 0x000000001748c800 1287       3       com.android.dx.ssa.SsaMethod::makeExitBlock (134 bytes)
Event: 1.088 Thread 0x000000001748c800 nmethod 1287 0x0000000002f4bf10 code [0x0000000002f4c180, 0x0000000002f4d0c8]
Event: 1.089 Thread 0x000000001748c800 1288       3       com.android.dx.ssa.back.FirstFitLocalCombiningAllocator::handleLocalAssociatedParams (132 bytes)
Event: 1.090 Thread 0x000000001748c800 nmethod 1288 0x0000000002f4d990 code [0x0000000002f4dc20, 0x0000000002f4eb88]
Event: 1.090 Thread 0x000000001748c800 1289       3       com.android.dx.rop.code.InsnList::contentEquals (54 bytes)
Event: 1.091 Thread 0x000000001748c800 nmethod 1289 0x0000000002f4f450 code [0x0000000002f4f620, 0x0000000002f500c8]
Event: 1.092 Thread 0x000000001748c800 1291       3       com.android.dx.cf.code.BasicBlocker::getBlockList (208 bytes)
Event: 1.094 Thread 0x000000001748c800 nmethod 1291 0x0000000002f50410 code [0x0000000002f50680, 0x0000000002f518c8]
Event: 1.101 Thread 0x000000001748c800 1293       3       com.android.dx.ssa.SsaMethod::getCountReachableBlocks (44 bytes)
Event: 1.101 Thread 0x000000001748c800 nmethod 1293 0x0000000002f52350 code [0x0000000002f52520, 0x0000000002f52d38]

GC Heap History (2 events):
Event: 0.870 GC heap before
{Heap before GC invocations=1 (full 0):
 PSYoungGen      total 38400K, used 33280K [0x00000000eab00000, 0x00000000ed580000, 0x0000000100000000)
  eden space 33280K, 100% used [0x00000000eab00000,0x00000000ecb80000,0x00000000ecb80000)
  from space 5120K, 0% used [0x00000000ed080000,0x00000000ed080000,0x00000000ed580000)
  to   space 5120K, 0% used [0x00000000ecb80000,0x00000000ecb80000,0x00000000ed080000)
 ParOldGen       total 87552K, used 0K [0x00000000c0000000, 0x00000000c5580000, 0x00000000eab00000)
  object space 87552K, 0% used [0x00000000c0000000,0x00000000c0000000,0x00000000c5580000)
 Metaspace       used 6040K, capacity 6896K, committed 7040K, reserved 1056768K
  class space    used 590K, capacity 616K, committed 640K, reserved 1048576K
Event: 0.948 GC heap after
Heap after GC invocations=1 (full 0):
 PSYoungGen      total 38400K, used 5112K [0x00000000eab00000, 0x00000000ef600000, 0x0000000100000000)
  eden space 33280K, 0% used [0x00000000eab00000,0x00000000eab00000,0x00000000ecb80000)
  from space 5120K, 99% used [0x00000000ecb80000,0x00000000ed07e018,0x00000000ed080000)
  to   space 5120K, 0% used [0x00000000ef100000,0x00000000ef100000,0x00000000ef600000)
 ParOldGen       total 87552K, used 1659K [0x00000000c0000000, 0x00000000c5580000, 0x00000000eab00000)
  object space 87552K, 1% used [0x00000000c0000000,0x00000000c019ecf0,0x00000000c5580000)
 Metaspace       used 6040K, capacity 6896K, committed 7040K, reserved 1056768K
  class space    used 590K, capacity 616K, committed 640K, reserved 1048576K
}

Deoptimization events (9 events):
Event: 0.383 Thread 0x000000001778f000 Uncommon trap: reason=unstable_if action=reinterpret pc=0x0000000002c35c5c method=java.util.HashMap.getNode(ILjava/lang/Object;)Ljava/util/HashMap$Node; @ 129
Event: 0.491 Thread 0x00000000177c7000 Uncommon trap: reason=class_check action=maybe_recompile pc=0x0000000002c67d70 method=com.android.dx.ssa.NormalSsaInsn.accept(Lcom/android/dx/ssa/SsaInsn$Visitor;)V @ 9
Event: 0.493 Thread 0x00000000177c7000 Uncommon trap: reason=class_check action=maybe_recompile pc=0x0000000002c67d70 method=com.android.dx.ssa.NormalSsaInsn.accept(Lcom/android/dx/ssa/SsaInsn$Visitor;)V @ 9
Event: 0.493 Thread 0x00000000177c7000 Uncommon trap: reason=class_check action=maybe_recompile pc=0x0000000002c67d70 method=com.android.dx.ssa.NormalSsaInsn.accept(Lcom/android/dx/ssa/SsaInsn$Visitor;)V @ 9
Event: 0.494 Thread 0x00000000177c7000 Uncommon trap: reason=class_check action=maybe_recompile pc=0x0000000002c67d70 method=com.android.dx.ssa.NormalSsaInsn.accept(Lcom/android/dx/ssa/SsaInsn$Visitor;)V @ 9
Event: 0.588 Thread 0x0000000017745800 Uncommon trap: reason=unstable_if action=reinterpret pc=0x0000000002c46af4 method=java.util.BitSet.ensureCapacity(I)V @ 6
Event: 0.654 Thread 0x000000001778f000 Uncommon trap: reason=class_check action=maybe_recompile pc=0x0000000002d1cbdc method=com.android.dx.ssa.NormalSsaInsn.accept(Lcom/android/dx/ssa/SsaInsn$Visitor;)V @ 9
Event: 0.713 Thread 0x000000001778f000 Uncommon trap: reason=null_check action=make_not_entrant pc=0x0000000002caf728 method=com.android.dx.rop.type.Type.equals(Ljava/lang/Object;)Z @ 8
Event: 0.981 Thread 0x0000000017745800 Uncommon trap: reason=null_check action=make_not_entrant pc=0x0000000002d8a700 method=com.android.dx.ssa.SsaRenamer.getLocalForNewReg(I)Lcom/android/dx/rop/code/LocalItem; @ 19

Classes redefined (0 events):
No events

Internal exceptions (4 events):
Event: 0.026 Thread 0x000000000292e000 Exception <a 'java/lang/NoSuchMethodError': Method sun.misc.Unsafe.defineClass(Ljava/lang/String;[BII)Ljava/lang/Class; name or signature does not match> (0x00000000eab07ca8) thrown at [D:\src\AOSP-openjdk-cygwin\jdk8u\hotspot\src\share\vm\prims\jni.cpp, 
Event: 0.026 Thread 0x000000000292e000 Exception <a 'java/lang/NoSuchMethodError': Method sun.misc.Unsafe.prefetchRead(Ljava/lang/Object;J)V name or signature does not match> (0x00000000eab07f90) thrown at [D:\src\AOSP-openjdk-cygwin\jdk8u\hotspot\src\share\vm\prims\jni.cpp, line 4011]
Event: 0.713 Thread 0x000000001778f000 Implicit null exception at 0x0000000002caf622 to 0x0000000002caf71a
Event: 0.981 Thread 0x0000000017745800 Implicit null exception at 0x0000000002d89103 to 0x0000000002d8a6cd

Events (10 events):
Event: 0.713 Thread 0x000000001778f000 DEOPT UNPACKING pc=0x0000000002a7556a sp=0x000000001833e1a8 mode 2
Event: 0.772 Executing VM operation: ForceSafepoint
Event: 0.819 Executing VM operation: ForceSafepoint done
Event: 0.854 Executing VM operation: ParallelGCFailedAllocation
Event: 0.948 Executing VM operation: ParallelGCFailedAllocation done
Event: 0.981 Thread 0x0000000017745800 Uncommon trap: trap_request=0xfffffff4 fr.pc=0x0000000002d8a700
Event: 0.981 Thread 0x0000000017745800 DEOPT PACKING pc=0x0000000002d8a700 sp=0x000000001873ebc0
Event: 0.981 Thread 0x0000000017745800 DEOPT UNPACKING pc=0x0000000002a7556a sp=0x000000001873ea18 mode 2
Event: 0.987 Thread 0x000000001778f000 DEOPT PACKING pc=0x0000000002d7943c sp=0x000000001833e600
Event: 0.987 Thread 0x000000001778f000 DEOPT UNPACKING pc=0x0000000002a775bf sp=0x000000001833e3d0 mode 0


Dynamic libraries:
0x00007ff6b8c40000 - 0x00007ff6b8c71000 	C:\Program Files\Android\Android Studio\jre\bin\java.exe
0x00007ffd49e10000 - 0x00007ffd49ff1000 	C:\WINDOWS\SYSTEM32\ntdll.dll
0x00007ffd47bd0000 - 0x00007ffd47c82000 	C:\WINDOWS\System32\KERNEL32.DLL
0x00007ffd46360000 - 0x00007ffd465d3000 	C:\WINDOWS\System32\KERNELBASE.dll
0x00007ffd48580000 - 0x00007ffd48621000 	C:\WINDOWS\System32\ADVAPI32.dll
0x00007ffd47420000 - 0x00007ffd474be000 	C:\WINDOWS\System32\msvcrt.dll
0x00007ffd472a0000 - 0x00007ffd472fb000 	C:\WINDOWS\System32\sechost.dll
0x00007ffd487d0000 - 0x00007ffd488f4000 	C:\WINDOWS\System32\RPCRT4.dll
0x00007ffd47a40000 - 0x00007ffd47bd0000 	C:\WINDOWS\System32\USER32.dll
0x00007ffd467e0000 - 0x00007ffd46800000 	C:\WINDOWS\System32\win32u.dll
0x00007ffd48550000 - 0x00007ffd48578000 	C:\WINDOWS\System32\GDI32.dll
0x00007ffd465e0000 - 0x00007ffd46772000 	C:\WINDOWS\System32\gdi32full.dll
0x00007ffd47100000 - 0x00007ffd4719f000 	C:\WINDOWS\System32\msvcp_win.dll
0x00007ffd461e0000 - 0x00007ffd462da000 	C:\WINDOWS\System32\ucrtbase.dll
0x00007ffd3c220000 - 0x00007ffd3c489000 	C:\WINDOWS\WinSxS\amd64_microsoft.windows.common-controls_6595b64144ccf1df_6.0.17134.48_none_b4b2216a3cb4dd3e\COMCTL32.dll
0x00007ffd47710000 - 0x00007ffd47a33000 	C:\WINDOWS\System32\combase.dll
0x00007ffd462e0000 - 0x00007ffd4635a000 	C:\WINDOWS\System32\bcryptPrimitives.dll
0x00007ffd47320000 - 0x00007ffd4734d000 	C:\WINDOWS\System32\IMM32.DLL
0x00000000612e0000 - 0x00000000613b2000 	C:\Program Files\Android\Android Studio\jre\jre\bin\msvcr100.dll
0x00000000614a0000 - 0x0000000061cde000 	C:\Program Files\Android\Android Studio\jre\jre\bin\server\jvm.dll
0x00007ffd481c0000 - 0x00007ffd481c8000 	C:\WINDOWS\System32\PSAPI.DLL
0x00007ffd2ef90000 - 0x00007ffd2ef99000 	C:\WINDOWS\SYSTEM32\WSOCK32.dll
0x00007ffd442d0000 - 0x00007ffd442f3000 	C:\WINDOWS\SYSTEM32\WINMM.dll
0x00007ffd3f090000 - 0x00007ffd3f09a000 	C:\WINDOWS\SYSTEM32\VERSION.dll
0x00007ffd48140000 - 0x00007ffd481ac000 	C:\WINDOWS\System32\WS2_32.dll
0x00007ffd442a0000 - 0x00007ffd442ca000 	C:\WINDOWS\SYSTEM32\WINMMBASE.dll
0x00007ffd471a0000 - 0x00007ffd471e9000 	C:\WINDOWS\System32\cfgmgr32.dll
0x00007ffd3eb00000 - 0x00007ffd3eb0f000 	C:\Program Files\Android\Android Studio\jre\jre\bin\verify.dll
0x00007ffd3c560000 - 0x00007ffd3c589000 	C:\Program Files\Android\Android Studio\jre\jre\bin\java.dll
0x00007ffd3c180000 - 0x00007ffd3c196000 	C:\Program Files\Android\Android Studio\jre\jre\bin\zip.dll
0x00007ffd489a0000 - 0x00007ffd49de0000 	C:\WINDOWS\System32\SHELL32.dll
0x00007ffd48630000 - 0x00007ffd486d9000 	C:\WINDOWS\System32\shcore.dll
0x00007ffd46800000 - 0x00007ffd46f0d000 	C:\WINDOWS\System32\windows.storage.dll
0x00007ffd480e0000 - 0x00007ffd48131000 	C:\WINDOWS\System32\shlwapi.dll
0x00007ffd46140000 - 0x00007ffd46151000 	C:\WINDOWS\System32\kernel.appcore.dll
0x00007ffd46160000 - 0x00007ffd4617f000 	C:\WINDOWS\System32\profapi.dll
0x00007ffd46180000 - 0x00007ffd461cc000 	C:\WINDOWS\System32\powrprof.dll
0x00007ffd461d0000 - 0x00007ffd461da000 	C:\WINDOWS\System32\FLTLIB.DLL

VM Arguments:
jvm_args: -Djava.awt.headless=true -Xmx1024M -Dfile.encoding=windows-1252 -Duser.country=ID -Duser.language=en -Duser.variant 
java_command: com.android.dx.command.Main --dex --num-threads=4 --output D:\AndroidLibrary\perisaiV_1.0.0\app\build\intermediates\pre-dexed\debug\com.crashlytics.sdk.android-crashlytics-core-2.3.10_1a5c9a450a9dfc820596ab53ea890ccb43ad8a19.jar D:\AndroidLibrary\perisaiV_1.0.0\app\build\intermediates\exploded-aar\com.crashlytics.sdk.android\crashlytics-core\2.3.10\jars\classes.jar
java_class_path (initial): C:\Users\Ryan\AppData\Local\Android\sdk\build-tools\25.0.1\lib\dx.jar
Launcher Type: SUN_STANDARD

Environment Variables:
PATH=C:\Program Files (x86)\Intel\iCLS Client\;C:\Program Files\Intel\iCLS Client\;C:\Windows\system32;C:\Windows;C:\Windows\System32\Wbem;C:\Windows\System32\WindowsPowerShell\v1.0\;C:\Program Files (x86)\NVIDIA Corporation\PhysX\Common;C:\Program Files (x86)\Intel\Intel(R) Management Engine Components\DAL;C:\Program Files\Intel\Intel(R) Management Engine Components\DAL;C:\Program Files (x86)\Intel\Intel(R) Management Engine Components\IPT;C:\Program Files\Intel\Intel(R) Management Engine Components\IPT;C:\Program Files\Intel\WiFi\bin\;C:\Program Files\Common Files\Intel\WirelessCommon\;C:\Program Files\dotnet\;%SystemRoot%\system32;%SystemRoot%;%SystemRoot%\System32\Wbem;%SYSTEMROOT%\System32\WindowsPowerShell\v1.0\;%SYSTEMROOT%\System32\OpenSSH\;C:\Users\Ryan\AppData\Local\Microsoft\WindowsApps;C:\Program Files\Intel\WiFi\bin\;C:\Program Files\Common Files\Intel\WirelessCommon\;
USERNAME=Ryan
OS=Windows_NT
PROCESSOR_IDENTIFIER=Intel64 Family 6 Model 158 Stepping 9, GenuineIntel



---------------  S Y S T E M  ---------------

OS: Windows 10.0 , 64 bit Build 17134 (10.0.17134.1)

CPU:total 8 (initial active 8) (4 cores per cpu, 2 threads per core) family 6 model 158 stepping 9, cmov, cx8, fxsr, mmx, sse, sse2, sse3, ssse3, sse4.1, sse4.2, popcnt, avx, avx2, aes, clmul, erms, 3dnowpref, lzcnt, ht, tsc, tscinvbit, bmi1, bmi2, adx

Memory: 4k page, physical 8304332k(636020k free), swap 16496332k(4748k free)

vm_info: OpenJDK 64-Bit Server VM (25.152-b01) for windows-amd64 JRE (1.8.0_152-release-915-b01), built by "builder" with MS VC++ 10.0 (VS2010)

time: Mon May 28 14:35:45 2018
elapsed time: 1 seconds (0d 0h 0m 1s)

