#
# A fatal error has been detected by the Java Runtime Environment:
#
#  EXCEPTION_ACCESS_VIOLATION (0xc0000005) at pc=0x000000006168c5f7, pid=1940, tid=0x00000000000024ac
#
# JRE version: OpenJDK Runtime Environment (8.0_152-b01) (build 1.8.0_152-release-915-b01)
# Java VM: OpenJDK 64-Bit Server VM (25.152-b01 mixed mode windows-amd64 compressed oops)
# Problematic frame:
# V  [jvm.dll+0x1ec5f7]
#
# Failed to write core dump. Minidumps are not enabled by default on client versions of Windows
#
# If you would like to submit a bug report, please visit:
#   http://bugreport.java.com/bugreport/crash.jsp
#

---------------  T H R E A D  ---------------

Current thread (0x0000000017f62000):  JavaThread "pool-1-thread-1" [_thread_in_vm, id=9388, stack(0x0000000018b60000,0x0000000018c60000)]

siginfo: ExceptionCode=0xc0000005, writing address 0x0000000018c5a6e0

Registers:
RAX=0x0000000018c5a6e0, RBX=0x0000000000000006, RCX=0x0000000000005000, RDX=0x0000000000000006
RSP=0x0000000018c5f6e0, RBP=0x0000000000000000, RSI=0x0000000018c5f6e0, RDI=0x0000000000000006
R8 =0x0000000000000006, R9 =0x0000000017f64530, R10=0x00000000154cd9a0, R11=0x0000000018b6a148
R12=0x0000000017f64530, R13=0x0000000017f62000, R14=0x0000000018c5f7a8, R15=0x00000000154cd9a0
RIP=0x000000006168c5f7, EFLAGS=0x0000000000010202

Top of Stack: (sp=0x0000000018c5f6e0)
0x0000000018c5f6e0:   0000000000000000 0000000000000000
0x0000000018c5f6f0:   0000000017f62000 0000000017f64530
0x0000000018c5f700:   00000000ffffffff 000000006168d527
0x0000000018c5f710:   0000000018c5f810 00000000154cd9a0
0x0000000018c5f720:   0000000017f62000 000000006153b2d3
0x0000000018c5f730:   0000000018c5f770 0000000017f62000
0x0000000018c5f740:   0000000018c5f800 0000000017f62000
0x0000000018c5f750:   00000000154cd9a0 0000000017f62000
0x0000000018c5f760:   0000000003382f40 0000000017f62000
0x0000000018c5f770:   00000000154cd9a0 0000000017f62000
0x0000000018c5f780:   00000000154cd9a0 0000000017f62000
0x0000000018c5f790:   0000000000000001 00000000154cd9a0
0x0000000018c5f7a0:   0000000017f62000 0000000015e9dd70
0x0000000018c5f7b0:   0000000017f62000 000000006153c7bd
0x0000000018c5f7c0:   0000000018c5fac8 00000001000066b0
0x0000000018c5f7d0:   00000001000066b0 00007ffd49e8313b 

Instructions: (pc=0x000000006168c5f7)
0x000000006168c5d7:   48 89 6c 24 30 33 ed 66 90 e8 ab bf 07 00 ff c3
0x000000006168c5e7:   48 63 c8 48 8b c6 48 0f af cf 48 ff c7 48 2b c1
0x000000006168c5f7:   89 28 48 63 c3 48 3b 05 a5 3f 57 00 7e db 48 8b
0x000000006168c607:   6c 24 30 48 8b 5c 24 38 48 8b 74 24 40 48 83 c4 


Register to memory mapping:

RAX=0x0000000018c5a6e0 is pointing into the stack for thread: 0x0000000017f62000
RBX=0x0000000000000006 is an unknown value
RCX=0x0000000000005000 is an unknown value
RDX=0x0000000000000006 is an unknown value
RSP=0x0000000018c5f6e0 is pointing into the stack for thread: 0x0000000017f62000
RBP=0x0000000000000000 is an unknown value
RSI=0x0000000018c5f6e0 is pointing into the stack for thread: 0x0000000017f62000
RDI=0x0000000000000006 is an unknown value
R8 =0x0000000000000006 is an unknown value
R9 =0x0000000017f64530 is an unknown value
R10={method} {0x00000000154cd9a8} 'run' '()V' in 'java/lang/Thread'
R11=0x0000000018b6a148 is pointing into the stack for thread: 0x0000000017f62000
R12=0x0000000017f64530 is an unknown value
R13=0x0000000017f62000 is a thread
R14=0x0000000018c5f7a8 is pointing into the stack for thread: 0x0000000017f62000
R15={method} {0x00000000154cd9a8} 'run' '()V' in 'java/lang/Thread'


Stack: [0x0000000018b60000,0x0000000018c60000],  sp=0x0000000018c5f6e0,  free space=1021k
Native frames: (J=compiled Java code, j=interpreted, Vv=VM code, C=native code)


---------------  P R O C E S S  ---------------

Java Threads: ( => current thread )
  0x0000000017f80800 JavaThread "pool-1-thread-4" [_thread_in_Java, id=10052, stack(0x0000000018f60000,0x0000000019060000)]
  0x0000000017f7e000 JavaThread "pool-1-thread-3" [_thread_in_Java, id=4936, stack(0x0000000018e60000,0x0000000018f60000)]
  0x0000000017f7b800 JavaThread "pool-1-thread-2" [_thread_in_Java, id=12964, stack(0x0000000018d60000,0x0000000018e60000)]
  0x0000000017f67000 JavaThread "pool-2-thread-1" [_thread_in_vm, id=8284, stack(0x0000000018c60000,0x0000000018d60000)]
=>0x0000000017f62000 JavaThread "pool-1-thread-1" [_thread_in_vm, id=9388, stack(0x0000000018b60000,0x0000000018c60000)]
  0x0000000017e39800 JavaThread "Service Thread" daemon [_thread_blocked, id=9308, stack(0x0000000018960000,0x0000000018a60000)]
  0x0000000015e9e000 JavaThread "C1 CompilerThread3" daemon [_thread_in_native, id=15884, stack(0x0000000018860000,0x0000000018960000)]
  0x0000000017da2000 JavaThread "C2 CompilerThread2" daemon [_thread_in_vm, id=15240, stack(0x0000000018760000,0x0000000018860000)]
  0x0000000017d9c800 JavaThread "C2 CompilerThread1" daemon [_thread_in_native, id=4324, stack(0x0000000018660000,0x0000000018760000)]
  0x0000000017d99800 JavaThread "C2 CompilerThread0" daemon [_thread_in_native, id=8328, stack(0x0000000018560000,0x0000000018660000)]
  0x0000000017da6000 JavaThread "Attach Listener" daemon [_thread_blocked, id=5864, stack(0x0000000018460000,0x0000000018560000)]
  0x0000000017da5000 JavaThread "Signal Dispatcher" daemon [_thread_blocked, id=3292, stack(0x0000000018360000,0x0000000018460000)]
  0x0000000017d90800 JavaThread "Finalizer" daemon [_thread_blocked, id=4428, stack(0x0000000018170000,0x0000000018270000)]
  0x0000000015e8b800 JavaThread "Reference Handler" daemon [_thread_blocked, id=11412, stack(0x0000000017c70000,0x0000000017d70000)]
  0x000000000326e000 JavaThread "main" [_thread_blocked, id=10764, stack(0x00000000030c0000,0x00000000031c0000)]

Other Threads:
  0x0000000015e84800 VMThread [stack: 0x0000000017b70000,0x0000000017c70000] [id=536]
  0x0000000017e3a800 WatcherThread [stack: 0x0000000018a60000,0x0000000018b60000] [id=7724]

VM state:not at safepoint (normal execution)

VM Mutex/Monitor currently owned by a thread: None

Heap:
 PSYoungGen      total 38400K, used 12944K [0x00000000eab00000, 0x00000000ed580000, 0x0000000100000000)
  eden space 33280K, 38% used [0x00000000eab00000,0x00000000eb7a4398,0x00000000ecb80000)
  from space 5120K, 0% used [0x00000000ed080000,0x00000000ed080000,0x00000000ed580000)
  to   space 5120K, 0% used [0x00000000ecb80000,0x00000000ecb80000,0x00000000ed080000)
 ParOldGen       total 87552K, used 0K [0x00000000c0000000, 0x00000000c5580000, 0x00000000eab00000)
  object space 87552K, 0% used [0x00000000c0000000,0x00000000c0000000,0x00000000c5580000)
 Metaspace       used 5618K, capacity 6576K, committed 6784K, reserved 1060864K
  class space    used 590K, capacity 616K, committed 640K, reserved 1048576K

Card table byte_map: [0x0000000012730000,0x0000000012940000] byte_map_base: 0x0000000012130000

Marking Bits: (ParMarkBitMap*) 0x0000000061c63950
 Begin Bits: [0x00000000132a0000, 0x00000000142a0000)
 End Bits:   [0x00000000142a0000, 0x00000000152a0000)

Polling page: 0x0000000001830000

CodeCache: size=245760Kb used=2148Kb max_used=2166Kb free=243612Kb
 bounds [0x0000000003370000, 0x00000000035e0000, 0x0000000012370000]
 total_blobs=811 nmethods=543 adapters=182
 compilation: enabled

Compilation events (10 events):
Event: 0.945 Thread 0x0000000015e9e000  521       3       com.android.dx.rop.code.BasicBlockList$RegCountVisitor::visitPlainInsn (6 bytes)
Event: 0.978 Thread 0x0000000017d99800  535       4       java.lang.Long::bitCount (61 bytes)
Event: 0.979 Thread 0x0000000015e9e000 nmethod 521 0x000000000357c050 code [0x000000000357c1c0, 0x000000000357c348]
Event: 0.979 Thread 0x0000000015e9e000  536       3       com.android.dx.rop.code.RegisterSpec::make (7 bytes)
Event: 0.979 Thread 0x0000000015e9e000 nmethod 536 0x000000000357bcd0 code [0x000000000357be40, 0x000000000357bfa8]
Event: 0.979 Thread 0x0000000015e9e000  538       3       com.android.dx.util.LabeledList::addLabelIndex (43 bytes)
Event: 0.979 Thread 0x0000000017da2000 nmethod 527 0x0000000003588990 code [0x0000000003588ae0, 0x0000000003588dd8]
Event: 0.979 Thread 0x0000000017d99800 nmethod 535 0x000000000357ba50 code [0x000000000357bb80, 0x000000000357bc38]
Event: 0.979 Thread 0x0000000017d9c800  540       4       com.android.dx.util.IntList::growIfNeeded (46 bytes)
Event: 0.979 Thread 0x0000000017d99800  541       4       com.android.dx.util.IntList::add (65 bytes)

GC Heap History (0 events):
No events

Deoptimization events (0 events):
No events

Classes redefined (0 events):
No events

Internal exceptions (2 events):
Event: 0.036 Thread 0x000000000326e000 Exception <a 'java/lang/NoSuchMethodError': Method sun.misc.Unsafe.defineClass(Ljava/lang/String;[BII)Ljava/lang/Class; name or signature does not match> (0x00000000eab07ca8) thrown at [D:\src\AOSP-openjdk-cygwin\jdk8u\hotspot\src\share\vm\prims\jni.cpp, 
Event: 0.036 Thread 0x000000000326e000 Exception <a 'java/lang/NoSuchMethodError': Method sun.misc.Unsafe.prefetchRead(Ljava/lang/Object;J)V name or signature does not match> (0x00000000eab07f90) thrown at [D:\src\AOSP-openjdk-cygwin\jdk8u\hotspot\src\share\vm\prims\jni.cpp, line 4011]

Events (10 events):
Event: 0.945 loading class java/util/HashMap$KeySet
Event: 0.945 loading class java/util/HashMap$KeySet done
Event: 0.945 loading class java/util/HashMap$KeyIterator
Event: 0.945 loading class java/util/HashMap$KeyIterator done
Event: 0.945 loading class java/util/concurrent/locks/LockSupport
Event: 0.945 loading class java/util/concurrent/locks/LockSupport done
Event: 0.945 loading class sun/nio/ch/Interruptible
Event: 0.945 loading class sun/nio/ch/Interruptible done
Event: 0.945 Executing VM operation: CollectForMetadataAllocation
Event: 0.978 Executing VM operation: CollectForMetadataAllocation done


Dynamic libraries:
0x00007ff6b8c40000 - 0x00007ff6b8c71000 	C:\Program Files\Android\Android Studio\jre\bin\java.exe
0x00007ffd49e10000 - 0x00007ffd49ff1000 	C:\WINDOWS\SYSTEM32\ntdll.dll
0x00007ffd47bd0000 - 0x00007ffd47c82000 	C:\WINDOWS\System32\KERNEL32.DLL
0x00007ffd46360000 - 0x00007ffd465d3000 	C:\WINDOWS\System32\KERNELBASE.dll
0x00007ffd48580000 - 0x00007ffd48621000 	C:\WINDOWS\System32\ADVAPI32.dll
0x00007ffd47420000 - 0x00007ffd474be000 	C:\WINDOWS\System32\msvcrt.dll
0x00007ffd472a0000 - 0x00007ffd472fb000 	C:\WINDOWS\System32\sechost.dll
0x00007ffd487d0000 - 0x00007ffd488f4000 	C:\WINDOWS\System32\RPCRT4.dll
0x00007ffd47a40000 - 0x00007ffd47bd0000 	C:\WINDOWS\System32\USER32.dll
0x00007ffd467e0000 - 0x00007ffd46800000 	C:\WINDOWS\System32\win32u.dll
0x00007ffd48550000 - 0x00007ffd48578000 	C:\WINDOWS\System32\GDI32.dll
0x00007ffd465e0000 - 0x00007ffd46772000 	C:\WINDOWS\System32\gdi32full.dll
0x00007ffd47100000 - 0x00007ffd4719f000 	C:\WINDOWS\System32\msvcp_win.dll
0x00007ffd461e0000 - 0x00007ffd462da000 	C:\WINDOWS\System32\ucrtbase.dll
0x00007ffd3c220000 - 0x00007ffd3c489000 	C:\WINDOWS\WinSxS\amd64_microsoft.windows.common-controls_6595b64144ccf1df_6.0.17134.48_none_b4b2216a3cb4dd3e\COMCTL32.dll
0x00007ffd47710000 - 0x00007ffd47a33000 	C:\WINDOWS\System32\combase.dll
0x00007ffd462e0000 - 0x00007ffd4635a000 	C:\WINDOWS\System32\bcryptPrimitives.dll
0x00007ffd47320000 - 0x00007ffd4734d000 	C:\WINDOWS\System32\IMM32.DLL
0x00000000612e0000 - 0x00000000613b2000 	C:\Program Files\Android\Android Studio\jre\jre\bin\msvcr100.dll
0x00000000614a0000 - 0x0000000061cde000 	C:\Program Files\Android\Android Studio\jre\jre\bin\server\jvm.dll
0x00007ffd481c0000 - 0x00007ffd481c8000 	C:\WINDOWS\System32\PSAPI.DLL
0x00007ffd442d0000 - 0x00007ffd442f3000 	C:\WINDOWS\SYSTEM32\WINMM.dll
0x00007ffd2ef90000 - 0x00007ffd2ef99000 	C:\WINDOWS\SYSTEM32\WSOCK32.dll
0x00007ffd48140000 - 0x00007ffd481ac000 	C:\WINDOWS\System32\WS2_32.dll
0x00007ffd3f090000 - 0x00007ffd3f09a000 	C:\WINDOWS\SYSTEM32\VERSION.dll
0x00007ffd442a0000 - 0x00007ffd442ca000 	C:\WINDOWS\SYSTEM32\winmmbase.dll
0x00007ffd471a0000 - 0x00007ffd471e9000 	C:\WINDOWS\System32\cfgmgr32.dll
0x00007ffd3eb00000 - 0x00007ffd3eb0f000 	C:\Program Files\Android\Android Studio\jre\jre\bin\verify.dll
0x00007ffd3c560000 - 0x00007ffd3c589000 	C:\Program Files\Android\Android Studio\jre\jre\bin\java.dll
0x00007ffd3c180000 - 0x00007ffd3c196000 	C:\Program Files\Android\Android Studio\jre\jre\bin\zip.dll
0x00007ffd489a0000 - 0x00007ffd49de0000 	C:\WINDOWS\System32\SHELL32.dll
0x00007ffd48630000 - 0x00007ffd486d9000 	C:\WINDOWS\System32\shcore.dll
0x00007ffd46800000 - 0x00007ffd46f0d000 	C:\WINDOWS\System32\windows.storage.dll
0x00007ffd480e0000 - 0x00007ffd48131000 	C:\WINDOWS\System32\shlwapi.dll
0x00007ffd46140000 - 0x00007ffd46151000 	C:\WINDOWS\System32\kernel.appcore.dll
0x00007ffd46160000 - 0x00007ffd4617f000 	C:\WINDOWS\System32\profapi.dll
0x00007ffd46180000 - 0x00007ffd461cc000 	C:\WINDOWS\System32\powrprof.dll
0x00007ffd461d0000 - 0x00007ffd461da000 	C:\WINDOWS\System32\FLTLIB.DLL

VM Arguments:
jvm_args: -Djava.awt.headless=true -Xmx1024M -Dfile.encoding=windows-1252 -Duser.country=ID -Duser.language=en -Duser.variant 
java_command: com.android.dx.command.Main --dex --num-threads=4 --output D:\AndroidLibrary\perisaiV_1.0.0\app\build\intermediates\pre-dexed\debug\com.jakewharton-butterknife-8.2.1_1cd15f98a4f53c54add4be6b55840891e0b30e22.jar D:\AndroidLibrary\perisaiV_1.0.0\app\build\intermediates\exploded-aar\com.jakewharton\butterknife\8.2.1\jars\classes.jar
java_class_path (initial): C:\Users\Ryan\AppData\Local\Android\sdk\build-tools\25.0.1\lib\dx.jar
Launcher Type: SUN_STANDARD

Environment Variables:
PATH=C:\Program Files (x86)\Intel\iCLS Client\;C:\Program Files\Intel\iCLS Client\;C:\Windows\system32;C:\Windows;C:\Windows\System32\Wbem;C:\Windows\System32\WindowsPowerShell\v1.0\;C:\Program Files (x86)\NVIDIA Corporation\PhysX\Common;C:\Program Files (x86)\Intel\Intel(R) Management Engine Components\DAL;C:\Program Files\Intel\Intel(R) Management Engine Components\DAL;C:\Program Files (x86)\Intel\Intel(R) Management Engine Components\IPT;C:\Program Files\Intel\Intel(R) Management Engine Components\IPT;C:\Program Files\Intel\WiFi\bin\;C:\Program Files\Common Files\Intel\WirelessCommon\;C:\Program Files\dotnet\;%SystemRoot%\system32;%SystemRoot%;%SystemRoot%\System32\Wbem;%SYSTEMROOT%\System32\WindowsPowerShell\v1.0\;%SYSTEMROOT%\System32\OpenSSH\;C:\Users\Ryan\AppData\Local\Microsoft\WindowsApps;C:\Program Files\Intel\WiFi\bin\;C:\Program Files\Common Files\Intel\WirelessCommon\;
USERNAME=Ryan
OS=Windows_NT
PROCESSOR_IDENTIFIER=Intel64 Family 6 Model 158 Stepping 9, GenuineIntel



---------------  S Y S T E M  ---------------

OS: Windows 10.0 , 64 bit Build 17134 (10.0.17134.1)

CPU:total 8 (initial active 8) (4 cores per cpu, 2 threads per core) family 6 model 158 stepping 9, cmov, cx8, fxsr, mmx, sse, sse2, sse3, ssse3, sse4.1, sse4.2, popcnt, avx, avx2, aes, clmul, erms, 3dnowpref, lzcnt, ht, tsc, tscinvbit, bmi1, bmi2, adx

Memory: 4k page, physical 8304332k(512996k free), swap 16496332k(1044k free)

vm_info: OpenJDK 64-Bit Server VM (25.152-b01) for windows-amd64 JRE (1.8.0_152-release-915-b01), built by "builder" with MS VC++ 10.0 (VS2010)

time: Mon May 28 14:35:38 2018
elapsed time: 1 seconds (0d 0h 0m 1s)

