#
# There is insufficient memory for the Java Runtime Environment to continue.
# Native memory allocation (malloc) failed to allocate 371920 bytes for Chunk::new
# Possible reasons:
#   The system is out of physical RAM or swap space
#   In 32 bit mode, the process size limit was hit
# Possible solutions:
#   Reduce memory load on the system
#   Increase physical memory or swap space
#   Check if swap backing store is full
#   Use 64 bit Java on a 64 bit OS
#   Decrease Java heap size (-Xmx/-Xms)
#   Decrease number of Java threads
#   Decrease Java thread stack sizes (-Xss)
#   Set larger code cache with -XX:ReservedCodeCacheSize=
# This output file may be truncated or incomplete.
#
#  Out of Memory Error (allocation.cpp:390), pid=11136, tid=0x0000000000001118
#
# JRE version: OpenJDK Runtime Environment (8.0_152-b01) (build 1.8.0_152-release-915-b01)
# Java VM: OpenJDK 64-Bit Server VM (25.152-b01 mixed mode windows-amd64 compressed oops)
# Failed to write core dump. Minidumps are not enabled by default on client versions of Windows
#

---------------  T H R E A D  ---------------

Current thread (0x0000000017c4a800):  JavaThread "C2 CompilerThread1" daemon [_thread_in_native, id=4376, stack(0x0000000018510000,0x0000000018610000)]

Stack: [0x0000000018510000,0x0000000018610000]
[error occurred during error reporting (printing stack bounds), id 0xc0000005]

Native frames: (J=compiled Java code, j=interpreted, Vv=VM code, C=native code)


Current CompileTask:
C2:   1554 1241       4       com.android.dx.ssa.SCCP::simulateBranch (666 bytes)


---------------  P R O C E S S  ---------------

Java Threads: ( => current thread )
  0x0000000017fdf000 JavaThread "pool-1-thread-4" [_thread_blocked, id=11364, stack(0x0000000018e10000,0x0000000018f10000)]
  0x0000000017fdc000 JavaThread "pool-1-thread-3" [_thread_in_vm, id=15792, stack(0x0000000018d10000,0x0000000018e10000)]
  0x0000000017fd5800 JavaThread "pool-1-thread-2" [_thread_in_Java, id=14764, stack(0x0000000018c10000,0x0000000018d10000)]
  0x0000000017f0e000 JavaThread "pool-2-thread-1" [_thread_blocked, id=13156, stack(0x0000000018b10000,0x0000000018c10000)]
  0x0000000017ef3800 JavaThread "pool-1-thread-1" [_thread_in_Java, id=2372, stack(0x0000000018a10000,0x0000000018b10000)]
  0x0000000017c63000 JavaThread "Service Thread" daemon [_thread_blocked, id=9392, stack(0x0000000018810000,0x0000000018910000)]
  0x0000000015d5e000 JavaThread "C1 CompilerThread3" daemon [_thread_blocked, id=2252, stack(0x0000000018710000,0x0000000018810000)]
  0x0000000017c4e800 JavaThread "C2 CompilerThread2" daemon [_thread_in_native, id=2852, stack(0x0000000018610000,0x0000000018710000)]
=>0x0000000017c4a800 JavaThread "C2 CompilerThread1" daemon [_thread_in_native, id=4376, stack(0x0000000018510000,0x0000000018610000)]
  0x0000000017c47000 JavaThread "C2 CompilerThread0" daemon [_thread_in_native, id=4232, stack(0x0000000018410000,0x0000000018510000)]
  0x0000000017c46000 JavaThread "Attach Listener" daemon [_thread_blocked, id=2128, stack(0x0000000018310000,0x0000000018410000)]
  0x0000000017c53800 JavaThread "Signal Dispatcher" daemon [_thread_blocked, id=5408, stack(0x0000000018210000,0x0000000018310000)]
  0x0000000003229000 JavaThread "Finalizer" daemon [_thread_blocked, id=16048, stack(0x0000000018020000,0x0000000018120000)]
  0x0000000015d4b800 JavaThread "Reference Handler" daemon [_thread_blocked, id=15304, stack(0x0000000017b20000,0x0000000017c20000)]
  0x0000000002f1e000 JavaThread "main" [_thread_in_Java, id=2608, stack(0x0000000003030000,0x0000000003130000)]

Other Threads:
  0x0000000015d47000 VMThread [stack: 0x0000000017a20000,0x0000000017b20000] [id=13344]
  0x0000000017c64000 WatcherThread [stack: 0x0000000018910000,0x0000000018a10000] [id=696]

VM state:not at safepoint (normal execution)

VM Mutex/Monitor currently owned by a thread: None

Heap:
 PSYoungGen      total 38400K, used 13398K [0x00000000eab00000, 0x00000000ef600000, 0x0000000100000000)
  eden space 33280K, 24% used [0x00000000eab00000,0x00000000eb319f58,0x00000000ecb80000)
  from space 5120K, 99% used [0x00000000ecb80000,0x00000000ed07bad8,0x00000000ed080000)
  to   space 5120K, 0% used [0x00000000ef100000,0x00000000ef100000,0x00000000ef600000)
 ParOldGen       total 87552K, used 10198K [0x00000000c0000000, 0x00000000c5580000, 0x00000000eab00000)
  object space 87552K, 11% used [0x00000000c0000000,0x00000000c09f5818,0x00000000c5580000)
 Metaspace       used 6248K, capacity 7090K, committed 7296K, reserved 1056768K
  class space    used 598K, capacity 618K, committed 640K, reserved 1048576K

Card table byte_map: [0x00000000125f0000,0x0000000012800000] byte_map_base: 0x0000000011ff0000

Marking Bits: (ParMarkBitMap*) 0x0000000061c63950
 Begin Bits: [0x0000000013160000, 0x0000000014160000)
 End Bits:   [0x0000000014160000, 0x0000000015160000)

Polling page: 0x0000000000df0000

CodeCache: size=245760Kb used=6263Kb max_used=6280Kb free=239496Kb
 bounds [0x0000000003230000, 0x0000000003860000, 0x0000000012230000]
 total_blobs=1873 nmethods=1610 adapters=176
 compilation: enabled

Compilation events (10 events):
Event: 1.507 Thread 0x0000000015d5e000 1639   !   2       com.android.dx.dex.file.AnnotationSetItem::writeSize (20 bytes)
Event: 1.507 Thread 0x0000000015d5e000 nmethod 1639 0x000000000383b450 code [0x000000000383b5c0, 0x000000000383b7c8]
Event: 1.526 Thread 0x0000000015d5e000 1640       2       com.android.dx.ssa.back.FirstFitLocalCombiningAllocator::getLocalItemForReg (97 bytes)
Event: 1.527 Thread 0x0000000015d5e000 nmethod 1640 0x000000000383a9d0 code [0x000000000383abc0, 0x000000000383b0b8]
Event: 1.541 Thread 0x0000000015d5e000 1642       2       com.android.dx.rop.code.BasicBlockList$RegCountVisitor::visitThrowingInsn (6 bytes)
Event: 1.541 Thread 0x0000000015d5e000 nmethod 1642 0x000000000383a610 code [0x000000000383a780, 0x000000000383a8e8]
Event: 1.544 Thread 0x0000000015d5e000 1644       2       com.android.dx.dex.code.RopTranslator::access$600 (6 bytes)
Event: 1.545 Thread 0x0000000015d5e000 nmethod 1644 0x000000000384d350 code [0x000000000384d4a0, 0x000000000384d5e8]
Event: 1.545 Thread 0x0000000015d5e000 1645       2       com.android.dx.dex.code.SimpleInsn::<init> (8 bytes)
Event: 1.545 Thread 0x0000000015d5e000 nmethod 1645 0x000000000384d690 code [0x000000000384d800, 0x000000000384d968]

GC Heap History (6 events):
Event: 0.982 GC heap before
{Heap before GC invocations=1 (full 0):
 PSYoungGen      total 38400K, used 33280K [0x00000000eab00000, 0x00000000ed580000, 0x0000000100000000)
  eden space 33280K, 100% used [0x00000000eab00000,0x00000000ecb80000,0x00000000ecb80000)
  from space 5120K, 0% used [0x00000000ed080000,0x00000000ed080000,0x00000000ed580000)
  to   space 5120K, 0% used [0x00000000ecb80000,0x00000000ecb80000,0x00000000ed080000)
 ParOldGen       total 87552K, used 0K [0x00000000c0000000, 0x00000000c5580000, 0x00000000eab00000)
  object space 87552K, 0% used [0x00000000c0000000,0x00000000c0000000,0x00000000c5580000)
 Metaspace       used 5867K, capacity 6896K, committed 7040K, reserved 1056768K
  class space    used 579K, capacity 616K, committed 640K, reserved 1048576K
Event: 0.992 GC heap after
Heap after GC invocations=1 (full 0):
 PSYoungGen      total 38400K, used 5091K [0x00000000eab00000, 0x00000000ed580000, 0x0000000100000000)
  eden space 33280K, 0% used [0x00000000eab00000,0x00000000eab00000,0x00000000ecb80000)
  from space 5120K, 99% used [0x00000000ecb80000,0x00000000ed078db8,0x00000000ed080000)
  to   space 5120K, 0% used [0x00000000ed080000,0x00000000ed080000,0x00000000ed580000)
 ParOldGen       total 87552K, used 1391K [0x00000000c0000000, 0x00000000c5580000, 0x00000000eab00000)
  object space 87552K, 1% used [0x00000000c0000000,0x00000000c015be98,0x00000000c5580000)
 Metaspace       used 5867K, capacity 6896K, committed 7040K, reserved 1056768K
  class space    used 579K, capacity 616K, committed 640K, reserved 1048576K
}
Event: 1.367 GC heap before
{Heap before GC invocations=2 (full 0):
 PSYoungGen      total 38400K, used 38371K [0x00000000eab00000, 0x00000000ed580000, 0x0000000100000000)
  eden space 33280K, 100% used [0x00000000eab00000,0x00000000ecb80000,0x00000000ecb80000)
  from space 5120K, 99% used [0x00000000ecb80000,0x00000000ed078db8,0x00000000ed080000)
  to   space 5120K, 0% used [0x00000000ed080000,0x00000000ed080000,0x00000000ed580000)
 ParOldGen       total 87552K, used 1391K [0x00000000c0000000, 0x00000000c5580000, 0x00000000eab00000)
  object space 87552K, 1% used [0x00000000c0000000,0x00000000c015be98,0x00000000c5580000)
 Metaspace       used 6141K, capacity 7026K, committed 7296K, reserved 1056768K
  class space    used 598K, capacity 618K, committed 640K, reserved 1048576K
Event: 1.376 GC heap after
Heap after GC invocations=2 (full 0):
 PSYoungGen      total 38400K, used 5109K [0x00000000eab00000, 0x00000000ef600000, 0x0000000100000000)
  eden space 33280K, 0% used [0x00000000eab00000,0x00000000eab00000,0x00000000ecb80000)
  from space 5120K, 99% used [0x00000000ed080000,0x00000000ed57d420,0x00000000ed580000)
  to   space 5120K, 0% used [0x00000000ecb80000,0x00000000ecb80000,0x00000000ed080000)
 ParOldGen       total 87552K, used 4847K [0x00000000c0000000, 0x00000000c5580000, 0x00000000eab00000)
  object space 87552K, 5% used [0x00000000c0000000,0x00000000c04bbd00,0x00000000c5580000)
 Metaspace       used 6141K, capacity 7026K, committed 7296K, reserved 1056768K
  class space    used 598K, capacity 618K, committed 640K, reserved 1048576K
}
Event: 1.488 GC heap before
{Heap before GC invocations=3 (full 0):
 PSYoungGen      total 38400K, used 38389K [0x00000000eab00000, 0x00000000ef600000, 0x0000000100000000)
  eden space 33280K, 100% used [0x00000000eab00000,0x00000000ecb80000,0x00000000ecb80000)
  from space 5120K, 99% used [0x00000000ed080000,0x00000000ed57d420,0x00000000ed580000)
  to   space 5120K, 0% used [0x00000000ecb80000,0x00000000ecb80000,0x00000000ed080000)
 ParOldGen       total 87552K, used 4847K [0x00000000c0000000, 0x00000000c5580000, 0x00000000eab00000)
  object space 87552K, 5% used [0x00000000c0000000,0x00000000c04bbd00,0x00000000c5580000)
 Metaspace       used 6244K, capacity 7090K, committed 7296K, reserved 1056768K
  class space    used 598K, capacity 618K, committed 640K, reserved 1048576K
Event: 1.498 GC heap after
Heap after GC invocations=3 (full 0):
 PSYoungGen      total 38400K, used 5102K [0x00000000eab00000, 0x00000000ef600000, 0x0000000100000000)
  eden space 33280K, 0% used [0x00000000eab00000,0x00000000eab00000,0x00000000ecb80000)
  from space 5120K, 99% used [0x00000000ecb80000,0x00000000ed07bad8,0x00000000ed080000)
  to   space 5120K, 0% used [0x00000000ef100000,0x00000000ef100000,0x00000000ef600000)
 ParOldGen       total 87552K, used 10198K [0x00000000c0000000, 0x00000000c5580000, 0x00000000eab00000)
  object space 87552K, 11% used [0x00000000c0000000,0x00000000c09f5818,0x00000000c5580000)
 Metaspace       used 6244K, capacity 7090K, committed 7296K, reserved 1056768K
  class space    used 598K, capacity 618K, committed 640K, reserved 1048576K
}

Deoptimization events (10 events):
Event: 1.232 Thread 0x0000000002f1e000 Uncommon trap: reason=unstable_if action=reinterpret pc=0x0000000003527620 method=com.android.dx.rop.code.RegisterSpecSet.put(Lcom/android/dx/rop/code/RegisterSpec;)V @ 77
Event: 1.344 Thread 0x0000000017fdf000 Uncommon trap: reason=bimorphic action=maybe_recompile pc=0x0000000003632404 method=java.util.HashMap.putVal(ILjava/lang/Object;Ljava/lang/Object;ZZ)Ljava/lang/Object; @ 203
Event: 1.344 Thread 0x0000000017fdf000 Uncommon trap: reason=bimorphic action=maybe_recompile pc=0x0000000003632404 method=java.util.HashMap.putVal(ILjava/lang/Object;Ljava/lang/Object;ZZ)Ljava/lang/Object; @ 203
Event: 1.344 Thread 0x0000000017fdf000 Uncommon trap: reason=bimorphic action=maybe_recompile pc=0x0000000003632404 method=java.util.HashMap.putVal(ILjava/lang/Object;Ljava/lang/Object;ZZ)Ljava/lang/Object; @ 203
Event: 1.364 Thread 0x0000000017fd5800 Uncommon trap: reason=null_check action=make_not_entrant pc=0x0000000003507eb4 method=com.android.dx.ssa.SsaRenamer.getLocalForNewReg(I)Lcom/android/dx/rop/code/LocalItem; @ 19
Event: 1.407 Thread 0x0000000017fdf000 Uncommon trap: reason=unstable_if action=reinterpret pc=0x000000000375e0f4 method=java.util.HashMap.putVal(ILjava/lang/Object;Ljava/lang/Object;ZZ)Ljava/lang/Object; @ 109
Event: 1.412 Thread 0x0000000017fdf000 Uncommon trap: reason=unstable_if action=reinterpret pc=0x0000000003631f60 method=java.util.HashMap.putVal(ILjava/lang/Object;Ljava/lang/Object;ZZ)Ljava/lang/Object; @ 162
Event: 1.430 Thread 0x0000000002f1e000 Uncommon trap: reason=unstable_if action=reinterpret pc=0x00000000036c68bc method=com.android.dx.ssa.SCCP.simulateStmt(Lcom/android/dx/ssa/SsaInsn;)V @ 59
Event: 1.472 Thread 0x0000000002f1e000 Uncommon trap: reason=bimorphic action=maybe_recompile pc=0x00000000037f42cc method=com.android.dx.cf.code.BytecodeArray.parseInstruction(ILcom/android/dx/cf/code/BytecodeArray$Visitor;)I @ 1357
Event: 1.473 Thread 0x0000000002f1e000 Uncommon trap: reason=bimorphic action=maybe_recompile pc=0x00000000037f42cc method=com.android.dx.cf.code.BytecodeArray.parseInstruction(ILcom/android/dx/cf/code/BytecodeArray$Visitor;)I @ 1357

Classes redefined (0 events):
No events

Internal exceptions (6 events):
Event: 0.095 Thread 0x0000000002f1e000 Exception <a 'java/lang/NoSuchMethodError': Method sun.misc.Unsafe.defineClass(Ljava/lang/String;[BII)Ljava/lang/Class; name or signature does not match> (0x00000000eab07ca8) thrown at [D:\src\AOSP-openjdk-cygwin\jdk8u\hotspot\src\share\vm\prims\jni.cpp, 
Event: 0.095 Thread 0x0000000002f1e000 Exception <a 'java/lang/NoSuchMethodError': Method sun.misc.Unsafe.prefetchRead(Ljava/lang/Object;J)V name or signature does not match> (0x00000000eab07f90) thrown at [D:\src\AOSP-openjdk-cygwin\jdk8u\hotspot\src\share\vm\prims\jni.cpp, line 4011]
Event: 1.118 Thread 0x0000000002f1e000 Exception <a 'java/lang/ArrayIndexOutOfBoundsException': 18> (0x00000000eb41e180) thrown at [D:\src\AOSP-openjdk-cygwin\jdk8u\hotspot\src\share\vm\interpreter\interpreterRuntime.cpp, line 366]
Event: 1.119 Thread 0x0000000002f1e000 Exception <a 'java/lang/ArrayIndexOutOfBoundsException': 145> (0x00000000eb41fd00) thrown at [D:\src\AOSP-openjdk-cygwin\jdk8u\hotspot\src\share\vm\interpreter\interpreterRuntime.cpp, line 366]
Event: 1.119 Thread 0x0000000002f1e000 Exception <a 'java/lang/ArrayIndexOutOfBoundsException'> (0x00000000eb420fe8) thrown at [D:\src\AOSP-openjdk-cygwin\jdk8u\hotspot\src\share\vm\runtime\sharedRuntime.cpp, line 605]
Event: 1.364 Thread 0x0000000017fd5800 Implicit null exception at 0x0000000003505a08 to 0x0000000003507e6d

Events (10 events):
Event: 1.472 Thread 0x0000000002f1e000 DEOPT UNPACKING pc=0x000000000327556a sp=0x000000000312dec0 mode 2
Event: 1.473 Thread 0x0000000002f1e000 Uncommon trap: trap_request=0xffffffc6 fr.pc=0x00000000037f42cc
Event: 1.473 Thread 0x0000000002f1e000 DEOPT PACKING pc=0x00000000037f42cc sp=0x000000000312dd70
Event: 1.473 Thread 0x0000000002f1e000 DEOPT UNPACKING pc=0x000000000327556a sp=0x000000000312dd10 mode 2
Event: 1.485 Thread 0x0000000017fdc000 DEOPT PACKING pc=0x00000000035678b5 sp=0x0000000018e0e860
Event: 1.485 Thread 0x0000000017fdc000 DEOPT UNPACKING pc=0x00000000032775bf sp=0x0000000018e0e5c8 mode 0
Event: 1.488 Executing VM operation: ParallelGCFailedAllocation
Event: 1.498 Executing VM operation: ParallelGCFailedAllocation done
Event: 1.520 Thread 0x0000000017ef3800 DEOPT PACKING pc=0x00000000035678b5 sp=0x0000000018b0e810
Event: 1.520 Thread 0x0000000017ef3800 DEOPT UNPACKING pc=0x00000000032775bf sp=0x0000000018b0e578 mode 0


Dynamic libraries:
0x00007ff6b8c40000 - 0x00007ff6b8c71000 	C:\Program Files\Android\Android Studio\jre\bin\java.exe
0x00007ffd49e10000 - 0x00007ffd49ff1000 	C:\WINDOWS\SYSTEM32\ntdll.dll
0x00007ffd47bd0000 - 0x00007ffd47c82000 	C:\WINDOWS\System32\KERNEL32.DLL
0x00007ffd46360000 - 0x00007ffd465d3000 	C:\WINDOWS\System32\KERNELBASE.dll
0x00007ffd48580000 - 0x00007ffd48621000 	C:\WINDOWS\System32\ADVAPI32.dll
0x00007ffd47420000 - 0x00007ffd474be000 	C:\WINDOWS\System32\msvcrt.dll
0x00007ffd472a0000 - 0x00007ffd472fb000 	C:\WINDOWS\System32\sechost.dll
0x00007ffd487d0000 - 0x00007ffd488f4000 	C:\WINDOWS\System32\RPCRT4.dll
0x00007ffd47a40000 - 0x00007ffd47bd0000 	C:\WINDOWS\System32\USER32.dll
0x00007ffd467e0000 - 0x00007ffd46800000 	C:\WINDOWS\System32\win32u.dll
0x00007ffd48550000 - 0x00007ffd48578000 	C:\WINDOWS\System32\GDI32.dll
0x00007ffd465e0000 - 0x00007ffd46772000 	C:\WINDOWS\System32\gdi32full.dll
0x00007ffd47100000 - 0x00007ffd4719f000 	C:\WINDOWS\System32\msvcp_win.dll
0x00007ffd461e0000 - 0x00007ffd462da000 	C:\WINDOWS\System32\ucrtbase.dll
0x00007ffd3c220000 - 0x00007ffd3c489000 	C:\WINDOWS\WinSxS\amd64_microsoft.windows.common-controls_6595b64144ccf1df_6.0.17134.48_none_b4b2216a3cb4dd3e\COMCTL32.dll
0x00007ffd47710000 - 0x00007ffd47a33000 	C:\WINDOWS\System32\combase.dll
0x00007ffd462e0000 - 0x00007ffd4635a000 	C:\WINDOWS\System32\bcryptPrimitives.dll
0x00007ffd47320000 - 0x00007ffd4734d000 	C:\WINDOWS\System32\IMM32.DLL
0x00000000612e0000 - 0x00000000613b2000 	C:\Program Files\Android\Android Studio\jre\jre\bin\msvcr100.dll
0x00000000614a0000 - 0x0000000061cde000 	C:\Program Files\Android\Android Studio\jre\jre\bin\server\jvm.dll
0x00007ffd481c0000 - 0x00007ffd481c8000 	C:\WINDOWS\System32\PSAPI.DLL
0x00007ffd442d0000 - 0x00007ffd442f3000 	C:\WINDOWS\SYSTEM32\WINMM.dll
0x00007ffd3f090000 - 0x00007ffd3f09a000 	C:\WINDOWS\SYSTEM32\VERSION.dll
0x00007ffd442a0000 - 0x00007ffd442ca000 	C:\WINDOWS\SYSTEM32\WINMMBASE.dll
0x00007ffd2ef90000 - 0x00007ffd2ef99000 	C:\WINDOWS\SYSTEM32\WSOCK32.dll
0x00007ffd471a0000 - 0x00007ffd471e9000 	C:\WINDOWS\System32\cfgmgr32.dll
0x00007ffd48140000 - 0x00007ffd481ac000 	C:\WINDOWS\System32\WS2_32.dll
0x00007ffd3eb00000 - 0x00007ffd3eb0f000 	C:\Program Files\Android\Android Studio\jre\jre\bin\verify.dll
0x00007ffd3c560000 - 0x00007ffd3c589000 	C:\Program Files\Android\Android Studio\jre\jre\bin\java.dll
0x00007ffd3c180000 - 0x00007ffd3c196000 	C:\Program Files\Android\Android Studio\jre\jre\bin\zip.dll
0x00007ffd489a0000 - 0x00007ffd49de0000 	C:\WINDOWS\System32\SHELL32.dll
0x00007ffd48630000 - 0x00007ffd486d9000 	C:\WINDOWS\System32\shcore.dll
0x00007ffd46800000 - 0x00007ffd46f0d000 	C:\WINDOWS\System32\windows.storage.dll
0x00007ffd480e0000 - 0x00007ffd48131000 	C:\WINDOWS\System32\shlwapi.dll
0x00007ffd46140000 - 0x00007ffd46151000 	C:\WINDOWS\System32\kernel.appcore.dll
0x00007ffd46160000 - 0x00007ffd4617f000 	C:\WINDOWS\System32\profapi.dll
0x00007ffd46180000 - 0x00007ffd461cc000 	C:\WINDOWS\System32\powrprof.dll
0x00007ffd461d0000 - 0x00007ffd461da000 	C:\WINDOWS\System32\FLTLIB.DLL

VM Arguments:
jvm_args: -Djava.awt.headless=true -Xmx1024M -Dfile.encoding=windows-1252 -Duser.country=ID -Duser.language=en -Duser.variant 
java_command: com.android.dx.command.Main --dex --num-threads=4 --output D:\AndroidLibrary\perisaiV_1.0.0\app\build\intermediates\pre-dexed\debug\com.android.support-support-core-ui-25.3.1_467e1bf55ca8c0dca4a3afd5f47709607d7dcee3.jar D:\AndroidLibrary\perisaiV_1.0.0\app\build\intermediates\exploded-aar\com.android.support\support-core-ui\25.3.1\jars\classes.jar
java_class_path (initial): C:\Users\Ryan\AppData\Local\Android\sdk\build-tools\25.0.1\lib\dx.jar
Launcher Type: SUN_STANDARD

Environment Variables:
PATH=C:\Program Files (x86)\Intel\iCLS Client\;C:\Program Files\Intel\iCLS Client\;C:\Windows\system32;C:\Windows;C:\Windows\System32\Wbem;C:\Windows\System32\WindowsPowerShell\v1.0\;C:\Program Files (x86)\NVIDIA Corporation\PhysX\Common;C:\Program Files (x86)\Intel\Intel(R) Management Engine Components\DAL;C:\Program Files\Intel\Intel(R) Management Engine Components\DAL;C:\Program Files (x86)\Intel\Intel(R) Management Engine Components\IPT;C:\Program Files\Intel\Intel(R) Management Engine Components\IPT;C:\Program Files\Intel\WiFi\bin\;C:\Program Files\Common Files\Intel\WirelessCommon\;C:\Program Files\dotnet\;%SystemRoot%\system32;%SystemRoot%;%SystemRoot%\System32\Wbem;%SYSTEMROOT%\System32\WindowsPowerShell\v1.0\;%SYSTEMROOT%\System32\OpenSSH\;C:\Users\Ryan\AppData\Local\Microsoft\WindowsApps;C:\Program Files\Intel\WiFi\bin\;C:\Program Files\Common Files\Intel\WirelessCommon\;
USERNAME=Ryan
OS=Windows_NT
PROCESSOR_IDENTIFIER=Intel64 Family 6 Model 158 Stepping 9, GenuineIntel



---------------  S Y S T E M  ---------------

OS: Windows 10.0 , 64 bit Build 17134 (10.0.17134.1)

CPU:total 8 (initial active 8) (4 cores per cpu, 2 threads per core) family 6 model 158 stepping 9, cmov, cx8, fxsr, mmx, sse, sse2, sse3, ssse3, sse4.1, sse4.2, popcnt, avx, avx2, aes, clmul, erms, 3dnowpref, lzcnt, ht, tsc, tscinvbit, bmi1, bmi2, adx

Memory: 4k page, physical 8304332k(678232k free), swap 16496332k(3748k free)

vm_info: OpenJDK 64-Bit Server VM (25.152-b01) for windows-amd64 JRE (1.8.0_152-release-915-b01), built by "builder" with MS VC++ 10.0 (VS2010)

time: Mon May 28 14:35:54 2018
elapsed time: 1 seconds (0d 0h 0m 1s)

