#
# There is insufficient memory for the Java Runtime Environment to continue.
# Native memory allocation (malloc) failed to allocate 57472 bytes for Chunk::new
# Possible reasons:
#   The system is out of physical RAM or swap space
#   In 32 bit mode, the process size limit was hit
# Possible solutions:
#   Reduce memory load on the system
#   Increase physical memory or swap space
#   Check if swap backing store is full
#   Use 64 bit Java on a 64 bit OS
#   Decrease Java heap size (-Xmx/-Xms)
#   Decrease number of Java threads
#   Decrease Java thread stack sizes (-Xss)
#   Set larger code cache with -XX:ReservedCodeCacheSize=
# This output file may be truncated or incomplete.
#
#  Out of Memory Error (allocation.cpp:390), pid=14052, tid=0x0000000000001ea4
#
# JRE version: OpenJDK Runtime Environment (8.0_152-b01) (build 1.8.0_152-release-915-b01)
# Java VM: OpenJDK 64-Bit Server VM (25.152-b01 mixed mode windows-amd64 compressed oops)
# Failed to write core dump. Minidumps are not enabled by default on client versions of Windows
#

---------------  T H R E A D  ---------------

Current thread (0x0000000017171000):  JavaThread "C2 CompilerThread2" daemon [_thread_in_native, id=7844, stack(0x0000000017b30000,0x0000000017c30000)]

Stack: [0x0000000017b30000,0x0000000017c30000]
[error occurred during error reporting (printing stack bounds), id 0xc0000005]

Native frames: (J=compiled Java code, j=interpreted, Vv=VM code, C=native code)


Current CompileTask:
C2:   1231  475       4       com.android.dx.rop.cst.CstString::utf8BytesToString (391 bytes)


---------------  P R O C E S S  ---------------

Java Threads: ( => current thread )
  0x0000000017361800 JavaThread "pool-1-thread-4" [_thread_new, id=15472, stack(0x0000000000000000,0x0000000000000000)]
  0x0000000017361000 JavaThread "pool-1-thread-3" [_thread_new, id=1092, stack(0x0000000000000000,0x0000000000000000)]
  0x0000000017372800 JavaThread "pool-1-thread-2" [_thread_new, id=14824, stack(0x0000000000000000,0x0000000000000000)]
  0x000000001736c800 JavaThread "pool-2-thread-1" [_thread_new, id=15900, stack(0x0000000000000000,0x0000000000000000)]
  0x0000000017367800 JavaThread "pool-1-thread-1" [_thread_in_Java, id=8136, stack(0x0000000017f30000,0x0000000018030000)]
  0x00000000171de000 JavaThread "Service Thread" daemon [_thread_blocked, id=9628, stack(0x0000000017d30000,0x0000000017e30000)]
  0x000000001528e000 JavaThread "C1 CompilerThread3" daemon [_thread_blocked, id=10620, stack(0x0000000017c30000,0x0000000017d30000)]
=>0x0000000017171000 JavaThread "C2 CompilerThread2" daemon [_thread_in_native, id=7844, stack(0x0000000017b30000,0x0000000017c30000)]
  0x000000001716c800 JavaThread "C2 CompilerThread1" daemon [_thread_blocked, id=15836, stack(0x0000000017a30000,0x0000000017b30000)]
  0x0000000017169000 JavaThread "C2 CompilerThread0" daemon [_thread_blocked, id=8196, stack(0x0000000017930000,0x0000000017a30000)]
  0x0000000017168000 JavaThread "Attach Listener" daemon [_thread_blocked, id=4632, stack(0x0000000017830000,0x0000000017930000)]
  0x0000000017175800 JavaThread "Signal Dispatcher" daemon [_thread_blocked, id=16260, stack(0x0000000017730000,0x0000000017830000)]
  0x0000000002759000 JavaThread "Finalizer" daemon [_thread_blocked, id=15788, stack(0x0000000017540000,0x0000000017640000)]
  0x000000001527b800 JavaThread "Reference Handler" daemon [_thread_blocked, id=13544, stack(0x0000000017040000,0x0000000017140000)]
  0x000000000265e000 JavaThread "main" [_thread_blocked, id=15828, stack(0x0000000002520000,0x0000000002620000)]

Other Threads:
  0x0000000015276800 VMThread [stack: 0x0000000016f40000,0x0000000017040000] [id=392]
  0x00000000171e0800 WatcherThread [stack: 0x0000000017e30000,0x0000000017f30000] [id=5512]

VM state:not at safepoint (normal execution)

VM Mutex/Monitor currently owned by a thread: None

Heap:
 PSYoungGen      total 38400K, used 10667K [0x00000000eab00000, 0x00000000ed580000, 0x0000000100000000)
  eden space 33280K, 32% used [0x00000000eab00000,0x00000000eb56ada8,0x00000000ecb80000)
  from space 5120K, 0% used [0x00000000ed080000,0x00000000ed080000,0x00000000ed580000)
  to   space 5120K, 0% used [0x00000000ecb80000,0x00000000ecb80000,0x00000000ed080000)
 ParOldGen       total 87552K, used 0K [0x00000000c0000000, 0x00000000c5580000, 0x00000000eab00000)
  object space 87552K, 0% used [0x00000000c0000000,0x00000000c0000000,0x00000000c5580000)
 Metaspace       used 5472K, capacity 6448K, committed 6528K, reserved 1056768K
  class space    used 581K, capacity 616K, committed 640K, reserved 1048576K

Card table byte_map: [0x0000000011b20000,0x0000000011d30000] byte_map_base: 0x0000000011520000

Marking Bits: (ParMarkBitMap*) 0x0000000061c63950
 Begin Bits: [0x0000000012690000, 0x0000000013690000)
 End Bits:   [0x0000000013690000, 0x0000000014690000)

Polling page: 0x0000000000a60000

CodeCache: size=245760Kb used=2091Kb max_used=2091Kb free=243668Kb
 bounds [0x0000000002760000, 0x00000000029d0000, 0x0000000011760000]
 total_blobs=763 nmethods=495 adapters=182
 compilation: enabled

Compilation events (10 events):
Event: 1.227 Thread 0x000000001528e000  492   !   3       com.android.dx.ssa.LocalVariableInfo::getStarts0 (18 bytes)
Event: 1.228 Thread 0x000000001528e000 nmethod 492 0x000000000296ba90 code [0x000000000296bc00, 0x000000000296be68]
Event: 1.228 Thread 0x000000001528e000  495       3       com.android.dx.ssa.SsaInsn::mapRegisters (35 bytes)
Event: 1.228 Thread 0x000000001528e000 nmethod 495 0x000000000296b350 code [0x000000000296b4e0, 0x000000000296b948]
Event: 1.228 Thread 0x000000001528e000  496       3       com.android.dx.ssa.SsaMethod::updateOneDefinition (70 bytes)
Event: 1.228 Thread 0x000000001528e000 nmethod 496 0x000000000296a650 code [0x000000000296a800, 0x000000000296b028]
Event: 1.228 Thread 0x000000001528e000  494       3       com.android.dx.rop.code.RegisterSpec::equals (60 bytes)
Event: 1.229 Thread 0x000000001528e000 nmethod 494 0x0000000002969cd0 code [0x0000000002969e80, 0x000000000296a4f8]
Event: 1.229 Thread 0x000000001528e000  493       1       com.android.dx.rop.cst.CstLiteral32::hashCode (5 bytes)
Event: 1.229 Thread 0x000000001528e000 nmethod 493 0x0000000002969a10 code [0x0000000002969b60, 0x0000000002969c70]

GC Heap History (0 events):
No events

Deoptimization events (0 events):
No events

Classes redefined (0 events):
No events

Internal exceptions (2 events):
Event: 0.113 Thread 0x000000000265e000 Exception <a 'java/lang/NoSuchMethodError': Method sun.misc.Unsafe.defineClass(Ljava/lang/String;[BII)Ljava/lang/Class; name or signature does not match> (0x00000000eab07ca8) thrown at [D:\src\AOSP-openjdk-cygwin\jdk8u\hotspot\src\share\vm\prims\jni.cpp, 
Event: 0.113 Thread 0x000000000265e000 Exception <a 'java/lang/NoSuchMethodError': Method sun.misc.Unsafe.prefetchRead(Ljava/lang/Object;J)V name or signature does not match> (0x00000000eab07f90) thrown at [D:\src\AOSP-openjdk-cygwin\jdk8u\hotspot\src\share\vm\prims\jni.cpp, line 4011]

Events (10 events):
Event: 1.169 loading class com/android/dx/rop/cst/CstArray$List
Event: 1.169 loading class com/android/dx/rop/cst/CstArray$List done
Event: 1.171 loading class com/android/dx/dex/file/FieldAnnotationStruct
Event: 1.171 loading class com/android/dx/dex/file/FieldAnnotationStruct done
Event: 1.223 loading class com/android/dx/cf/direct/AnnotationParser
Event: 1.223 loading class com/android/dx/cf/direct/AnnotationParser done
Event: 1.225 loading class com/android/dx/cf/attrib/AttRuntimeInvisibleAnnotations
Event: 1.225 loading class com/android/dx/cf/attrib/AttRuntimeInvisibleAnnotations done
Event: 1.225 loading class com/android/dx/cf/attrib/BaseAnnotations
Event: 1.225 loading class com/android/dx/cf/attrib/BaseAnnotations done


Dynamic libraries:
0x00007ff6b8c40000 - 0x00007ff6b8c71000 	C:\Program Files\Android\Android Studio\jre\bin\java.exe
0x00007ffd49e10000 - 0x00007ffd49ff1000 	C:\WINDOWS\SYSTEM32\ntdll.dll
0x00007ffd47bd0000 - 0x00007ffd47c82000 	C:\WINDOWS\System32\KERNEL32.DLL
0x00007ffd46360000 - 0x00007ffd465d3000 	C:\WINDOWS\System32\KERNELBASE.dll
0x00007ffd48580000 - 0x00007ffd48621000 	C:\WINDOWS\System32\ADVAPI32.dll
0x00007ffd47420000 - 0x00007ffd474be000 	C:\WINDOWS\System32\msvcrt.dll
0x00007ffd472a0000 - 0x00007ffd472fb000 	C:\WINDOWS\System32\sechost.dll
0x00007ffd487d0000 - 0x00007ffd488f4000 	C:\WINDOWS\System32\RPCRT4.dll
0x00007ffd47a40000 - 0x00007ffd47bd0000 	C:\WINDOWS\System32\USER32.dll
0x00007ffd467e0000 - 0x00007ffd46800000 	C:\WINDOWS\System32\win32u.dll
0x00007ffd48550000 - 0x00007ffd48578000 	C:\WINDOWS\System32\GDI32.dll
0x00007ffd465e0000 - 0x00007ffd46772000 	C:\WINDOWS\System32\gdi32full.dll
0x00007ffd47100000 - 0x00007ffd4719f000 	C:\WINDOWS\System32\msvcp_win.dll
0x00007ffd461e0000 - 0x00007ffd462da000 	C:\WINDOWS\System32\ucrtbase.dll
0x00007ffd3c220000 - 0x00007ffd3c489000 	C:\WINDOWS\WinSxS\amd64_microsoft.windows.common-controls_6595b64144ccf1df_6.0.17134.48_none_b4b2216a3cb4dd3e\COMCTL32.dll
0x00007ffd47710000 - 0x00007ffd47a33000 	C:\WINDOWS\System32\combase.dll
0x00007ffd462e0000 - 0x00007ffd4635a000 	C:\WINDOWS\System32\bcryptPrimitives.dll
0x00007ffd47320000 - 0x00007ffd4734d000 	C:\WINDOWS\System32\IMM32.DLL
0x00000000612e0000 - 0x00000000613b2000 	C:\Program Files\Android\Android Studio\jre\jre\bin\msvcr100.dll
0x00000000614a0000 - 0x0000000061cde000 	C:\Program Files\Android\Android Studio\jre\jre\bin\server\jvm.dll
0x00007ffd481c0000 - 0x00007ffd481c8000 	C:\WINDOWS\System32\PSAPI.DLL
0x00007ffd2ef90000 - 0x00007ffd2ef99000 	C:\WINDOWS\SYSTEM32\WSOCK32.dll
0x00007ffd48140000 - 0x00007ffd481ac000 	C:\WINDOWS\System32\WS2_32.dll
0x00007ffd442d0000 - 0x00007ffd442f3000 	C:\WINDOWS\SYSTEM32\WINMM.dll
0x00007ffd3f090000 - 0x00007ffd3f09a000 	C:\WINDOWS\SYSTEM32\VERSION.dll
0x00007ffd442a0000 - 0x00007ffd442ca000 	C:\WINDOWS\SYSTEM32\WINMMBASE.dll
0x00007ffd471a0000 - 0x00007ffd471e9000 	C:\WINDOWS\System32\cfgmgr32.dll
0x00007ffd3eb00000 - 0x00007ffd3eb0f000 	C:\Program Files\Android\Android Studio\jre\jre\bin\verify.dll
0x00007ffd3c560000 - 0x00007ffd3c589000 	C:\Program Files\Android\Android Studio\jre\jre\bin\java.dll
0x00007ffd3c180000 - 0x00007ffd3c196000 	C:\Program Files\Android\Android Studio\jre\jre\bin\zip.dll
0x00007ffd489a0000 - 0x00007ffd49de0000 	C:\WINDOWS\System32\SHELL32.dll
0x00007ffd48630000 - 0x00007ffd486d9000 	C:\WINDOWS\System32\shcore.dll
0x00007ffd46800000 - 0x00007ffd46f0d000 	C:\WINDOWS\System32\windows.storage.dll
0x00007ffd480e0000 - 0x00007ffd48131000 	C:\WINDOWS\System32\shlwapi.dll
0x00007ffd46140000 - 0x00007ffd46151000 	C:\WINDOWS\System32\kernel.appcore.dll
0x00007ffd46160000 - 0x00007ffd4617f000 	C:\WINDOWS\System32\profapi.dll
0x00007ffd46180000 - 0x00007ffd461cc000 	C:\WINDOWS\System32\powrprof.dll
0x00007ffd461d0000 - 0x00007ffd461da000 	C:\WINDOWS\System32\FLTLIB.DLL

VM Arguments:
jvm_args: -Djava.awt.headless=true -Xmx1024M -Dfile.encoding=windows-1252 -Duser.country=ID -Duser.language=en -Duser.variant 
java_command: com.android.dx.command.Main --dex --num-threads=4 --output D:\AndroidLibrary\perisaiV_1.0.0\app\build\intermediates\pre-dexed\debug\org.zakariya.stickyheaders-stickyheaders-0.7.5_e1c07a8620d4e461a6d30cc7132d1e77bd359109.jar D:\AndroidLibrary\perisaiV_1.0.0\app\build\intermediates\exploded-aar\org.zakariya.stickyheaders\stickyheaders\0.7.5\jars\classes.jar
java_class_path (initial): C:\Users\Ryan\AppData\Local\Android\sdk\build-tools\25.0.1\lib\dx.jar
Launcher Type: SUN_STANDARD

Environment Variables:
PATH=C:\Program Files (x86)\Intel\iCLS Client\;C:\Program Files\Intel\iCLS Client\;C:\Windows\system32;C:\Windows;C:\Windows\System32\Wbem;C:\Windows\System32\WindowsPowerShell\v1.0\;C:\Program Files (x86)\NVIDIA Corporation\PhysX\Common;C:\Program Files (x86)\Intel\Intel(R) Management Engine Components\DAL;C:\Program Files\Intel\Intel(R) Management Engine Components\DAL;C:\Program Files (x86)\Intel\Intel(R) Management Engine Components\IPT;C:\Program Files\Intel\Intel(R) Management Engine Components\IPT;C:\Program Files\Intel\WiFi\bin\;C:\Program Files\Common Files\Intel\WirelessCommon\;C:\Program Files\dotnet\;%SystemRoot%\system32;%SystemRoot%;%SystemRoot%\System32\Wbem;%SYSTEMROOT%\System32\WindowsPowerShell\v1.0\;%SYSTEMROOT%\System32\OpenSSH\;C:\Users\Ryan\AppData\Local\Microsoft\WindowsApps;C:\Program Files\Intel\WiFi\bin\;C:\Program Files\Common Files\Intel\WirelessCommon\;
USERNAME=Ryan
OS=Windows_NT
PROCESSOR_IDENTIFIER=Intel64 Family 6 Model 158 Stepping 9, GenuineIntel



---------------  S Y S T E M  ---------------

OS: Windows 10.0 , 64 bit Build 17134 (10.0.17134.1)

CPU:total 8 (initial active 8) (4 cores per cpu, 2 threads per core) family 6 model 158 stepping 9, cmov, cx8, fxsr, mmx, sse, sse2, sse3, ssse3, sse4.1, sse4.2, popcnt, avx, avx2, aes, clmul, erms, 3dnowpref, lzcnt, ht, tsc, tscinvbit, bmi1, bmi2, adx

Memory: 4k page, physical 8304332k(604660k free), swap 16496332k(3096k free)

vm_info: OpenJDK 64-Bit Server VM (25.152-b01) for windows-amd64 JRE (1.8.0_152-release-915-b01), built by "builder" with MS VC++ 10.0 (VS2010)

time: Mon May 28 14:35:52 2018
elapsed time: 1 seconds (0d 0h 0m 1s)

