#
# There is insufficient memory for the Java Runtime Environment to continue.
# Native memory allocation (malloc) failed to allocate 730336 bytes for Chunk::new
# Possible reasons:
#   The system is out of physical RAM or swap space
#   In 32 bit mode, the process size limit was hit
# Possible solutions:
#   Reduce memory load on the system
#   Increase physical memory or swap space
#   Check if swap backing store is full
#   Use 64 bit Java on a 64 bit OS
#   Decrease Java heap size (-Xmx/-Xms)
#   Decrease number of Java threads
#   Decrease Java thread stack sizes (-Xss)
#   Set larger code cache with -XX:ReservedCodeCacheSize=
# This output file may be truncated or incomplete.
#
#  Out of Memory Error (allocation.cpp:390), pid=18032, tid=0x0000000000004754
#
# JRE version: OpenJDK Runtime Environment (8.0_152-b01) (build 1.8.0_152-release-915-b01)
# Java VM: OpenJDK 64-Bit Server VM (25.152-b01 mixed mode windows-amd64 compressed oops)
# Failed to write core dump. Minidumps are not enabled by default on client versions of Windows
#

---------------  T H R E A D  ---------------

Current thread (0x0000000015aad000):  JavaThread "C2 CompilerThread2" daemon [_thread_in_native, id=18260, stack(0x0000000018490000,0x0000000018590000)]

Stack: [0x0000000018490000,0x0000000018590000]
[error occurred during error reporting (printing stack bounds), id 0xc0000005]

Native frames: (J=compiled Java code, j=interpreted, Vv=VM code, C=native code)


Current CompileTask:
C2:   1443 1158   !   4       com.android.dx.cf.code.BytecodeArray::parseInstruction (2764 bytes)


---------------  P R O C E S S  ---------------

Java Threads: ( => current thread )
  0x000000001889c000 JavaThread "pool-1-thread-4" [_thread_in_Java, id=17492, stack(0x0000000019490000,0x0000000019590000)]
  0x0000000018899800 JavaThread "pool-1-thread-3" [_thread_in_Java, id=8596, stack(0x0000000019390000,0x0000000019490000)]
  0x0000000017df5000 JavaThread "pool-1-thread-2" [_thread_blocked, id=15136, stack(0x0000000019290000,0x0000000019390000)]
  0x0000000017df4800 JavaThread "pool-2-thread-1" [_thread_blocked, id=9996, stack(0x0000000019190000,0x0000000019290000)]
  0x0000000017e03000 JavaThread "pool-1-thread-1" [_thread_blocked, id=18428, stack(0x0000000019090000,0x0000000019190000)]
  0x0000000017b38800 JavaThread "Service Thread" daemon [_thread_blocked, id=18268, stack(0x0000000018690000,0x0000000018790000)]
  0x0000000017b32000 JavaThread "C1 CompilerThread3" daemon [_thread_in_native, id=18264, stack(0x0000000018590000,0x0000000018690000)]
=>0x0000000015aad000 JavaThread "C2 CompilerThread2" daemon [_thread_in_native, id=18260, stack(0x0000000018490000,0x0000000018590000)]
  0x0000000017ad0000 JavaThread "C2 CompilerThread1" daemon [_thread_in_native, id=18240, stack(0x0000000018390000,0x0000000018490000)]
  0x0000000017acc800 JavaThread "C2 CompilerThread0" daemon [_thread_in_native, id=18228, stack(0x0000000018290000,0x0000000018390000)]
  0x0000000017acb000 JavaThread "Attach Listener" daemon [_thread_blocked, id=18224, stack(0x0000000018190000,0x0000000018290000)]
  0x0000000017ac8800 JavaThread "Signal Dispatcher" daemon [_thread_blocked, id=18220, stack(0x0000000018090000,0x0000000018190000)]
  0x0000000017ac0800 JavaThread "Finalizer" daemon [_thread_blocked, id=18188, stack(0x0000000017ea0000,0x0000000017fa0000)]
  0x0000000015a9b800 JavaThread "Reference Handler" daemon [_thread_blocked, id=18184, stack(0x00000000179a0000,0x0000000017aa0000)]
  0x0000000002f7e000 JavaThread "main" [_thread_in_Java, id=18132, stack(0x0000000002c20000,0x0000000002d20000)]

Other Threads:
  0x0000000015a96800 VMThread [stack: 0x00000000178a0000,0x00000000179a0000] [id=18172]
  0x0000000017b39000 WatcherThread [stack: 0x0000000018790000,0x0000000018890000] [id=18272]

VM state:not at safepoint (normal execution)

VM Mutex/Monitor currently owned by a thread: None

Heap:
 PSYoungGen      total 38400K, used 27622K [0x00000000eab00000, 0x00000000ef600000, 0x0000000100000000)
  eden space 33280K, 67% used [0x00000000eab00000,0x00000000ec100698,0x00000000ecb80000)
  from space 5120K, 99% used [0x00000000ecb80000,0x00000000ed079268,0x00000000ed080000)
  to   space 5120K, 0% used [0x00000000ef100000,0x00000000ef100000,0x00000000ef600000)
 ParOldGen       total 87552K, used 1159K [0x00000000c0000000, 0x00000000c5580000, 0x00000000eab00000)
  object space 87552K, 1% used [0x00000000c0000000,0x00000000c0121f98,0x00000000c5580000)
 Metaspace       used 5975K, capacity 6960K, committed 7040K, reserved 1056768K
  class space    used 578K, capacity 616K, committed 640K, reserved 1048576K

Card table byte_map: [0x0000000012340000,0x0000000012550000] byte_map_base: 0x0000000011d40000

Marking Bits: (ParMarkBitMap*) 0x0000000061803950
 Begin Bits: [0x0000000012eb0000, 0x0000000013eb0000)
 End Bits:   [0x0000000013eb0000, 0x0000000014eb0000)

Polling page: 0x00000000012e0000

CodeCache: size=245760Kb used=5117Kb max_used=5117Kb free=240642Kb
 bounds [0x0000000002f80000, 0x0000000003490000, 0x0000000011f80000]
 total_blobs=1535 nmethods=1273 adapters=176
 compilation: enabled

Compilation events (10 events):
Event: 1.409 Thread 0x0000000017b32000 1284       3       com.android.dx.ssa.back.SsaToRop::convertBasicBlocks (151 bytes)
Event: 1.411 Thread 0x0000000017b32000 nmethod 1284 0x000000000346c210 code [0x000000000346c500, 0x000000000346dd38]
Event: 1.411 Thread 0x0000000017b32000 1287       3       com.android.dx.cf.code.Ropper::addExceptionSetupBlocks (203 bytes)
Event: 1.412 Thread 0x0000000017b32000 nmethod 1287 0x000000000346ea90 code [0x000000000346ee80, 0x0000000003471208]
Event: 1.413 Thread 0x0000000017b32000 1286       3       com.android.dx.ssa.SsaMethod::getCountReachableBlocks (44 bytes)
Event: 1.413 Thread 0x0000000017b32000 nmethod 1286 0x0000000003472e10 code [0x0000000003472fe0, 0x00000000034737f8]
Event: 1.413 Thread 0x0000000017b32000 1288       3       com.android.dx.ssa.back.FirstFitLocalCombiningAllocator::handleNormalUnassociated (99 bytes)
Event: 1.414 Thread 0x0000000017b32000 nmethod 1288 0x0000000003477290 code [0x0000000003477540, 0x00000000034788f8]
Event: 1.414 Thread 0x0000000017acc800 nmethod 1225 0x0000000003479390 code [0x0000000003479540, 0x000000000347a018]
Event: 1.414 Thread 0x0000000017acc800 1277       4       com.android.dx.ssa.NormalSsaInsn::accept (25 bytes)

GC Heap History (2 events):
Event: 1.315 GC heap before
{Heap before GC invocations=1 (full 0):
 PSYoungGen      total 38400K, used 33280K [0x00000000eab00000, 0x00000000ed580000, 0x0000000100000000)
  eden space 33280K, 100% used [0x00000000eab00000,0x00000000ecb80000,0x00000000ecb80000)
  from space 5120K, 0% used [0x00000000ed080000,0x00000000ed080000,0x00000000ed580000)
  to   space 5120K, 0% used [0x00000000ecb80000,0x00000000ecb80000,0x00000000ed080000)
 ParOldGen       total 87552K, used 0K [0x00000000c0000000, 0x00000000c5580000, 0x00000000eab00000)
  object space 87552K, 0% used [0x00000000c0000000,0x00000000c0000000,0x00000000c5580000)
 Metaspace       used 5861K, capacity 6896K, committed 7040K, reserved 1056768K
  class space    used 576K, capacity 616K, committed 640K, reserved 1048576K
Event: 1.345 GC heap after
Heap after GC invocations=1 (full 0):
 PSYoungGen      total 38400K, used 5092K [0x00000000eab00000, 0x00000000ef600000, 0x0000000100000000)
  eden space 33280K, 0% used [0x00000000eab00000,0x00000000eab00000,0x00000000ecb80000)
  from space 5120K, 99% used [0x00000000ecb80000,0x00000000ed079268,0x00000000ed080000)
  to   space 5120K, 0% used [0x00000000ef100000,0x00000000ef100000,0x00000000ef600000)
 ParOldGen       total 87552K, used 1159K [0x00000000c0000000, 0x00000000c5580000, 0x00000000eab00000)
  object space 87552K, 1% used [0x00000000c0000000,0x00000000c0121f98,0x00000000c5580000)
 Metaspace       used 5861K, capacity 6896K, committed 7040K, reserved 1056768K
  class space    used 576K, capacity 616K, committed 640K, reserved 1048576K
}

Deoptimization events (10 events):
Event: 1.111 Thread 0x0000000018899800 Uncommon trap: reason=unstable_if action=reinterpret pc=0x000000000328672c method=java.util.HashMap.getNode(ILjava/lang/Object;)Ljava/util/HashMap$Node; @ 129
Event: 1.112 Thread 0x0000000002f7e000 Uncommon trap: reason=unstable_if action=reinterpret pc=0x00000000031de558 method=java.util.HashMap.getNode(ILjava/lang/Object;)Ljava/util/HashMap$Node; @ 129
Event: 1.162 Thread 0x0000000018899800 Uncommon trap: reason=unstable_if action=reinterpret pc=0x00000000032eee9c method=com.android.dx.ssa.SsaMethod.onSourcesChanged(Lcom/android/dx/ssa/SsaInsn;Lcom/android/dx/rop/code/RegisterSpecList;)V @ 4
Event: 1.381 Thread 0x0000000017df5000 Uncommon trap: reason=class_check action=maybe_recompile pc=0x00000000032cef28 method=com.android.dx.ssa.NormalSsaInsn.accept(Lcom/android/dx/ssa/SsaInsn$Visitor;)V @ 9
Event: 1.381 Thread 0x0000000017df5000 Uncommon trap: reason=class_check action=maybe_recompile pc=0x00000000031e36b0 method=com.android.dx.ssa.NormalSsaInsn.accept(Lcom/android/dx/ssa/SsaInsn$Visitor;)V @ 9
Event: 1.381 Thread 0x0000000017df5000 Uncommon trap: reason=class_check action=maybe_recompile pc=0x00000000031e36b0 method=com.android.dx.ssa.NormalSsaInsn.accept(Lcom/android/dx/ssa/SsaInsn$Visitor;)V @ 9
Event: 1.381 Thread 0x0000000017df5000 Uncommon trap: reason=class_check action=maybe_recompile pc=0x00000000031e36b0 method=com.android.dx.ssa.NormalSsaInsn.accept(Lcom/android/dx/ssa/SsaInsn$Visitor;)V @ 9
Event: 1.382 Thread 0x0000000017df5000 Uncommon trap: reason=class_check action=maybe_recompile pc=0x00000000032cef28 method=com.android.dx.ssa.NormalSsaInsn.accept(Lcom/android/dx/ssa/SsaInsn$Visitor;)V @ 9
Event: 1.398 Thread 0x000000001889c000 Uncommon trap: reason=unstable_if action=reinterpret pc=0x000000000328b96c method=com.android.dx.rop.code.RegisterSpecSet.put(Lcom/android/dx/rop/code/RegisterSpec;)V @ 77
Event: 1.398 Thread 0x000000001889c000 Uncommon trap: reason=unstable_if action=reinterpret pc=0x0000000003339560 method=com.android.dx.rop.code.RegisterSpecSet.put(Lcom/android/dx/rop/code/RegisterSpec;)V @ 77

Classes redefined (0 events):
No events

Internal exceptions (2 events):
Event: 0.420 Thread 0x0000000002f7e000 Exception <a 'java/lang/NoSuchMethodError': Method sun.misc.Unsafe.defineClass(Ljava/lang/String;[BII)Ljava/lang/Class; name or signature does not match> (0x00000000eab07ca8) thrown at [D:\src\AOSP-openjdk-cygwin\jdk8u\hotspot\src\share\vm\prims\jni.cpp, 
Event: 0.420 Thread 0x0000000002f7e000 Exception <a 'java/lang/NoSuchMethodError': Method sun.misc.Unsafe.prefetchRead(Ljava/lang/Object;J)V name or signature does not match> (0x00000000eab07f90) thrown at [D:\src\AOSP-openjdk-cygwin\jdk8u\hotspot\src\share\vm\prims\jni.cpp, line 4011]

Events (10 events):
Event: 1.390 Thread 0x0000000018899800 DEOPT PACKING pc=0x00000000032fa466 sp=0x000000001948e760
Event: 1.390 Thread 0x0000000018899800 DEOPT UNPACKING pc=0x0000000002fc75bf sp=0x000000001948e540 mode 0
Event: 1.398 Thread 0x000000001889c000 Uncommon trap: trap_request=0xffffff65 fr.pc=0x000000000328b96c
Event: 1.398 Thread 0x000000001889c000 DEOPT PACKING pc=0x000000000328b96c sp=0x000000001958e940
Event: 1.398 Thread 0x000000001889c000 DEOPT UNPACKING pc=0x0000000002fc556a sp=0x000000001958e8c8 mode 2
Event: 1.398 Thread 0x000000001889c000 Uncommon trap: trap_request=0xffffff65 fr.pc=0x0000000003339560
Event: 1.398 Thread 0x000000001889c000 DEOPT PACKING pc=0x0000000003339560 sp=0x000000001958e930
Event: 1.398 Thread 0x000000001889c000 DEOPT UNPACKING pc=0x0000000002fc556a sp=0x000000001958e850 mode 2
Event: 1.402 Thread 0x000000001889c000 DEOPT PACKING pc=0x00000000032fa650 sp=0x000000001958e950
Event: 1.402 Thread 0x000000001889c000 DEOPT UNPACKING pc=0x0000000002fc75bf sp=0x000000001958e730 mode 0


Dynamic libraries:
0x00007ff79f7c0000 - 0x00007ff79f7f1000 	C:\Program Files\Android\Android Studio\jre\bin\java.exe
0x00007fff70c00000 - 0x00007fff70de1000 	C:\WINDOWS\SYSTEM32\ntdll.dll
0x00007fff6e160000 - 0x00007fff6e212000 	C:\WINDOWS\System32\KERNEL32.DLL
0x00007fff6de10000 - 0x00007fff6e083000 	C:\WINDOWS\System32\KERNELBASE.dll
0x00007fff70910000 - 0x00007fff709b1000 	C:\WINDOWS\System32\ADVAPI32.dll
0x00007fff70020000 - 0x00007fff700be000 	C:\WINDOWS\System32\msvcrt.dll
0x00007fff6fe10000 - 0x00007fff6fe6b000 	C:\WINDOWS\System32\sechost.dll
0x00007fff704f0000 - 0x00007fff70614000 	C:\WINDOWS\System32\RPCRT4.dll
0x00007fff70a40000 - 0x00007fff70bd0000 	C:\WINDOWS\System32\USER32.dll
0x00007fff6d440000 - 0x00007fff6d460000 	C:\WINDOWS\System32\win32u.dll
0x00007fff6fb00000 - 0x00007fff6fb28000 	C:\WINDOWS\System32\GDI32.dll
0x00007fff6d180000 - 0x00007fff6d312000 	C:\WINDOWS\System32\gdi32full.dll
0x00007fff6d3a0000 - 0x00007fff6d43f000 	C:\WINDOWS\System32\msvcp_win.dll
0x00007fff6cfd0000 - 0x00007fff6d0ca000 	C:\WINDOWS\System32\ucrtbase.dll
0x00007fff62cb0000 - 0x00007fff62f19000 	C:\WINDOWS\WinSxS\amd64_microsoft.windows.common-controls_6595b64144ccf1df_6.0.17134.112_none_fb3f961b30681c12\COMCTL32.dll
0x00007fff701c0000 - 0x00007fff704e3000 	C:\WINDOWS\System32\combase.dll
0x00007fff6d320000 - 0x00007fff6d39a000 	C:\WINDOWS\System32\bcryptPrimitives.dll
0x00007fff6fad0000 - 0x00007fff6fafd000 	C:\WINDOWS\System32\IMM32.DLL
0x0000000060e80000 - 0x0000000060f52000 	C:\Program Files\Android\Android Studio\jre\jre\bin\msvcr100.dll
0x0000000061040000 - 0x000000006187e000 	C:\Program Files\Android\Android Studio\jre\jre\bin\server\jvm.dll
0x00007fff707a0000 - 0x00007fff707a8000 	C:\WINDOWS\System32\PSAPI.DLL
0x00007fff59bd0000 - 0x00007fff59bd9000 	C:\WINDOWS\SYSTEM32\WSOCK32.dll
0x00007fff6fb30000 - 0x00007fff6fb9c000 	C:\WINDOWS\System32\WS2_32.dll
0x00007fff6b340000 - 0x00007fff6b363000 	C:\WINDOWS\SYSTEM32\WINMM.dll
0x00007fff68eb0000 - 0x00007fff68eba000 	C:\WINDOWS\SYSTEM32\VERSION.dll
0x00007fff6b310000 - 0x00007fff6b33a000 	C:\WINDOWS\SYSTEM32\WINMMBASE.dll
0x00007fff6d460000 - 0x00007fff6d4a9000 	C:\WINDOWS\System32\cfgmgr32.dll
0x00007fff5ede0000 - 0x00007fff5edef000 	C:\Program Files\Android\Android Studio\jre\jre\bin\verify.dll
0x00007fff5edb0000 - 0x00007fff5edd9000 	C:\Program Files\Android\Android Studio\jre\jre\bin\java.dll
0x00007fff5ed90000 - 0x00007fff5eda6000 	C:\Program Files\Android\Android Studio\jre\jre\bin\zip.dll
0x00007fff6e690000 - 0x00007fff6fad0000 	C:\WINDOWS\System32\SHELL32.dll
0x00007fff70620000 - 0x00007fff706c9000 	C:\WINDOWS\System32\shcore.dll
0x00007fff6d700000 - 0x00007fff6de0d000 	C:\WINDOWS\System32\windows.storage.dll
0x00007fff6e0a0000 - 0x00007fff6e0f1000 	C:\WINDOWS\System32\shlwapi.dll
0x00007fff6cfb0000 - 0x00007fff6cfc1000 	C:\WINDOWS\System32\kernel.appcore.dll
0x00007fff6cf40000 - 0x00007fff6cf5f000 	C:\WINDOWS\System32\profapi.dll
0x00007fff6cf60000 - 0x00007fff6cfac000 	C:\WINDOWS\System32\powrprof.dll
0x00007fff6cf30000 - 0x00007fff6cf3a000 	C:\WINDOWS\System32\FLTLIB.DLL

VM Arguments:
jvm_args: -Djava.awt.headless=true -Xmx1024M -Dfile.encoding=windows-1252 -Duser.country=ID -Duser.language=en -Duser.variant 
java_command: com.android.dx.command.Main --dex --num-threads=4 --output D:\AndroidLibrary\perisaiV_1.0.1\app\build\intermediates\pre-dexed\debug\com.android.support-support-media-compat-25.3.1_ff391b2c6f01b1841710507128c989fec9f25307.jar D:\AndroidLibrary\perisaiV_1.0.1\app\build\intermediates\exploded-aar\com.android.support\support-media-compat\25.3.1\jars\classes.jar
java_class_path (initial): C:\Users\Ryan\AppData\Local\Android\sdk\build-tools\25.0.1\lib\dx.jar
Launcher Type: SUN_STANDARD

Environment Variables:
PATH=C:\Program Files (x86)\Intel\iCLS Client\;C:\Program Files\Intel\iCLS Client\;C:\Windows\system32;C:\Windows;C:\Windows\System32\Wbem;C:\Windows\System32\WindowsPowerShell\v1.0\;C:\Program Files (x86)\NVIDIA Corporation\PhysX\Common;C:\Program Files (x86)\Intel\Intel(R) Management Engine Components\DAL;C:\Program Files\Intel\Intel(R) Management Engine Components\DAL;C:\Program Files (x86)\Intel\Intel(R) Management Engine Components\IPT;C:\Program Files\Intel\Intel(R) Management Engine Components\IPT;C:\Program Files\Intel\WiFi\bin\;C:\Program Files\Common Files\Intel\WirelessCommon\;C:\Program Files\dotnet\;%SystemRoot%\system32;%SystemRoot%;%SystemRoot%\System32\Wbem;%SYSTEMROOT%\System32\WindowsPowerShell\v1.0\;%SYSTEMROOT%\System32\OpenSSH\;C:\Users\Ryan\AppData\Local\Microsoft\WindowsApps;C:\Program Files\Intel\WiFi\bin\;C:\Program Files\Common Files\Intel\WirelessCommon\;
USERNAME=Ryan
OS=Windows_NT
PROCESSOR_IDENTIFIER=Intel64 Family 6 Model 158 Stepping 9, GenuineIntel



---------------  S Y S T E M  ---------------

OS: Windows 10.0 , 64 bit Build 17134 (10.0.17134.1)

CPU:total 8 (initial active 8) (4 cores per cpu, 2 threads per core) family 6 model 158 stepping 9, cmov, cx8, fxsr, mmx, sse, sse2, sse3, ssse3, sse4.1, sse4.2, popcnt, avx, avx2, aes, clmul, erms, 3dnowpref, lzcnt, ht, tsc, tscinvbit, bmi1, bmi2, adx

Memory: 4k page, physical 8304332k(535536k free), swap 16496332k(1932k free)

vm_info: OpenJDK 64-Bit Server VM (25.152-b01) for windows-amd64 JRE (1.8.0_152-release-915-b01), built by "builder" with MS VC++ 10.0 (VS2010)

time: Mon Jun 25 12:31:57 2018
elapsed time: 1 seconds (0d 0h 0m 1s)

