#
# There is insufficient memory for the Java Runtime Environment to continue.
# Native memory allocation (malloc) failed to allocate 574800 bytes for Chunk::new
# Possible reasons:
#   The system is out of physical RAM or swap space
#   In 32 bit mode, the process size limit was hit
# Possible solutions:
#   Reduce memory load on the system
#   Increase physical memory or swap space
#   Check if swap backing store is full
#   Use 64 bit Java on a 64 bit OS
#   Decrease Java heap size (-Xmx/-Xms)
#   Decrease number of Java threads
#   Decrease Java thread stack sizes (-Xss)
#   Set larger code cache with -XX:ReservedCodeCacheSize=
# This output file may be truncated or incomplete.
#
#  Out of Memory Error (allocation.cpp:390), pid=16284, tid=0x0000000000003174
#
# JRE version: OpenJDK Runtime Environment (8.0_152-b01) (build 1.8.0_152-release-915-b01)
# Java VM: OpenJDK 64-Bit Server VM (25.152-b01 mixed mode windows-amd64 compressed oops)
# Failed to write core dump. Minidumps are not enabled by default on client versions of Windows
#

---------------  T H R E A D  ---------------

Current thread (0x00000000173ce800):  JavaThread "C2 CompilerThread1" daemon [_thread_in_native, id=12660, stack(0x0000000017c90000,0x0000000017d90000)]

Stack: [0x0000000017c90000,0x0000000017d90000]
[error occurred during error reporting (printing stack bounds), id 0xc0000005]

Native frames: (J=compiled Java code, j=interpreted, Vv=VM code, C=native code)


Current CompileTask:
C2:   3425 1698   !   4       com.android.dx.cf.code.RopperMachine::run (1550 bytes)


---------------  P R O C E S S  ---------------

Java Threads: ( => current thread )
  0x00000000181d9000 JavaThread "pool-1-thread-4" [_thread_in_Java, id=17780, stack(0x0000000018d90000,0x0000000018e90000)]
  0x000000001777b800 JavaThread "pool-1-thread-3" [_thread_in_Java, id=17788, stack(0x0000000018c90000,0x0000000018d90000)]
  0x0000000017785800 JavaThread "pool-1-thread-2" [_thread_blocked, id=18196, stack(0x0000000018b90000,0x0000000018c90000)]
  0x0000000017703000 JavaThread "pool-2-thread-1" [_thread_blocked, id=6608, stack(0x0000000018a90000,0x0000000018b90000)]
  0x0000000017702800 JavaThread "pool-1-thread-1" [_thread_blocked, id=17632, stack(0x0000000018990000,0x0000000018a90000)]
  0x000000001743e800 JavaThread "Service Thread" daemon [_thread_blocked, id=17748, stack(0x0000000017f90000,0x0000000018090000)]
  0x00000000154dd800 JavaThread "C1 CompilerThread3" daemon [_thread_blocked, id=18376, stack(0x0000000017e90000,0x0000000017f90000)]
  0x00000000154da800 JavaThread "C2 CompilerThread2" daemon [_thread_in_native, id=17968, stack(0x0000000017d90000,0x0000000017e90000)]
=>0x00000000173ce800 JavaThread "C2 CompilerThread1" daemon [_thread_in_native, id=12660, stack(0x0000000017c90000,0x0000000017d90000)]
  0x00000000173cb800 JavaThread "C2 CompilerThread0" daemon [_thread_in_native, id=11408, stack(0x0000000017b90000,0x0000000017c90000)]
  0x00000000173ca000 JavaThread "Attach Listener" daemon [_thread_blocked, id=17600, stack(0x0000000017a90000,0x0000000017b90000)]
  0x00000000173c7000 JavaThread "Signal Dispatcher" daemon [_thread_blocked, id=18252, stack(0x0000000017990000,0x0000000017a90000)]
  0x00000000154cb000 JavaThread "Finalizer" daemon [_thread_blocked, id=8200, stack(0x00000000177a0000,0x00000000178a0000)]
  0x00000000029a7000 JavaThread "Reference Handler" daemon [_thread_blocked, id=18104, stack(0x00000000172a0000,0x00000000173a0000)]
  0x00000000028ae000 JavaThread "main" [_thread_in_native, id=18112, stack(0x00000000026e0000,0x00000000027e0000)]

Other Threads:
  0x00000000154c5800 VMThread [stack: 0x00000000171a0000,0x00000000172a0000] [id=17868]
  0x000000001743f800 WatcherThread [stack: 0x0000000018090000,0x0000000018190000] [id=18336]

VM state:not at safepoint (normal execution)

VM Mutex/Monitor currently owned by a thread: None

Heap:
 PSYoungGen      total 71680K, used 30819K [0x00000000eab00000, 0x00000000f3700000, 0x0000000100000000)
  eden space 66560K, 38% used [0x00000000eab00000,0x00000000ec41eed8,0x00000000eec00000)
  from space 5120K, 99% used [0x00000000eec00000,0x00000000ef0f9ef0,0x00000000ef100000)
  to   space 5120K, 0% used [0x00000000f3200000,0x00000000f3200000,0x00000000f3700000)
 ParOldGen       total 87552K, used 14627K [0x00000000c0000000, 0x00000000c5580000, 0x00000000eab00000)
  object space 87552K, 16% used [0x00000000c0000000,0x00000000c0e48c38,0x00000000c5580000)
 Metaspace       used 6270K, capacity 7154K, committed 7296K, reserved 1056768K
  class space    used 598K, capacity 618K, committed 640K, reserved 1048576K

Card table byte_map: [0x0000000011d70000,0x0000000011f80000] byte_map_base: 0x0000000011770000

Marking Bits: (ParMarkBitMap*) 0x0000000061803950
 Begin Bits: [0x00000000128e0000, 0x00000000138e0000)
 End Bits:   [0x00000000138e0000, 0x00000000148e0000)

Polling page: 0x0000000000dc0000

CodeCache: size=245760Kb used=7568Kb max_used=7568Kb free=238191Kb
 bounds [0x00000000029b0000, 0x0000000003120000, 0x00000000119b0000]
 total_blobs=1977 nmethods=1715 adapters=176
 compilation: enabled

Compilation events (10 events):
Event: 3.328 Thread 0x00000000154dd800 1778       1       com.android.dx.cf.attrib.AttConstantValue::getConstantValue (5 bytes)
Event: 3.329 Thread 0x00000000154dd800 nmethod 1778 0x00000000030f6bd0 code [0x00000000030f6d20, 0x00000000030f6e30]
Event: 3.336 Thread 0x00000000154dd800 1779       2       com.android.dx.rop.code.RegisterSpecList::withoutLast (60 bytes)
Event: 3.336 Thread 0x00000000154dd800 nmethod 1779 0x0000000003118090 code [0x0000000003118260, 0x0000000003118848]
Event: 3.344 Thread 0x00000000154dd800 1781       2       com.android.dx.ssa.NormalSsaInsn::clone (5 bytes)
Event: 3.344 Thread 0x00000000154dd800 nmethod 1781 0x000000000310c810 code [0x000000000310c980, 0x000000000310cc18]
Event: 3.344 Thread 0x00000000154dd800 1782       2       com.android.dx.ssa.NormalSsaInsn::clone (8 bytes)
Event: 3.344 Thread 0x00000000154dd800 nmethod 1782 0x0000000003118e50 code [0x0000000003118fc0, 0x0000000003119258]
Event: 3.411 Thread 0x00000000154dd800 1783       1       com.android.dx.rop.cst.CstFloat::getType (4 bytes)
Event: 3.411 Thread 0x00000000154dd800 nmethod 1783 0x00000000031193d0 code [0x0000000003119520, 0x0000000003119630]

GC Heap History (6 events):
Event: 1.214 GC heap before
{Heap before GC invocations=1 (full 0):
 PSYoungGen      total 38400K, used 33280K [0x00000000eab00000, 0x00000000ed580000, 0x0000000100000000)
  eden space 33280K, 100% used [0x00000000eab00000,0x00000000ecb80000,0x00000000ecb80000)
  from space 5120K, 0% used [0x00000000ed080000,0x00000000ed080000,0x00000000ed580000)
  to   space 5120K, 0% used [0x00000000ecb80000,0x00000000ecb80000,0x00000000ed080000)
 ParOldGen       total 87552K, used 0K [0x00000000c0000000, 0x00000000c5580000, 0x00000000eab00000)
  object space 87552K, 0% used [0x00000000c0000000,0x00000000c0000000,0x00000000c5580000)
 Metaspace       used 5814K, capacity 6832K, committed 7040K, reserved 1056768K
  class space    used 575K, capacity 616K, committed 640K, reserved 1048576K
Event: 1.234 GC heap after
Heap after GC invocations=1 (full 0):
 PSYoungGen      total 38400K, used 5097K [0x00000000eab00000, 0x00000000ef600000, 0x0000000100000000)
  eden space 33280K, 0% used [0x00000000eab00000,0x00000000eab00000,0x00000000ecb80000)
  from space 5120K, 99% used [0x00000000ecb80000,0x00000000ed07a460,0x00000000ed080000)
  to   space 5120K, 0% used [0x00000000ef100000,0x00000000ef100000,0x00000000ef600000)
 ParOldGen       total 87552K, used 938K [0x00000000c0000000, 0x00000000c5580000, 0x00000000eab00000)
  object space 87552K, 1% used [0x00000000c0000000,0x00000000c00ea8b0,0x00000000c5580000)
 Metaspace       used 5814K, capacity 6832K, committed 7040K, reserved 1056768K
  class space    used 575K, capacity 616K, committed 640K, reserved 1048576K
}
Event: 2.517 GC heap before
{Heap before GC invocations=2 (full 0):
 PSYoungGen      total 38400K, used 38377K [0x00000000eab00000, 0x00000000ef600000, 0x0000000100000000)
  eden space 33280K, 100% used [0x00000000eab00000,0x00000000ecb80000,0x00000000ecb80000)
  from space 5120K, 99% used [0x00000000ecb80000,0x00000000ed07a460,0x00000000ed080000)
  to   space 5120K, 0% used [0x00000000ef100000,0x00000000ef100000,0x00000000ef600000)
 ParOldGen       total 87552K, used 938K [0x00000000c0000000, 0x00000000c5580000, 0x00000000eab00000)
  object space 87552K, 1% used [0x00000000c0000000,0x00000000c00ea8b0,0x00000000c5580000)
 Metaspace       used 6173K, capacity 7090K, committed 7296K, reserved 1056768K
  class space    used 597K, capacity 618K, committed 640K, reserved 1048576K
Event: 2.623 GC heap after
Heap after GC invocations=2 (full 0):
 PSYoungGen      total 71680K, used 5090K [0x00000000eab00000, 0x00000000ef600000, 0x0000000100000000)
  eden space 66560K, 0% used [0x00000000eab00000,0x00000000eab00000,0x00000000eec00000)
  from space 5120K, 99% used [0x00000000ef100000,0x00000000ef5f8b30,0x00000000ef600000)
  to   space 5120K, 0% used [0x00000000eec00000,0x00000000eec00000,0x00000000ef100000)
 ParOldGen       total 87552K, used 4706K [0x00000000c0000000, 0x00000000c5580000, 0x00000000eab00000)
  object space 87552K, 5% used [0x00000000c0000000,0x00000000c0498ac0,0x00000000c5580000)
 Metaspace       used 6173K, capacity 7090K, committed 7296K, reserved 1056768K
  class space    used 597K, capacity 618K, committed 640K, reserved 1048576K
}
Event: 3.208 GC heap before
{Heap before GC invocations=3 (full 0):
 PSYoungGen      total 71680K, used 71650K [0x00000000eab00000, 0x00000000ef600000, 0x0000000100000000)
  eden space 66560K, 100% used [0x00000000eab00000,0x00000000eec00000,0x00000000eec00000)
  from space 5120K, 99% used [0x00000000ef100000,0x00000000ef5f8b30,0x00000000ef600000)
  to   space 5120K, 0% used [0x00000000eec00000,0x00000000eec00000,0x00000000ef100000)
 ParOldGen       total 87552K, used 4706K [0x00000000c0000000, 0x00000000c5580000, 0x00000000eab00000)
  object space 87552K, 5% used [0x00000000c0000000,0x00000000c0498ac0,0x00000000c5580000)
 Metaspace       used 6260K, capacity 7154K, committed 7296K, reserved 1056768K
  class space    used 598K, capacity 618K, committed 640K, reserved 1048576K
Event: 3.266 GC heap after
Heap after GC invocations=3 (full 0):
 PSYoungGen      total 71680K, used 5095K [0x00000000eab00000, 0x00000000f3700000, 0x0000000100000000)
  eden space 66560K, 0% used [0x00000000eab00000,0x00000000eab00000,0x00000000eec00000)
  from space 5120K, 99% used [0x00000000eec00000,0x00000000ef0f9ef0,0x00000000ef100000)
  to   space 5120K, 0% used [0x00000000f3200000,0x00000000f3200000,0x00000000f3700000)
 ParOldGen       total 87552K, used 14627K [0x00000000c0000000, 0x00000000c5580000, 0x00000000eab00000)
  object space 87552K, 16% used [0x00000000c0000000,0x00000000c0e48c38,0x00000000c5580000)
 Metaspace       used 6260K, capacity 7154K, committed 7296K, reserved 1056768K
  class space    used 598K, capacity 618K, committed 640K, reserved 1048576K
}

Deoptimization events (10 events):
Event: 2.699 Thread 0x0000000017702800 Uncommon trap: reason=bimorphic action=maybe_recompile pc=0x0000000002ece1f4 method=com.android.dx.ssa.LiteralOpUpgrader.tryReplacingWithConstant(Lcom/android/dx/ssa/NormalSsaInsn;)Z @ 52
Event: 2.699 Thread 0x0000000017702800 Uncommon trap: reason=unstable_if action=reinterpret pc=0x00000000030460cc method=com.android.dx.dex.code.RopToDop.dopFor(Lcom/android/dx/rop/code/Insn;)Lcom/android/dx/dex/code/Dop; @ 747
Event: 2.701 Thread 0x0000000017702800 Uncommon trap: reason=null_check action=make_not_entrant pc=0x0000000002cd8c00 method=com.android.dx.ssa.SsaRenamer.getLocalForNewReg(I)Lcom/android/dx/rop/code/LocalItem; @ 19
Event: 2.716 Thread 0x00000000028ae000 Uncommon trap: reason=unstable_if action=reinterpret pc=0x0000000002f29404 method=java.util.HashMap.putVal(ILjava/lang/Object;Ljava/lang/Object;ZZ)Ljava/lang/Object; @ 162
Event: 2.742 Thread 0x000000001777b800 Uncommon trap: reason=unstable_if action=reinterpret pc=0x0000000002d20efc method=com.android.dx.util.IntList.binarysearch(I)I @ 105
Event: 2.743 Thread 0x000000001777b800 Uncommon trap: reason=unstable_if action=reinterpret pc=0x0000000002f2fce4 method=com.android.dx.ssa.SsaBasicBlock.newFromRop(Lcom/android/dx/rop/code/RopMethod;ILcom/android/dx/ssa/SsaMethod;)Lcom/android/dx/ssa/SsaBasicBlock; @ 164
Event: 2.749 Thread 0x000000001777b800 Uncommon trap: reason=bimorphic action=maybe_recompile pc=0x0000000002ece1f4 method=com.android.dx.ssa.LiteralOpUpgrader.tryReplacingWithConstant(Lcom/android/dx/ssa/NormalSsaInsn;)Z @ 52
Event: 2.932 Thread 0x000000001777b800 Uncommon trap: reason=bimorphic action=maybe_recompile pc=0x0000000002ece1f4 method=com.android.dx.ssa.LiteralOpUpgrader.tryReplacingWithConstant(Lcom/android/dx/ssa/NormalSsaInsn;)Z @ 52
Event: 2.985 Thread 0x0000000017785800 Uncommon trap: reason=unstable_if action=reinterpret pc=0x0000000002fd2eec method=java.util.HashMap.resize()[Ljava/util/HashMap$Node; @ 206
Event: 3.022 Thread 0x00000000028ae000 Uncommon trap: reason=unstable_if action=reinterpret pc=0x0000000002ece3dc method=com.android.dx.ssa.LiteralOpUpgrader$1.visitNonMoveInsn(Lcom/android/dx/ssa/NormalSsaInsn;)V @ 176

Classes redefined (0 events):
No events

Internal exceptions (6 events):
Event: 0.073 Thread 0x00000000028ae000 Exception <a 'java/lang/NoSuchMethodError': Method sun.misc.Unsafe.defineClass(Ljava/lang/String;[BII)Ljava/lang/Class; name or signature does not match> (0x00000000eab07ca8) thrown at [D:\src\AOSP-openjdk-cygwin\jdk8u\hotspot\src\share\vm\prims\jni.cpp, 
Event: 0.073 Thread 0x00000000028ae000 Exception <a 'java/lang/NoSuchMethodError': Method sun.misc.Unsafe.prefetchRead(Ljava/lang/Object;J)V name or signature does not match> (0x00000000eab07f90) thrown at [D:\src\AOSP-openjdk-cygwin\jdk8u\hotspot\src\share\vm\prims\jni.cpp, line 4011]
Event: 2.480 Thread 0x00000000181d9000 Exception <a 'java/lang/ArrayIndexOutOfBoundsException': 18> (0x00000000ebe31da0) thrown at [D:\src\AOSP-openjdk-cygwin\jdk8u\hotspot\src\share\vm\interpreter\interpreterRuntime.cpp, line 366]
Event: 2.481 Thread 0x00000000181d9000 Exception <a 'java/lang/ArrayIndexOutOfBoundsException': 145> (0x00000000ebe33920) thrown at [D:\src\AOSP-openjdk-cygwin\jdk8u\hotspot\src\share\vm\interpreter\interpreterRuntime.cpp, line 366]
Event: 2.492 Thread 0x00000000181d9000 Exception <a 'java/lang/ArrayIndexOutOfBoundsException': 40> (0x00000000ebe34c08) thrown at [D:\src\AOSP-openjdk-cygwin\jdk8u\hotspot\src\share\vm\interpreter\interpreterRuntime.cpp, line 366]
Event: 2.701 Thread 0x0000000017702800 Implicit null exception at 0x0000000002cd5abd to 0x0000000002cd8bbd

Events (10 events):
Event: 2.985 Thread 0x0000000017785800 Uncommon trap: trap_request=0xffffff65 fr.pc=0x0000000002fd2eec
Event: 2.985 Thread 0x0000000017785800 DEOPT PACKING pc=0x0000000002fd2eec sp=0x0000000018c8e740
Event: 2.985 Thread 0x0000000017785800 DEOPT UNPACKING pc=0x00000000029f556a sp=0x0000000018c8e6a8 mode 2
Event: 3.022 Thread 0x00000000028ae000 Uncommon trap: trap_request=0xffffff65 fr.pc=0x0000000002ece3dc
Event: 3.022 Thread 0x00000000028ae000 DEOPT PACKING pc=0x0000000002ece3dc sp=0x00000000027de150
Event: 3.022 Thread 0x00000000028ae000 DEOPT UNPACKING pc=0x00000000029f556a sp=0x00000000027de130 mode 2
Event: 3.153 Thread 0x0000000017785800 DEOPT PACKING pc=0x000000000309c0f6 sp=0x0000000018c8ea00
Event: 3.153 Thread 0x0000000017785800 DEOPT UNPACKING pc=0x00000000029f75bf sp=0x0000000018c8e7b8 mode 0
Event: 3.186 Executing VM operation: ParallelGCFailedAllocation
Event: 3.266 Executing VM operation: ParallelGCFailedAllocation done


Dynamic libraries:
0x00007ff79f7c0000 - 0x00007ff79f7f1000 	C:\Program Files\Android\Android Studio\jre\bin\java.exe
0x00007fff70c00000 - 0x00007fff70de1000 	C:\WINDOWS\SYSTEM32\ntdll.dll
0x00007fff6e160000 - 0x00007fff6e212000 	C:\WINDOWS\System32\KERNEL32.DLL
0x00007fff6de10000 - 0x00007fff6e083000 	C:\WINDOWS\System32\KERNELBASE.dll
0x00007fff70910000 - 0x00007fff709b1000 	C:\WINDOWS\System32\ADVAPI32.dll
0x00007fff70020000 - 0x00007fff700be000 	C:\WINDOWS\System32\msvcrt.dll
0x00007fff6fe10000 - 0x00007fff6fe6b000 	C:\WINDOWS\System32\sechost.dll
0x00007fff704f0000 - 0x00007fff70614000 	C:\WINDOWS\System32\RPCRT4.dll
0x00007fff70a40000 - 0x00007fff70bd0000 	C:\WINDOWS\System32\USER32.dll
0x00007fff6d440000 - 0x00007fff6d460000 	C:\WINDOWS\System32\win32u.dll
0x00007fff6fb00000 - 0x00007fff6fb28000 	C:\WINDOWS\System32\GDI32.dll
0x00007fff6d180000 - 0x00007fff6d312000 	C:\WINDOWS\System32\gdi32full.dll
0x00007fff6d3a0000 - 0x00007fff6d43f000 	C:\WINDOWS\System32\msvcp_win.dll
0x00007fff6cfd0000 - 0x00007fff6d0ca000 	C:\WINDOWS\System32\ucrtbase.dll
0x00007fff62cb0000 - 0x00007fff62f19000 	C:\WINDOWS\WinSxS\amd64_microsoft.windows.common-controls_6595b64144ccf1df_6.0.17134.112_none_fb3f961b30681c12\COMCTL32.dll
0x00007fff701c0000 - 0x00007fff704e3000 	C:\WINDOWS\System32\combase.dll
0x00007fff6d320000 - 0x00007fff6d39a000 	C:\WINDOWS\System32\bcryptPrimitives.dll
0x00007fff6fad0000 - 0x00007fff6fafd000 	C:\WINDOWS\System32\IMM32.DLL
0x0000000060e80000 - 0x0000000060f52000 	C:\Program Files\Android\Android Studio\jre\jre\bin\msvcr100.dll
0x0000000061040000 - 0x000000006187e000 	C:\Program Files\Android\Android Studio\jre\jre\bin\server\jvm.dll
0x00007fff707a0000 - 0x00007fff707a8000 	C:\WINDOWS\System32\PSAPI.DLL
0x00007fff59bd0000 - 0x00007fff59bd9000 	C:\WINDOWS\SYSTEM32\WSOCK32.dll
0x00007fff6fb30000 - 0x00007fff6fb9c000 	C:\WINDOWS\System32\WS2_32.dll
0x00007fff6b340000 - 0x00007fff6b363000 	C:\WINDOWS\SYSTEM32\WINMM.dll
0x00007fff68eb0000 - 0x00007fff68eba000 	C:\WINDOWS\SYSTEM32\VERSION.dll
0x00007fff6b310000 - 0x00007fff6b33a000 	C:\WINDOWS\SYSTEM32\WINMMBASE.dll
0x00007fff6d460000 - 0x00007fff6d4a9000 	C:\WINDOWS\System32\cfgmgr32.dll
0x00007fff5ede0000 - 0x00007fff5edef000 	C:\Program Files\Android\Android Studio\jre\jre\bin\verify.dll
0x00007fff5edb0000 - 0x00007fff5edd9000 	C:\Program Files\Android\Android Studio\jre\jre\bin\java.dll
0x00007fff5ed90000 - 0x00007fff5eda6000 	C:\Program Files\Android\Android Studio\jre\jre\bin\zip.dll
0x00007fff6e690000 - 0x00007fff6fad0000 	C:\WINDOWS\System32\SHELL32.dll
0x00007fff70620000 - 0x00007fff706c9000 	C:\WINDOWS\System32\shcore.dll
0x00007fff6d700000 - 0x00007fff6de0d000 	C:\WINDOWS\System32\windows.storage.dll
0x00007fff6e0a0000 - 0x00007fff6e0f1000 	C:\WINDOWS\System32\shlwapi.dll
0x00007fff6cfb0000 - 0x00007fff6cfc1000 	C:\WINDOWS\System32\kernel.appcore.dll
0x00007fff6cf40000 - 0x00007fff6cf5f000 	C:\WINDOWS\System32\profapi.dll
0x00007fff6cf60000 - 0x00007fff6cfac000 	C:\WINDOWS\System32\powrprof.dll
0x00007fff6cf30000 - 0x00007fff6cf3a000 	C:\WINDOWS\System32\FLTLIB.DLL

VM Arguments:
jvm_args: -Djava.awt.headless=true -Xmx1024M -Dfile.encoding=windows-1252 -Duser.country=ID -Duser.language=en -Duser.variant 
java_command: com.android.dx.command.Main --dex --num-threads=4 --output D:\AndroidLibrary\perisaiV_1.0.1\app\build\intermediates\pre-dexed\debug\com.android.support-recyclerview-v7-25.0.0_88953b881094714489ecaee940e4bbf39162f05d.jar D:\AndroidLibrary\perisaiV_1.0.1\app\build\intermediates\exploded-aar\com.android.support\recyclerview-v7\25.0.0\jars\classes.jar
java_class_path (initial): C:\Users\Ryan\AppData\Local\Android\sdk\build-tools\25.0.1\lib\dx.jar
Launcher Type: SUN_STANDARD

Environment Variables:
PATH=C:\Program Files (x86)\Intel\iCLS Client\;C:\Program Files\Intel\iCLS Client\;C:\Windows\system32;C:\Windows;C:\Windows\System32\Wbem;C:\Windows\System32\WindowsPowerShell\v1.0\;C:\Program Files (x86)\NVIDIA Corporation\PhysX\Common;C:\Program Files (x86)\Intel\Intel(R) Management Engine Components\DAL;C:\Program Files\Intel\Intel(R) Management Engine Components\DAL;C:\Program Files (x86)\Intel\Intel(R) Management Engine Components\IPT;C:\Program Files\Intel\Intel(R) Management Engine Components\IPT;C:\Program Files\Intel\WiFi\bin\;C:\Program Files\Common Files\Intel\WirelessCommon\;C:\Program Files\dotnet\;%SystemRoot%\system32;%SystemRoot%;%SystemRoot%\System32\Wbem;%SYSTEMROOT%\System32\WindowsPowerShell\v1.0\;%SYSTEMROOT%\System32\OpenSSH\;C:\Users\Ryan\AppData\Local\Microsoft\WindowsApps;C:\Program Files\Intel\WiFi\bin\;C:\Program Files\Common Files\Intel\WirelessCommon\;
USERNAME=Ryan
OS=Windows_NT
PROCESSOR_IDENTIFIER=Intel64 Family 6 Model 158 Stepping 9, GenuineIntel



---------------  S Y S T E M  ---------------

OS: Windows 10.0 , 64 bit Build 17134 (10.0.17134.1)

CPU:total 8 (initial active 8) (4 cores per cpu, 2 threads per core) family 6 model 158 stepping 9, cmov, cx8, fxsr, mmx, sse, sse2, sse3, ssse3, sse4.1, sse4.2, popcnt, avx, avx2, aes, clmul, erms, 3dnowpref, lzcnt, ht, tsc, tscinvbit, bmi1, bmi2, adx

Memory: 4k page, physical 8304332k(487504k free), swap 16496332k(7320k free)

vm_info: OpenJDK 64-Bit Server VM (25.152-b01) for windows-amd64 JRE (1.8.0_152-release-915-b01), built by "builder" with MS VC++ 10.0 (VS2010)

time: Mon Jun 25 12:32:12 2018
elapsed time: 3 seconds (0d 0h 0m 3s)

