#
# There is insufficient memory for the Java Runtime Environment to continue.
# Native memory allocation (malloc) failed to allocate 32744 bytes for ChunkPool::allocate
# Possible reasons:
#   The system is out of physical RAM or swap space
#   In 32 bit mode, the process size limit was hit
# Possible solutions:
#   Reduce memory load on the system
#   Increase physical memory or swap space
#   Check if swap backing store is full
#   Use 64 bit Java on a 64 bit OS
#   Decrease Java heap size (-Xmx/-Xms)
#   Decrease number of Java threads
#   Decrease Java thread stack sizes (-Xss)
#   Set larger code cache with -XX:ReservedCodeCacheSize=
# This output file may be truncated or incomplete.
#
#  Out of Memory Error (allocation.cpp:273), pid=4944, tid=0x00000000000032a4
#
# JRE version: OpenJDK Runtime Environment (8.0_152-b01) (build 1.8.0_152-release-915-b01)
# Java VM: OpenJDK 64-Bit Server VM (25.152-b01 mixed mode windows-amd64 compressed oops)
# Failed to write core dump. Minidumps are not enabled by default on client versions of Windows
#

---------------  T H R E A D  ---------------

Current thread (0x0000000016fda000):  JavaThread "C2 CompilerThread0" daemon [_thread_in_native, id=12964, stack(0x00000000177a0000,0x00000000178a0000)]

Stack: [0x00000000177a0000,0x00000000178a0000]
[error occurred during error reporting (printing stack bounds), id 0xc0000005]

Native frames: (J=compiled Java code, j=interpreted, Vv=VM code, C=native code)


Current CompileTask:
C2:   1095  657       4       com.android.dx.ssa.SsaBasicBlock::forEachInsn (37 bytes)


---------------  P R O C E S S  ---------------

Java Threads: ( => current thread )
  0x0000000017dbd000 JavaThread "pool-1-thread-4" [_thread_in_Java, id=14756, stack(0x00000000189a0000,0x0000000018aa0000)]
  0x0000000017dbc800 JavaThread "pool-1-thread-3" [_thread_blocked, id=15380, stack(0x00000000188a0000,0x00000000189a0000)]
  0x0000000017db7000 JavaThread "pool-1-thread-2" [_thread_in_Java, id=6212, stack(0x00000000187a0000,0x00000000188a0000)]
  0x0000000017db4800 JavaThread "pool-2-thread-1" [_thread_blocked, id=4748, stack(0x00000000186a0000,0x00000000187a0000)]
  0x0000000017db3800 JavaThread "pool-1-thread-1" [_thread_in_Java, id=6884, stack(0x00000000185a0000,0x00000000186a0000)]
  0x0000000017079800 JavaThread "Service Thread" daemon [_thread_blocked, id=11520, stack(0x0000000017ba0000,0x0000000017ca0000)]
  0x0000000016ff3000 JavaThread "C1 CompilerThread3" daemon [_thread_in_native, id=8584, stack(0x0000000017aa0000,0x0000000017ba0000)]
  0x0000000016fef000 JavaThread "C2 CompilerThread2" daemon [_thread_in_native, id=15920, stack(0x00000000179a0000,0x0000000017aa0000)]
  0x0000000016fdd000 JavaThread "C2 CompilerThread1" daemon [_thread_in_native, id=4936, stack(0x00000000178a0000,0x00000000179a0000)]
=>0x0000000016fda000 JavaThread "C2 CompilerThread0" daemon [_thread_in_native, id=12964, stack(0x00000000177a0000,0x00000000178a0000)]
  0x0000000016fd9800 JavaThread "Attach Listener" daemon [_thread_blocked, id=8284, stack(0x00000000176a0000,0x00000000177a0000)]
  0x0000000016fe5800 JavaThread "Signal Dispatcher" daemon [_thread_blocked, id=7724, stack(0x00000000175a0000,0x00000000176a0000)]
  0x00000000150c1800 JavaThread "Finalizer" daemon [_thread_blocked, id=4544, stack(0x00000000173b0000,0x00000000174b0000)]
  0x00000000024d7000 JavaThread "Reference Handler" daemon [_thread_blocked, id=5568, stack(0x0000000016eb0000,0x0000000016fb0000)]
  0x000000000259e000 JavaThread "main" [_thread_in_Java, id=13768, stack(0x0000000002270000,0x0000000002370000)]

Other Threads:
  0x00000000150b5000 VMThread [stack: 0x0000000016db0000,0x0000000016eb0000] [id=12604]
  0x000000001707a800 WatcherThread [stack: 0x0000000017ca0000,0x0000000017da0000] [id=6712]

VM state:not at safepoint (normal execution)

VM Mutex/Monitor currently owned by a thread: None

Heap:
 PSYoungGen      total 38400K, used 20264K [0x00000000eab00000, 0x00000000ed580000, 0x0000000100000000)
  eden space 33280K, 60% used [0x00000000eab00000,0x00000000ebeca088,0x00000000ecb80000)
  from space 5120K, 0% used [0x00000000ed080000,0x00000000ed080000,0x00000000ed580000)
  to   space 5120K, 0% used [0x00000000ecb80000,0x00000000ecb80000,0x00000000ed080000)
 ParOldGen       total 87552K, used 0K [0x00000000c0000000, 0x00000000c5580000, 0x00000000eab00000)
  object space 87552K, 0% used [0x00000000c0000000,0x00000000c0000000,0x00000000c5580000)
 Metaspace       used 5584K, capacity 6640K, committed 6784K, reserved 1058816K
  class space    used 575K, capacity 616K, committed 640K, reserved 1048576K

Card table byte_map: [0x0000000011960000,0x0000000011b70000] byte_map_base: 0x0000000011360000

Marking Bits: (ParMarkBitMap*) 0x0000000061c63950
 Begin Bits: [0x00000000124d0000, 0x00000000134d0000)
 End Bits:   [0x00000000134d0000, 0x00000000144d0000)

Polling page: 0x0000000002370000

CodeCache: size=245760Kb used=2401Kb max_used=2421Kb free=243358Kb
 bounds [0x00000000025a0000, 0x0000000002810000, 0x00000000115a0000]
 total_blobs=888 nmethods=626 adapters=176
 compilation: enabled

Compilation events (10 events):
Event: 1.090 Thread 0x0000000016fdd000 nmethod 643 0x00000000027bfad0 code [0x00000000027bfc00, 0x00000000027bfc58]
Event: 1.091 Thread 0x0000000016fda000 nmethod 604 0x00000000027e7610 code [0x00000000027e7740, 0x00000000027e77b8]
Event: 1.091 Thread 0x0000000016fef000  650       4       com.android.dx.rop.type.Type::hashCode (8 bytes)
Event: 1.091 Thread 0x0000000016fdd000  651       4       com.android.dx.ssa.NormalSsaInsn::getOpcode (8 bytes)
Event: 1.091 Thread 0x0000000016fda000  652       4       java.lang.Math::max (11 bytes)
Event: 1.091 Thread 0x0000000016fdd000 nmethod 651 0x00000000027d5050 code [0x00000000027d5180, 0x00000000027d51f8]
Event: 1.092 Thread 0x0000000016fda000 nmethod 652 0x00000000027e2dd0 code [0x00000000027e2f00, 0x00000000027e2f58]
Event: 1.092 Thread 0x0000000016fdd000  656       4       java.util.HashMap::getNode (148 bytes)
Event: 1.093 Thread 0x0000000016fda000  657       4       com.android.dx.ssa.SsaBasicBlock::forEachInsn (37 bytes)
Event: 1.093 Thread 0x0000000016fef000 nmethod 650 0x00000000027fdf10 code [0x00000000027fe040, 0x00000000027fe1b8]

GC Heap History (0 events):
No events

Deoptimization events (2 events):
Event: 0.176 Thread 0x000000000259e000 Uncommon trap: reason=unstable_if action=reinterpret pc=0x00000000026fdc94 method=java.lang.String.compareTo(Ljava/lang/String;)I @ 38
Event: 1.065 Thread 0x0000000017db3800 Uncommon trap: reason=unstable_if action=reinterpret pc=0x00000000027d27b8 method=java.util.HashMap.getNode(ILjava/lang/Object;)Ljava/util/HashMap$Node; @ 62

Classes redefined (0 events):
No events

Internal exceptions (2 events):
Event: 0.026 Thread 0x000000000259e000 Exception <a 'java/lang/NoSuchMethodError': Method sun.misc.Unsafe.defineClass(Ljava/lang/String;[BII)Ljava/lang/Class; name or signature does not match> (0x00000000eab07ca8) thrown at [D:\src\AOSP-openjdk-cygwin\jdk8u\hotspot\src\share\vm\prims\jni.cpp, 
Event: 0.026 Thread 0x000000000259e000 Exception <a 'java/lang/NoSuchMethodError': Method sun.misc.Unsafe.prefetchRead(Ljava/lang/Object;J)V name or signature does not match> (0x00000000eab07f90) thrown at [D:\src\AOSP-openjdk-cygwin\jdk8u\hotspot\src\share\vm\prims\jni.cpp, line 4011]

Events (10 events):
Event: 1.065 Thread 0x0000000017db3800 DEOPT PACKING pc=0x00000000027d27b8 sp=0x000000001869e630
Event: 1.065 Thread 0x0000000017db3800 DEOPT UNPACKING pc=0x00000000025e556a sp=0x000000001869e5a8 mode 2
Event: 1.065 loading class com/android/dx/ssa/back/FirstFitLocalCombiningAllocator$Multiset
Event: 1.065 loading class com/android/dx/ssa/back/FirstFitLocalCombiningAllocator$Multiset done
Event: 1.085 loading class com/android/dx/cf/code/BytecodeArray$ConstantParserVisitor
Event: 1.085 loading class com/android/dx/cf/code/BytecodeArray$ConstantParserVisitor done
Event: 1.087 loading class com/android/dx/cf/code/Ropper$ExceptionHandlerSetup
Event: 1.087 loading class com/android/dx/cf/code/Ropper$ExceptionHandlerSetup done
Event: 1.088 loading class com/android/dx/cf/attrib/AttSignature
Event: 1.088 loading class com/android/dx/cf/attrib/AttSignature done


Dynamic libraries:
0x00007ff6b8c40000 - 0x00007ff6b8c71000 	C:\Program Files\Android\Android Studio\jre\bin\java.exe
0x00007ffd49e10000 - 0x00007ffd49ff1000 	C:\WINDOWS\SYSTEM32\ntdll.dll
0x00007ffd47bd0000 - 0x00007ffd47c82000 	C:\WINDOWS\System32\KERNEL32.DLL
0x00007ffd46360000 - 0x00007ffd465d3000 	C:\WINDOWS\System32\KERNELBASE.dll
0x00007ffd48580000 - 0x00007ffd48621000 	C:\WINDOWS\System32\ADVAPI32.dll
0x00007ffd47420000 - 0x00007ffd474be000 	C:\WINDOWS\System32\msvcrt.dll
0x00007ffd472a0000 - 0x00007ffd472fb000 	C:\WINDOWS\System32\sechost.dll
0x00007ffd487d0000 - 0x00007ffd488f4000 	C:\WINDOWS\System32\RPCRT4.dll
0x00007ffd47a40000 - 0x00007ffd47bd0000 	C:\WINDOWS\System32\USER32.dll
0x00007ffd467e0000 - 0x00007ffd46800000 	C:\WINDOWS\System32\win32u.dll
0x00007ffd48550000 - 0x00007ffd48578000 	C:\WINDOWS\System32\GDI32.dll
0x00007ffd465e0000 - 0x00007ffd46772000 	C:\WINDOWS\System32\gdi32full.dll
0x00007ffd47100000 - 0x00007ffd4719f000 	C:\WINDOWS\System32\msvcp_win.dll
0x00007ffd461e0000 - 0x00007ffd462da000 	C:\WINDOWS\System32\ucrtbase.dll
0x00007ffd3c220000 - 0x00007ffd3c489000 	C:\WINDOWS\WinSxS\amd64_microsoft.windows.common-controls_6595b64144ccf1df_6.0.17134.48_none_b4b2216a3cb4dd3e\COMCTL32.dll
0x00007ffd47710000 - 0x00007ffd47a33000 	C:\WINDOWS\System32\combase.dll
0x00007ffd462e0000 - 0x00007ffd4635a000 	C:\WINDOWS\System32\bcryptPrimitives.dll
0x00007ffd47320000 - 0x00007ffd4734d000 	C:\WINDOWS\System32\IMM32.DLL
0x00000000612e0000 - 0x00000000613b2000 	C:\Program Files\Android\Android Studio\jre\jre\bin\msvcr100.dll
0x00000000614a0000 - 0x0000000061cde000 	C:\Program Files\Android\Android Studio\jre\jre\bin\server\jvm.dll
0x00007ffd481c0000 - 0x00007ffd481c8000 	C:\WINDOWS\System32\PSAPI.DLL
0x00007ffd2ef90000 - 0x00007ffd2ef99000 	C:\WINDOWS\SYSTEM32\WSOCK32.dll
0x00007ffd48140000 - 0x00007ffd481ac000 	C:\WINDOWS\System32\WS2_32.dll
0x00007ffd442d0000 - 0x00007ffd442f3000 	C:\WINDOWS\SYSTEM32\WINMM.dll
0x00007ffd3f090000 - 0x00007ffd3f09a000 	C:\WINDOWS\SYSTEM32\VERSION.dll
0x00007ffd442a0000 - 0x00007ffd442ca000 	C:\WINDOWS\SYSTEM32\WINMMBASE.dll
0x00007ffd471a0000 - 0x00007ffd471e9000 	C:\WINDOWS\System32\cfgmgr32.dll
0x00007ffd3eb00000 - 0x00007ffd3eb0f000 	C:\Program Files\Android\Android Studio\jre\jre\bin\verify.dll
0x00007ffd3c560000 - 0x00007ffd3c589000 	C:\Program Files\Android\Android Studio\jre\jre\bin\java.dll
0x00007ffd3c180000 - 0x00007ffd3c196000 	C:\Program Files\Android\Android Studio\jre\jre\bin\zip.dll
0x00007ffd489a0000 - 0x00007ffd49de0000 	C:\WINDOWS\System32\SHELL32.dll
0x00007ffd48630000 - 0x00007ffd486d9000 	C:\WINDOWS\System32\shcore.dll
0x00007ffd46800000 - 0x00007ffd46f0d000 	C:\WINDOWS\System32\windows.storage.dll
0x00007ffd480e0000 - 0x00007ffd48131000 	C:\WINDOWS\System32\shlwapi.dll
0x00007ffd46140000 - 0x00007ffd46151000 	C:\WINDOWS\System32\kernel.appcore.dll
0x00007ffd46160000 - 0x00007ffd4617f000 	C:\WINDOWS\System32\profapi.dll
0x00007ffd46180000 - 0x00007ffd461cc000 	C:\WINDOWS\System32\powrprof.dll
0x00007ffd461d0000 - 0x00007ffd461da000 	C:\WINDOWS\System32\FLTLIB.DLL

VM Arguments:
jvm_args: -Djava.awt.headless=true -Xmx1024M -Dfile.encoding=windows-1252 -Duser.country=ID -Duser.language=en -Duser.variant 
java_command: com.android.dx.command.Main --dex --num-threads=4 --output D:\AndroidLibrary\perisaiV_1.0.0\app\build\intermediates\pre-dexed\debug\com.android.support-appcompat-v7-25.3.1_f06e529378d7f10e23e4ae298a1ae56e7da28219.jar D:\AndroidLibrary\perisaiV_1.0.0\app\build\intermediates\exploded-aar\com.android.support\appcompat-v7\25.3.1\jars\classes.jar
java_class_path (initial): C:\Users\Ryan\AppData\Local\Android\sdk\build-tools\25.0.1\lib\dx.jar
Launcher Type: SUN_STANDARD

Environment Variables:
PATH=C:\Program Files (x86)\Intel\iCLS Client\;C:\Program Files\Intel\iCLS Client\;C:\Windows\system32;C:\Windows;C:\Windows\System32\Wbem;C:\Windows\System32\WindowsPowerShell\v1.0\;C:\Program Files (x86)\NVIDIA Corporation\PhysX\Common;C:\Program Files (x86)\Intel\Intel(R) Management Engine Components\DAL;C:\Program Files\Intel\Intel(R) Management Engine Components\DAL;C:\Program Files (x86)\Intel\Intel(R) Management Engine Components\IPT;C:\Program Files\Intel\Intel(R) Management Engine Components\IPT;C:\Program Files\Intel\WiFi\bin\;C:\Program Files\Common Files\Intel\WirelessCommon\;C:\Program Files\dotnet\;%SystemRoot%\system32;%SystemRoot%;%SystemRoot%\System32\Wbem;%SYSTEMROOT%\System32\WindowsPowerShell\v1.0\;%SYSTEMROOT%\System32\OpenSSH\;C:\Users\Ryan\AppData\Local\Microsoft\WindowsApps;C:\Program Files\Intel\WiFi\bin\;C:\Program Files\Common Files\Intel\WirelessCommon\;
USERNAME=Ryan
OS=Windows_NT
PROCESSOR_IDENTIFIER=Intel64 Family 6 Model 158 Stepping 9, GenuineIntel



---------------  S Y S T E M  ---------------

OS: Windows 10.0 , 64 bit Build 17134 (10.0.17134.1)

CPU:total 8 (initial active 8) (4 cores per cpu, 2 threads per core) family 6 model 158 stepping 9, cmov, cx8, fxsr, mmx, sse, sse2, sse3, ssse3, sse4.1, sse4.2, popcnt, avx, avx2, aes, clmul, erms, 3dnowpref, lzcnt, ht, tsc, tscinvbit, bmi1, bmi2, adx

Memory: 4k page, physical 8304332k(602016k free), swap 16496332k(588k free)

vm_info: OpenJDK 64-Bit Server VM (25.152-b01) for windows-amd64 JRE (1.8.0_152-release-915-b01), built by "builder" with MS VC++ 10.0 (VS2010)

time: Mon May 28 14:35:45 2018
elapsed time: 1 seconds (0d 0h 0m 1s)

