#
# There is insufficient memory for the Java Runtime Environment to continue.
# Native memory allocation (malloc) failed to allocate 32744 bytes for ChunkPool::allocate
# Possible reasons:
#   The system is out of physical RAM or swap space
#   In 32 bit mode, the process size limit was hit
# Possible solutions:
#   Reduce memory load on the system
#   Increase physical memory or swap space
#   Check if swap backing store is full
#   Use 64 bit Java on a 64 bit OS
#   Decrease Java heap size (-Xmx/-Xms)
#   Decrease number of Java threads
#   Decrease Java thread stack sizes (-Xss)
#   Set larger code cache with -XX:ReservedCodeCacheSize=
# This output file may be truncated or incomplete.
#
#  Out of Memory Error (allocation.cpp:273), pid=18192, tid=0x0000000000001dc0
#
# JRE version: OpenJDK Runtime Environment (8.0_152-b01) (build 1.8.0_152-release-915-b01)
# Java VM: OpenJDK 64-Bit Server VM (25.152-b01 mixed mode windows-amd64 compressed oops)
# Failed to write core dump. Minidumps are not enabled by default on client versions of Windows
#

---------------  T H R E A D  ---------------

Current thread (0x00000000177dc800):  JavaThread "C2 CompilerThread0" daemon [_thread_in_native, id=7616, stack(0x0000000017fa0000,0x00000000180a0000)]

Stack: [0x0000000017fa0000,0x00000000180a0000]
[error occurred during error reporting (printing stack bounds), id 0xc0000005]

Native frames: (J=compiled Java code, j=interpreted, Vv=VM code, C=native code)


Current CompileTask:
C2:    755  189       4       java.lang.String::lastIndexOf (52 bytes)


---------------  P R O C E S S  ---------------

Java Threads: ( => current thread )
  0x0000000017af9800 JavaThread "pool-1-thread-4" [_thread_new, id=3800, stack(0x0000000000000000,0x0000000000000000)]
  0x0000000017af8800 JavaThread "pool-1-thread-3" [_thread_new, id=17380, stack(0x0000000000000000,0x0000000000000000)]
  0x0000000017af4000 JavaThread "pool-1-thread-2" [_thread_new, id=2700, stack(0x0000000000000000,0x0000000000000000)]
  0x0000000017a8a000 JavaThread "pool-2-thread-1" [_thread_new, id=4244, stack(0x0000000000000000,0x0000000000000000)]
  0x0000000017a91000 JavaThread "pool-1-thread-1" [_thread_new, id=11052, stack(0x0000000000000000,0x0000000000000000)]
  0x0000000017840000 JavaThread "Service Thread" daemon [_thread_blocked, id=12660, stack(0x00000000183a0000,0x00000000184a0000)]
  0x000000001783d000 JavaThread "C1 CompilerThread3" daemon [_thread_blocked, id=14664, stack(0x00000000182a0000,0x00000000183a0000)]
  0x0000000017838000 JavaThread "C2 CompilerThread2" daemon [_thread_blocked, id=11672, stack(0x00000000181a0000,0x00000000182a0000)]
  0x0000000017836800 JavaThread "C2 CompilerThread1" daemon [_thread_blocked, id=17632, stack(0x00000000180a0000,0x00000000181a0000)]
=>0x00000000177dc800 JavaThread "C2 CompilerThread0" daemon [_thread_in_native, id=7616, stack(0x0000000017fa0000,0x00000000180a0000)]
  0x00000000177db000 JavaThread "Attach Listener" daemon [_thread_blocked, id=6608, stack(0x0000000017ea0000,0x0000000017fa0000)]
  0x00000000177d8000 JavaThread "Signal Dispatcher" daemon [_thread_blocked, id=3632, stack(0x0000000017da0000,0x0000000017ea0000)]
  0x0000000002da9000 JavaThread "Finalizer" daemon [_thread_blocked, id=18408, stack(0x0000000017bb0000,0x0000000017cb0000)]
  0x0000000002da5800 JavaThread "Reference Handler" daemon [_thread_blocked, id=18404, stack(0x00000000176b0000,0x00000000177b0000)]
  0x0000000002a8e000 JavaThread "main" [_thread_in_Java, id=18340, stack(0x0000000002ab0000,0x0000000002bb0000)]

Other Threads:
  0x00000000158c7800 VMThread [stack: 0x00000000175b0000,0x00000000176b0000] [id=18396]
  0x0000000017841000 WatcherThread [stack: 0x00000000184a0000,0x00000000185a0000] [id=16080]

VM state:not at safepoint (normal execution)

VM Mutex/Monitor currently owned by a thread: None

Heap:
 PSYoungGen      total 38400K, used 5991K [0x00000000eab00000, 0x00000000ed580000, 0x0000000100000000)
  eden space 33280K, 18% used [0x00000000eab00000,0x00000000eb0d9c00,0x00000000ecb80000)
  from space 5120K, 0% used [0x00000000ed080000,0x00000000ed080000,0x00000000ed580000)
  to   space 5120K, 0% used [0x00000000ecb80000,0x00000000ecb80000,0x00000000ed080000)
 ParOldGen       total 87552K, used 0K [0x00000000c0000000, 0x00000000c5580000, 0x00000000eab00000)
  object space 87552K, 0% used [0x00000000c0000000,0x00000000c0000000,0x00000000c5580000)
 Metaspace       used 3934K, capacity 5168K, committed 5376K, reserved 1056768K
  class space    used 433K, capacity 488K, committed 512K, reserved 1048576K

Card table byte_map: [0x0000000012170000,0x0000000012380000] byte_map_base: 0x0000000011b70000

Marking Bits: (ParMarkBitMap*) 0x0000000061803950
 Begin Bits: [0x0000000012ce0000, 0x0000000013ce0000)
 End Bits:   [0x0000000013ce0000, 0x0000000014ce0000)

Polling page: 0x0000000001200000

CodeCache: size=245760Kb used=1597Kb max_used=1597Kb free=244162Kb
 bounds [0x0000000002db0000, 0x0000000003020000, 0x0000000011db0000]
 total_blobs=485 nmethods=233 adapters=166
 compilation: enabled

Compilation events (10 events):
Event: 0.732 Thread 0x000000001783d000  179       1       com.android.dx.rop.cst.CstString::isCategory2 (2 bytes)
Event: 0.732 Thread 0x000000001783d000 nmethod 179 0x0000000002f1ab50 code [0x0000000002f1aca0, 0x0000000002f1adb0]
Event: 0.732 Thread 0x000000001783d000  180       3       com.android.dx.util.MutabilityControl::throwIfImmutable (18 bytes)
Event: 0.732 Thread 0x000000001783d000 nmethod 180 0x0000000002f1ae10 code [0x0000000002f1af80, 0x0000000002f1b1e8]
Event: 0.732 Thread 0x000000001783d000  181   !   3       com.android.dx.rop.cst.StdConstantPool::getOrNull (13 bytes)
Event: 0.733 Thread 0x000000001783d000 nmethod 181 0x0000000002f1b2d0 code [0x0000000002f1b4c0, 0x0000000002f1bdc8]
Event: 0.733 Thread 0x000000001783d000  183   !   3       com.android.dx.cf.cst.ConstantPoolParser::parse0 (731 bytes)
Event: 0.736 Thread 0x0000000017836800  188       4       java.util.concurrent.ConcurrentHashMap::setTabAt (19 bytes)
Event: 0.736 Thread 0x0000000017836800 nmethod 188 0x0000000002f1f210 code [0x0000000002f1f340, 0x0000000002f1f3b8]
Event: 0.737 Thread 0x00000000177dc800  189       4       java.lang.String::lastIndexOf (52 bytes)

GC Heap History (0 events):
No events

Deoptimization events (0 events):
No events

Classes redefined (0 events):
No events

Internal exceptions (2 events):
Event: 0.078 Thread 0x0000000002a8e000 Exception <a 'java/lang/NoSuchMethodError': Method sun.misc.Unsafe.defineClass(Ljava/lang/String;[BII)Ljava/lang/Class; name or signature does not match> (0x00000000eab07ca8) thrown at [D:\src\AOSP-openjdk-cygwin\jdk8u\hotspot\src\share\vm\prims\jni.cpp, 
Event: 0.078 Thread 0x0000000002a8e000 Exception <a 'java/lang/NoSuchMethodError': Method sun.misc.Unsafe.prefetchRead(Ljava/lang/Object;J)V name or signature does not match> (0x00000000eab07f90) thrown at [D:\src\AOSP-openjdk-cygwin\jdk8u\hotspot\src\share\vm\prims\jni.cpp, line 4011]

Events (10 events):
Event: 0.736 loading class com/android/dx/rop/cst/CstChar
Event: 0.736 loading class com/android/dx/rop/cst/CstChar done
Event: 0.737 loading class com/android/dx/rop/cst/CstShort
Event: 0.737 loading class com/android/dx/rop/cst/CstShort done
Event: 0.737 loading class com/android/dx/rop/cst/CstBoolean
Event: 0.737 loading class com/android/dx/rop/cst/CstBoolean done
Event: 0.737 loading class com/android/dx/rop/cst/CstEnumRef
Event: 0.737 loading class com/android/dx/rop/cst/CstEnumRef done
Event: 0.738 loading class com/android/dx/rop/cst/CstAnnotation
Event: 0.738 loading class com/android/dx/rop/cst/CstAnnotation done


Dynamic libraries:
0x00007ff79f7c0000 - 0x00007ff79f7f1000 	C:\Program Files\Android\Android Studio\jre\bin\java.exe
0x00007fff70c00000 - 0x00007fff70de1000 	C:\WINDOWS\SYSTEM32\ntdll.dll
0x00007fff6e160000 - 0x00007fff6e212000 	C:\WINDOWS\System32\KERNEL32.DLL
0x00007fff6de10000 - 0x00007fff6e083000 	C:\WINDOWS\System32\KERNELBASE.dll
0x00007fff70910000 - 0x00007fff709b1000 	C:\WINDOWS\System32\ADVAPI32.dll
0x00007fff70020000 - 0x00007fff700be000 	C:\WINDOWS\System32\msvcrt.dll
0x00007fff6fe10000 - 0x00007fff6fe6b000 	C:\WINDOWS\System32\sechost.dll
0x00007fff704f0000 - 0x00007fff70614000 	C:\WINDOWS\System32\RPCRT4.dll
0x00007fff70a40000 - 0x00007fff70bd0000 	C:\WINDOWS\System32\USER32.dll
0x00007fff6d440000 - 0x00007fff6d460000 	C:\WINDOWS\System32\win32u.dll
0x00007fff6fb00000 - 0x00007fff6fb28000 	C:\WINDOWS\System32\GDI32.dll
0x00007fff6d180000 - 0x00007fff6d312000 	C:\WINDOWS\System32\gdi32full.dll
0x00007fff6d3a0000 - 0x00007fff6d43f000 	C:\WINDOWS\System32\msvcp_win.dll
0x00007fff6cfd0000 - 0x00007fff6d0ca000 	C:\WINDOWS\System32\ucrtbase.dll
0x00007fff62cb0000 - 0x00007fff62f19000 	C:\WINDOWS\WinSxS\amd64_microsoft.windows.common-controls_6595b64144ccf1df_6.0.17134.112_none_fb3f961b30681c12\COMCTL32.dll
0x00007fff701c0000 - 0x00007fff704e3000 	C:\WINDOWS\System32\combase.dll
0x00007fff6d320000 - 0x00007fff6d39a000 	C:\WINDOWS\System32\bcryptPrimitives.dll
0x00007fff6fad0000 - 0x00007fff6fafd000 	C:\WINDOWS\System32\IMM32.DLL
0x0000000060e80000 - 0x0000000060f52000 	C:\Program Files\Android\Android Studio\jre\jre\bin\msvcr100.dll
0x0000000061040000 - 0x000000006187e000 	C:\Program Files\Android\Android Studio\jre\jre\bin\server\jvm.dll
0x00007fff707a0000 - 0x00007fff707a8000 	C:\WINDOWS\System32\PSAPI.DLL
0x00007fff59bd0000 - 0x00007fff59bd9000 	C:\WINDOWS\SYSTEM32\WSOCK32.dll
0x00007fff6fb30000 - 0x00007fff6fb9c000 	C:\WINDOWS\System32\WS2_32.dll
0x00007fff6b340000 - 0x00007fff6b363000 	C:\WINDOWS\SYSTEM32\WINMM.dll
0x00007fff68eb0000 - 0x00007fff68eba000 	C:\WINDOWS\SYSTEM32\VERSION.dll
0x00007fff6b310000 - 0x00007fff6b33a000 	C:\WINDOWS\SYSTEM32\WINMMBASE.dll
0x00007fff6d460000 - 0x00007fff6d4a9000 	C:\WINDOWS\System32\cfgmgr32.dll
0x00007fff5ede0000 - 0x00007fff5edef000 	C:\Program Files\Android\Android Studio\jre\jre\bin\verify.dll
0x00007fff5edb0000 - 0x00007fff5edd9000 	C:\Program Files\Android\Android Studio\jre\jre\bin\java.dll
0x00007fff5ed90000 - 0x00007fff5eda6000 	C:\Program Files\Android\Android Studio\jre\jre\bin\zip.dll
0x00007fff6e690000 - 0x00007fff6fad0000 	C:\WINDOWS\System32\SHELL32.dll
0x00007fff70620000 - 0x00007fff706c9000 	C:\WINDOWS\System32\shcore.dll
0x00007fff6d700000 - 0x00007fff6de0d000 	C:\WINDOWS\System32\windows.storage.dll
0x00007fff6e0a0000 - 0x00007fff6e0f1000 	C:\WINDOWS\System32\shlwapi.dll
0x00007fff6cfb0000 - 0x00007fff6cfc1000 	C:\WINDOWS\System32\kernel.appcore.dll
0x00007fff6cf40000 - 0x00007fff6cf5f000 	C:\WINDOWS\System32\profapi.dll
0x00007fff6cf60000 - 0x00007fff6cfac000 	C:\WINDOWS\System32\powrprof.dll
0x00007fff6cf30000 - 0x00007fff6cf3a000 	C:\WINDOWS\System32\FLTLIB.DLL

VM Arguments:
jvm_args: -Djava.awt.headless=true -Xmx1024M -Dfile.encoding=windows-1252 -Duser.country=ID -Duser.language=en -Duser.variant 
java_command: com.android.dx.command.Main --dex --num-threads=4 --output D:\AndroidLibrary\perisaiV_1.0.1\app\build\intermediates\pre-dexed\debug\com.android.support-support-core-ui-25.3.1_4a5d34fd2b20fb91826f4dc00348f5d47a859a7a.jar D:\AndroidLibrary\perisaiV_1.0.1\app\build\intermediates\exploded-aar\com.android.support\support-core-ui\25.3.1\jars\classes.jar
java_class_path (initial): C:\Users\Ryan\AppData\Local\Android\sdk\build-tools\25.0.1\lib\dx.jar
Launcher Type: SUN_STANDARD

Environment Variables:
PATH=C:\Program Files (x86)\Intel\iCLS Client\;C:\Program Files\Intel\iCLS Client\;C:\Windows\system32;C:\Windows;C:\Windows\System32\Wbem;C:\Windows\System32\WindowsPowerShell\v1.0\;C:\Program Files (x86)\NVIDIA Corporation\PhysX\Common;C:\Program Files (x86)\Intel\Intel(R) Management Engine Components\DAL;C:\Program Files\Intel\Intel(R) Management Engine Components\DAL;C:\Program Files (x86)\Intel\Intel(R) Management Engine Components\IPT;C:\Program Files\Intel\Intel(R) Management Engine Components\IPT;C:\Program Files\Intel\WiFi\bin\;C:\Program Files\Common Files\Intel\WirelessCommon\;C:\Program Files\dotnet\;%SystemRoot%\system32;%SystemRoot%;%SystemRoot%\System32\Wbem;%SYSTEMROOT%\System32\WindowsPowerShell\v1.0\;%SYSTEMROOT%\System32\OpenSSH\;C:\Users\Ryan\AppData\Local\Microsoft\WindowsApps;C:\Program Files\Intel\WiFi\bin\;C:\Program Files\Common Files\Intel\WirelessCommon\;
USERNAME=Ryan
OS=Windows_NT
PROCESSOR_IDENTIFIER=Intel64 Family 6 Model 158 Stepping 9, GenuineIntel



---------------  S Y S T E M  ---------------

OS: Windows 10.0 , 64 bit Build 17134 (10.0.17134.1)

CPU:total 8 (initial active 8) (4 cores per cpu, 2 threads per core) family 6 model 158 stepping 9, cmov, cx8, fxsr, mmx, sse, sse2, sse3, ssse3, sse4.1, sse4.2, popcnt, avx, avx2, aes, clmul, erms, 3dnowpref, lzcnt, ht, tsc, tscinvbit, bmi1, bmi2, adx

Memory: 4k page, physical 8304332k(535540k free), swap 16496332k(1932k free)

vm_info: OpenJDK 64-Bit Server VM (25.152-b01) for windows-amd64 JRE (1.8.0_152-release-915-b01), built by "builder" with MS VC++ 10.0 (VS2010)

time: Mon Jun 25 12:31:57 2018
elapsed time: 0 seconds (0d 0h 0m 0s)

