#
# There is insufficient memory for the Java Runtime Environment to continue.
# Native memory allocation (malloc) failed to allocate 69232 bytes for Chunk::new
# Possible reasons:
#   The system is out of physical RAM or swap space
#   In 32 bit mode, the process size limit was hit
# Possible solutions:
#   Reduce memory load on the system
#   Increase physical memory or swap space
#   Check if swap backing store is full
#   Use 64 bit Java on a 64 bit OS
#   Decrease Java heap size (-Xmx/-Xms)
#   Decrease number of Java threads
#   Decrease Java thread stack sizes (-Xss)
#   Set larger code cache with -XX:ReservedCodeCacheSize=
# This output file may be truncated or incomplete.
#
#  Out of Memory Error (allocation.cpp:390), pid=14500, tid=0x0000000000003fa0
#
# JRE version: OpenJDK Runtime Environment (8.0_152-b01) (build 1.8.0_152-release-915-b01)
# Java VM: OpenJDK 64-Bit Server VM (25.152-b01 mixed mode windows-amd64 compressed oops)
# Failed to write core dump. Minidumps are not enabled by default on client versions of Windows
#

---------------  T H R E A D  ---------------

Current thread (0x0000000017f11000):  JavaThread "C2 CompilerThread2" daemon [_thread_in_native, id=16288, stack(0x00000000188d0000,0x00000000189d0000)]

Stack: [0x00000000188d0000,0x00000000189d0000]
[error occurred during error reporting (printing stack bounds), id 0xc0000005]

Native frames: (J=compiled Java code, j=interpreted, Vv=VM code, C=native code)


Current CompileTask:
C2:   1037 1158   !   4       com.android.dx.cf.code.BytecodeArray::parseInstruction (2764 bytes)


---------------  P R O C E S S  ---------------

Java Threads: ( => current thread )
  0x00000000181fa800 JavaThread "pool-1-thread-4" [_thread_blocked, id=11752, stack(0x00000000190d0000,0x00000000191d0000)]
  0x00000000181f1000 JavaThread "pool-1-thread-3" [_thread_in_Java, id=12408, stack(0x0000000018fd0000,0x00000000190d0000)]
  0x0000000018208800 JavaThread "pool-1-thread-2" [_thread_in_Java, id=12648, stack(0x0000000018ed0000,0x0000000018fd0000)]
  0x0000000018204800 JavaThread "pool-2-thread-1" [_thread_blocked, id=5164, stack(0x0000000018dd0000,0x0000000018ed0000)]
  0x0000000018204000 JavaThread "pool-1-thread-1" [_thread_in_Java, id=12296, stack(0x0000000018cd0000,0x0000000018dd0000)]
  0x0000000017fae000 JavaThread "Service Thread" daemon [_thread_blocked, id=6184, stack(0x0000000018ad0000,0x0000000018bd0000)]
  0x0000000017f21000 JavaThread "C1 CompilerThread3" daemon [_thread_in_native, id=16340, stack(0x00000000189d0000,0x0000000018ad0000)]
=>0x0000000017f11000 JavaThread "C2 CompilerThread2" daemon [_thread_in_native, id=16288, stack(0x00000000188d0000,0x00000000189d0000)]
  0x0000000017f0e800 JavaThread "C2 CompilerThread1" daemon [_thread_in_native, id=5196, stack(0x00000000187d0000,0x00000000188d0000)]
  0x0000000017f09000 JavaThread "C2 CompilerThread0" daemon [_thread_in_native, id=8640, stack(0x00000000186d0000,0x00000000187d0000)]
  0x0000000017f08000 JavaThread "Attach Listener" daemon [_thread_blocked, id=11068, stack(0x00000000185d0000,0x00000000186d0000)]
  0x0000000017f15800 JavaThread "Signal Dispatcher" daemon [_thread_blocked, id=13396, stack(0x00000000184d0000,0x00000000185d0000)]
  0x00000000034e9000 JavaThread "Finalizer" daemon [_thread_blocked, id=8672, stack(0x00000000182e0000,0x00000000183e0000)]
  0x000000001600b800 JavaThread "Reference Handler" daemon [_thread_blocked, id=6388, stack(0x0000000017de0000,0x0000000017ee0000)]
  0x000000000329e000 JavaThread "main" [_thread_blocked, id=6836, stack(0x00000000032f0000,0x00000000033f0000)]

Other Threads:
  0x0000000016005000 VMThread [stack: 0x0000000017ce0000,0x0000000017de0000] [id=3664]
  0x0000000017f35000 WatcherThread [stack: 0x0000000018bd0000,0x0000000018cd0000] [id=14276]

VM state:not at safepoint (normal execution)

VM Mutex/Monitor currently owned by a thread: None

Heap:
 PSYoungGen      total 38400K, used 25206K [0x00000000eab00000, 0x00000000ed580000, 0x0000000100000000)
  eden space 33280K, 60% used [0x00000000eab00000,0x00000000ebe9f468,0x00000000ecb80000)
  from space 5120K, 99% used [0x00000000ecb80000,0x00000000ed07e4b8,0x00000000ed080000)
  to   space 5120K, 0% used [0x00000000ed080000,0x00000000ed080000,0x00000000ed580000)
 ParOldGen       total 87552K, used 2116K [0x00000000c0000000, 0x00000000c5580000, 0x00000000eab00000)
  object space 87552K, 2% used [0x00000000c0000000,0x00000000c0211020,0x00000000c5580000)
 Metaspace       used 6207K, capacity 7000K, committed 7168K, reserved 1056768K
  class space    used 609K, capacity 656K, committed 768K, reserved 1048576K

Card table byte_map: [0x00000000128b0000,0x0000000012ac0000] byte_map_base: 0x00000000122b0000

Marking Bits: (ParMarkBitMap*) 0x0000000061c63950
 Begin Bits: [0x0000000013420000, 0x0000000014420000)
 End Bits:   [0x0000000014420000, 0x0000000015420000)

Polling page: 0x0000000001990000

CodeCache: size=245760Kb used=5189Kb max_used=5189Kb free=240570Kb
 bounds [0x00000000034f0000, 0x0000000003a10000, 0x00000000124f0000]
 total_blobs=1536 nmethods=1268 adapters=182
 compilation: enabled

Compilation events (10 events):
Event: 1.024 Thread 0x0000000017f21000 nmethod 1284 0x00000000039ea310 code [0x00000000039ea480, 0x00000000039ea5e8]
Event: 1.024 Thread 0x0000000017f21000 1280       3       com.android.dx.cf.direct.StdAttributeFactory::code (613 bytes)
Event: 1.031 Thread 0x0000000017f21000 nmethod 1280 0x00000000039f6c10 code [0x00000000039f7580, 0x00000000039fe178]
Event: 1.031 Thread 0x0000000017f21000 1275       3       java.util.concurrent.locks.AbstractOwnableSynchronizer::setExclusiveOwnerThread (6 bytes)
Event: 1.031 Thread 0x0000000017f21000 nmethod 1275 0x00000000039e9f50 code [0x00000000039ea0a0, 0x00000000039ea210]
Event: 1.031 Thread 0x0000000017f21000 1273       3       com.android.dx.cf.code.LocalVariableList::<init> (6 bytes)
Event: 1.031 Thread 0x0000000017f21000 nmethod 1273 0x0000000003a04d10 code [0x0000000003a04e80, 0x0000000003a05008]
Event: 1.031 Thread 0x0000000017f21000 1279   !   3       com.android.dx.cf.attrib.BaseLocalVariables::<init> (42 bytes)
Event: 1.032 Thread 0x0000000017f21000 nmethod 1279 0x0000000003a05090 code [0x0000000003a05240, 0x0000000003a05828]
Event: 1.032 Thread 0x0000000017f21000 1288       3       com.android.dx.cf.code.Simulator$SimVisitor::visitNoArgs (2136 bytes)

GC Heap History (2 events):
Event: 0.819 GC heap before
{Heap before GC invocations=1 (full 0):
 PSYoungGen      total 38400K, used 33280K [0x00000000eab00000, 0x00000000ed580000, 0x0000000100000000)
  eden space 33280K, 100% used [0x00000000eab00000,0x00000000ecb80000,0x00000000ecb80000)
  from space 5120K, 0% used [0x00000000ed080000,0x00000000ed080000,0x00000000ed580000)
  to   space 5120K, 0% used [0x00000000ecb80000,0x00000000ecb80000,0x00000000ed080000)
 ParOldGen       total 87552K, used 0K [0x00000000c0000000, 0x00000000c5580000, 0x00000000eab00000)
  object space 87552K, 0% used [0x00000000c0000000,0x00000000c0000000,0x00000000c5580000)
 Metaspace       used 6027K, capacity 6896K, committed 7040K, reserved 1056768K
  class space    used 589K, capacity 616K, committed 640K, reserved 1048576K
Event: 0.925 GC heap after
Heap after GC invocations=1 (full 0):
 PSYoungGen      total 38400K, used 5113K [0x00000000eab00000, 0x00000000ed580000, 0x0000000100000000)
  eden space 33280K, 0% used [0x00000000eab00000,0x00000000eab00000,0x00000000ecb80000)
  from space 5120K, 99% used [0x00000000ecb80000,0x00000000ed07e4b8,0x00000000ed080000)
  to   space 5120K, 0% used [0x00000000ed080000,0x00000000ed080000,0x00000000ed580000)
 ParOldGen       total 87552K, used 2116K [0x00000000c0000000, 0x00000000c5580000, 0x00000000eab00000)
  object space 87552K, 2% used [0x00000000c0000000,0x00000000c0211020,0x00000000c5580000)
 Metaspace       used 6027K, capacity 6896K, committed 7040K, reserved 1056768K
  class space    used 589K, capacity 616K, committed 640K, reserved 1048576K
}

Deoptimization events (10 events):
Event: 0.635 Thread 0x0000000018204000 Uncommon trap: reason=unstable_if action=reinterpret pc=0x00000000038a2e88 method=java.util.HashMap.getNode(ILjava/lang/Object;)Ljava/util/HashMap$Node; @ 129
Event: 0.657 Thread 0x00000000181f1000 Uncommon trap: reason=unstable_if action=reinterpret pc=0x00000000038d2d64 method=com.android.dx.rop.code.RegisterSpec.equals(ILcom/android/dx/rop/type/TypeBearer;Lcom/android/dx/rop/code/LocalItem;)Z @ 16
Event: 0.710 Thread 0x000000000329e000 Uncommon trap: reason=unstable_if action=reinterpret pc=0x00000000038f6030 method=com.android.dx.cf.code.Ropper.labelToResultIndex(I)I @ 34
Event: 0.989 Thread 0x0000000018204000 Uncommon trap: reason=unstable_if action=reinterpret pc=0x000000000391eec4 method=java.util.HashMap.putVal(ILjava/lang/Object;Ljava/lang/Object;ZZ)Ljava/lang/Object; @ 162
Event: 0.992 Thread 0x0000000018204000 Uncommon trap: reason=unstable_if action=reinterpret pc=0x0000000003948f80 method=java.util.HashMap.getNode(ILjava/lang/Object;)Ljava/util/HashMap$Node; @ 84
Event: 0.992 Thread 0x0000000018204000 Uncommon trap: reason=unstable_if action=reinterpret pc=0x0000000003933c2c method=java.util.HashMap.getNode(ILjava/lang/Object;)Ljava/util/HashMap$Node; @ 84
Event: 1.014 Thread 0x0000000018208800 Uncommon trap: reason=class_check action=maybe_recompile pc=0x00000000038a7558 method=com.android.dx.rop.type.Type.equals(Ljava/lang/Object;)Z @ 8
Event: 1.014 Thread 0x0000000018208800 Uncommon trap: reason=class_check action=maybe_recompile pc=0x00000000038a7558 method=com.android.dx.rop.type.Type.equals(Ljava/lang/Object;)Z @ 8
Event: 1.014 Thread 0x0000000018208800 Uncommon trap: reason=class_check action=maybe_recompile pc=0x00000000038a7558 method=com.android.dx.rop.type.Type.equals(Ljava/lang/Object;)Z @ 8
Event: 1.015 Thread 0x0000000018208800 Uncommon trap: reason=class_check action=maybe_recompile pc=0x00000000038a7558 method=com.android.dx.rop.type.Type.equals(Ljava/lang/Object;)Z @ 8

Classes redefined (0 events):
No events

Internal exceptions (5 events):
Event: 0.032 Thread 0x000000000329e000 Exception <a 'java/lang/NoSuchMethodError': Method sun.misc.Unsafe.defineClass(Ljava/lang/String;[BII)Ljava/lang/Class; name or signature does not match> (0x00000000eab07ca8) thrown at [D:\src\AOSP-openjdk-cygwin\jdk8u\hotspot\src\share\vm\prims\jni.cpp, 
Event: 0.032 Thread 0x000000000329e000 Exception <a 'java/lang/NoSuchMethodError': Method sun.misc.Unsafe.prefetchRead(Ljava/lang/Object;J)V name or signature does not match> (0x00000000eab07f90) thrown at [D:\src\AOSP-openjdk-cygwin\jdk8u\hotspot\src\share\vm\prims\jni.cpp, line 4011]
Event: 0.990 Thread 0x0000000018204000 Exception <a 'java/lang/ArrayIndexOutOfBoundsException': 18> (0x00000000eba15020) thrown at [D:\src\AOSP-openjdk-cygwin\jdk8u\hotspot\src\share\vm\interpreter\interpreterRuntime.cpp, line 366]
Event: 0.990 Thread 0x0000000018204000 Exception <a 'java/lang/ArrayIndexOutOfBoundsException': 145> (0x00000000eba16ba0) thrown at [D:\src\AOSP-openjdk-cygwin\jdk8u\hotspot\src\share\vm\interpreter\interpreterRuntime.cpp, line 366]
Event: 0.991 Thread 0x0000000018204000 Exception <a 'java/lang/ArrayIndexOutOfBoundsException': 40> (0x00000000eba17e88) thrown at [D:\src\AOSP-openjdk-cygwin\jdk8u\hotspot\src\share\vm\interpreter\interpreterRuntime.cpp, line 366]

Events (10 events):
Event: 1.014 Thread 0x0000000018208800 DEOPT PACKING pc=0x00000000038a7558 sp=0x0000000018fce020
Event: 1.014 Thread 0x0000000018208800 DEOPT UNPACKING pc=0x000000000353556a sp=0x0000000018fcde80 mode 2
Event: 1.014 Thread 0x0000000018208800 Uncommon trap: trap_request=0xffffffde fr.pc=0x00000000038a7558
Event: 1.014 Thread 0x0000000018208800 DEOPT PACKING pc=0x00000000038a7558 sp=0x0000000018fcec90
Event: 1.014 Thread 0x0000000018208800 DEOPT UNPACKING pc=0x000000000353556a sp=0x0000000018fceaf0 mode 2
Event: 1.015 Thread 0x0000000018208800 Uncommon trap: trap_request=0xffffffde fr.pc=0x00000000038a7558
Event: 1.015 Thread 0x0000000018208800 DEOPT PACKING pc=0x00000000038a7558 sp=0x0000000018fcebe0
Event: 1.015 Thread 0x0000000018208800 DEOPT UNPACKING pc=0x000000000353556a sp=0x0000000018fcea40 mode 2
Event: 1.016 loading class com/android/dx/cf/attrib/AttRuntimeInvisibleAnnotations
Event: 1.016 loading class com/android/dx/cf/attrib/AttRuntimeInvisibleAnnotations done


Dynamic libraries:
0x00007ff6b8c40000 - 0x00007ff6b8c71000 	C:\Program Files\Android\Android Studio\jre\bin\java.exe
0x00007ffd49e10000 - 0x00007ffd49ff1000 	C:\WINDOWS\SYSTEM32\ntdll.dll
0x00007ffd47bd0000 - 0x00007ffd47c82000 	C:\WINDOWS\System32\KERNEL32.DLL
0x00007ffd46360000 - 0x00007ffd465d3000 	C:\WINDOWS\System32\KERNELBASE.dll
0x00007ffd48580000 - 0x00007ffd48621000 	C:\WINDOWS\System32\ADVAPI32.dll
0x00007ffd47420000 - 0x00007ffd474be000 	C:\WINDOWS\System32\msvcrt.dll
0x00007ffd472a0000 - 0x00007ffd472fb000 	C:\WINDOWS\System32\sechost.dll
0x00007ffd487d0000 - 0x00007ffd488f4000 	C:\WINDOWS\System32\RPCRT4.dll
0x00007ffd47a40000 - 0x00007ffd47bd0000 	C:\WINDOWS\System32\USER32.dll
0x00007ffd467e0000 - 0x00007ffd46800000 	C:\WINDOWS\System32\win32u.dll
0x00007ffd48550000 - 0x00007ffd48578000 	C:\WINDOWS\System32\GDI32.dll
0x00007ffd465e0000 - 0x00007ffd46772000 	C:\WINDOWS\System32\gdi32full.dll
0x00007ffd47100000 - 0x00007ffd4719f000 	C:\WINDOWS\System32\msvcp_win.dll
0x00007ffd461e0000 - 0x00007ffd462da000 	C:\WINDOWS\System32\ucrtbase.dll
0x00007ffd3c220000 - 0x00007ffd3c489000 	C:\WINDOWS\WinSxS\amd64_microsoft.windows.common-controls_6595b64144ccf1df_6.0.17134.48_none_b4b2216a3cb4dd3e\COMCTL32.dll
0x00007ffd47710000 - 0x00007ffd47a33000 	C:\WINDOWS\System32\combase.dll
0x00007ffd462e0000 - 0x00007ffd4635a000 	C:\WINDOWS\System32\bcryptPrimitives.dll
0x00007ffd47320000 - 0x00007ffd4734d000 	C:\WINDOWS\System32\IMM32.DLL
0x00000000612e0000 - 0x00000000613b2000 	C:\Program Files\Android\Android Studio\jre\jre\bin\msvcr100.dll
0x00000000614a0000 - 0x0000000061cde000 	C:\Program Files\Android\Android Studio\jre\jre\bin\server\jvm.dll
0x00007ffd481c0000 - 0x00007ffd481c8000 	C:\WINDOWS\System32\PSAPI.DLL
0x00007ffd2ef90000 - 0x00007ffd2ef99000 	C:\WINDOWS\SYSTEM32\WSOCK32.dll
0x00007ffd442d0000 - 0x00007ffd442f3000 	C:\WINDOWS\SYSTEM32\WINMM.dll
0x00007ffd48140000 - 0x00007ffd481ac000 	C:\WINDOWS\System32\WS2_32.dll
0x00007ffd3f090000 - 0x00007ffd3f09a000 	C:\WINDOWS\SYSTEM32\VERSION.dll
0x00007ffd442a0000 - 0x00007ffd442ca000 	C:\WINDOWS\SYSTEM32\WINMMBASE.dll
0x00007ffd471a0000 - 0x00007ffd471e9000 	C:\WINDOWS\System32\cfgmgr32.dll
0x00007ffd3eb00000 - 0x00007ffd3eb0f000 	C:\Program Files\Android\Android Studio\jre\jre\bin\verify.dll
0x00007ffd3c560000 - 0x00007ffd3c589000 	C:\Program Files\Android\Android Studio\jre\jre\bin\java.dll
0x00007ffd3c180000 - 0x00007ffd3c196000 	C:\Program Files\Android\Android Studio\jre\jre\bin\zip.dll
0x00007ffd489a0000 - 0x00007ffd49de0000 	C:\WINDOWS\System32\SHELL32.dll
0x00007ffd48630000 - 0x00007ffd486d9000 	C:\WINDOWS\System32\shcore.dll
0x00007ffd46800000 - 0x00007ffd46f0d000 	C:\WINDOWS\System32\windows.storage.dll
0x00007ffd480e0000 - 0x00007ffd48131000 	C:\WINDOWS\System32\shlwapi.dll
0x00007ffd46140000 - 0x00007ffd46151000 	C:\WINDOWS\System32\kernel.appcore.dll
0x00007ffd46160000 - 0x00007ffd4617f000 	C:\WINDOWS\System32\profapi.dll
0x00007ffd46180000 - 0x00007ffd461cc000 	C:\WINDOWS\System32\powrprof.dll
0x00007ffd461d0000 - 0x00007ffd461da000 	C:\WINDOWS\System32\FLTLIB.DLL

VM Arguments:
jvm_args: -Djava.awt.headless=true -Xmx1024M -Dfile.encoding=windows-1252 -Duser.country=ID -Duser.language=en -Duser.variant 
java_command: com.android.dx.command.Main --dex --num-threads=4 --output D:\AndroidLibrary\perisaiV_1.0.0\app\build\intermediates\pre-dexed\debug\com.mikepenz-materialdrawer-5.5.0_678f765722f104f5abcfaa0d4821a2639bd8e600.jar D:\AndroidLibrary\perisaiV_1.0.0\app\build\intermediates\exploded-aar\com.mikepenz\materialdrawer\5.5.0\jars\classes.jar
java_class_path (initial): C:\Users\Ryan\AppData\Local\Android\sdk\build-tools\25.0.1\lib\dx.jar
Launcher Type: SUN_STANDARD

Environment Variables:
PATH=C:\Program Files (x86)\Intel\iCLS Client\;C:\Program Files\Intel\iCLS Client\;C:\Windows\system32;C:\Windows;C:\Windows\System32\Wbem;C:\Windows\System32\WindowsPowerShell\v1.0\;C:\Program Files (x86)\NVIDIA Corporation\PhysX\Common;C:\Program Files (x86)\Intel\Intel(R) Management Engine Components\DAL;C:\Program Files\Intel\Intel(R) Management Engine Components\DAL;C:\Program Files (x86)\Intel\Intel(R) Management Engine Components\IPT;C:\Program Files\Intel\Intel(R) Management Engine Components\IPT;C:\Program Files\Intel\WiFi\bin\;C:\Program Files\Common Files\Intel\WirelessCommon\;C:\Program Files\dotnet\;%SystemRoot%\system32;%SystemRoot%;%SystemRoot%\System32\Wbem;%SYSTEMROOT%\System32\WindowsPowerShell\v1.0\;%SYSTEMROOT%\System32\OpenSSH\;C:\Users\Ryan\AppData\Local\Microsoft\WindowsApps;C:\Program Files\Intel\WiFi\bin\;C:\Program Files\Common Files\Intel\WirelessCommon\;
USERNAME=Ryan
OS=Windows_NT
PROCESSOR_IDENTIFIER=Intel64 Family 6 Model 158 Stepping 9, GenuineIntel



---------------  S Y S T E M  ---------------

OS: Windows 10.0 , 64 bit Build 17134 (10.0.17134.1)

CPU:total 8 (initial active 8) (4 cores per cpu, 2 threads per core) family 6 model 158 stepping 9, cmov, cx8, fxsr, mmx, sse, sse2, sse3, ssse3, sse4.1, sse4.2, popcnt, avx, avx2, aes, clmul, erms, 3dnowpref, lzcnt, ht, tsc, tscinvbit, bmi1, bmi2, adx

Memory: 4k page, physical 8304332k(520720k free), swap 16496332k(4132k free)

vm_info: OpenJDK 64-Bit Server VM (25.152-b01) for windows-amd64 JRE (1.8.0_152-release-915-b01), built by "builder" with MS VC++ 10.0 (VS2010)

time: Mon May 28 14:35:38 2018
elapsed time: 1 seconds (0d 0h 0m 1s)

