#
# There is insufficient memory for the Java Runtime Environment to continue.
# Native memory allocation (malloc) failed to allocate 1048576 bytes for AllocateHeap
# Possible reasons:
#   The system is out of physical RAM or swap space
#   In 32 bit mode, the process size limit was hit
# Possible solutions:
#   Reduce memory load on the system
#   Increase physical memory or swap space
#   Check if swap backing store is full
#   Use 64 bit Java on a 64 bit OS
#   Decrease Java heap size (-Xmx/-Xms)
#   Decrease number of Java threads
#   Decrease Java thread stack sizes (-Xss)
#   Set larger code cache with -XX:ReservedCodeCacheSize=
# This output file may be truncated or incomplete.
#
#  Out of Memory Error (memory/allocation.inline.hpp:61), pid=13460, tid=0x0000000000002254
#
# JRE version:  (8.0_152-b01) (build )
# Java VM: OpenJDK 64-Bit Server VM (25.152-b01 mixed mode windows-amd64 compressed oops)
# Failed to write core dump. Minidumps are not enabled by default on client versions of Windows
#

---------------  T H R E A D  ---------------

Current thread (0x000000000087e000):  JavaThread "Unknown thread" [_thread_in_vm, id=8788, stack(0x00000000025a0000,0x00000000026a0000)]

Stack: [0x00000000025a0000,0x00000000026a0000]
[error occurred during error reporting (printing stack bounds), id 0xc0000005]

Native frames: (J=compiled Java code, j=interpreted, Vv=VM code, C=native code)


---------------  P R O C E S S  ---------------

Java Threads: ( => current thread )

Other Threads:

=>0x000000000087e000 (exited) JavaThread "Unknown thread" [_thread_in_vm, id=8788, stack(0x00000000025a0000,0x00000000026a0000)]

VM state:not at safepoint (normal execution)

VM Mutex/Monitor currently owned by a thread: None

Heap:
 PSYoungGen      total 38400K, used 665K [0x00000000eab00000, 0x00000000ed580000, 0x0000000100000000)
  eden space 33280K, 2% used [0x00000000eab00000,0x00000000eaba6670,0x00000000ecb80000)
  from space 5120K, 0% used [0x00000000ed080000,0x00000000ed080000,0x00000000ed580000)
  to   space 5120K, 0% used [0x00000000ecb80000,0x00000000ecb80000,0x00000000ed080000)
 ParOldGen       total 87552K, used 0K [0x00000000c0000000, 0x00000000c5580000, 0x00000000eab00000)
  object space 87552K, 0% used [0x00000000c0000000,0x00000000c0000000,0x00000000c5580000)
 Metaspace       used 772K, capacity 4480K, committed 4480K, reserved 1056768K
  class space    used 73K, capacity 384K, committed 384K, reserved 1048576K

Card table byte_map: [0x0000000011b60000,0x0000000011d70000] byte_map_base: 0x0000000011560000

Marking Bits: (ParMarkBitMap*) 0x0000000065df3950
 Begin Bits: [0x00000000126d0000, 0x00000000136d0000)
 End Bits:   [0x00000000136d0000, 0x00000000146d0000)

Polling page: 0x00000000007d0000

CodeCache: size=245760Kb used=328Kb max_used=328Kb free=245431Kb
 bounds [0x00000000027a0000, 0x0000000002a10000, 0x00000000117a0000]
 total_blobs=57 nmethods=0 adapters=38
 compilation: enabled

Compilation events (0 events):
No events

GC Heap History (0 events):
No events

Deoptimization events (0 events):
No events

Classes redefined (0 events):
No events

Internal exceptions (0 events):
No events

Events (10 events):
Event: 0.094 loading class java/lang/Short
Event: 0.094 loading class java/lang/Short done
Event: 0.094 loading class java/lang/Integer
Event: 0.094 loading class java/lang/Integer done
Event: 0.094 loading class java/lang/Long
Event: 0.094 loading class java/lang/Long done
Event: 0.095 loading class java/lang/NullPointerException
Event: 0.095 loading class java/lang/NullPointerException done
Event: 0.095 loading class java/lang/ArithmeticException
Event: 0.095 loading class java/lang/ArithmeticException done


Dynamic libraries:
0x00007ff6008f0000 - 0x00007ff600921000 	C:\Program Files\Android\Android Studio\jre\bin\java.exe
0x00007fff6df10000 - 0x00007fff6e0f1000 	C:\WINDOWS\SYSTEM32\ntdll.dll
0x00007fff6d7c0000 - 0x00007fff6d872000 	C:\WINDOWS\System32\KERNEL32.DLL
0x00007fff6a440000 - 0x00007fff6a6b3000 	C:\WINDOWS\System32\KERNELBASE.dll
0x00007fff6b420000 - 0x00007fff6b4c1000 	C:\WINDOWS\System32\ADVAPI32.dll
0x00007fff6d8e0000 - 0x00007fff6d97e000 	C:\WINDOWS\System32\msvcrt.dll
0x00007fff6dae0000 - 0x00007fff6db3b000 	C:\WINDOWS\System32\sechost.dll
0x00007fff6dce0000 - 0x00007fff6de04000 	C:\WINDOWS\System32\RPCRT4.dll
0x00007fff6bec0000 - 0x00007fff6c050000 	C:\WINDOWS\System32\USER32.dll
0x00007fff6aed0000 - 0x00007fff6aef0000 	C:\WINDOWS\System32\win32u.dll
0x00007fff6b4d0000 - 0x00007fff6b4f8000 	C:\WINDOWS\System32\GDI32.dll
0x00007fff6b200000 - 0x00007fff6b392000 	C:\WINDOWS\System32\gdi32full.dll
0x00007fff6aef0000 - 0x00007fff6af8f000 	C:\WINDOWS\System32\msvcp_win.dll
0x00007fff6add0000 - 0x00007fff6aeca000 	C:\WINDOWS\System32\ucrtbase.dll
0x00007fff549e0000 - 0x00007fff54c49000 	C:\WINDOWS\WinSxS\amd64_microsoft.windows.common-controls_6595b64144ccf1df_6.0.17134.112_none_fb3f961b30681c12\COMCTL32.dll
0x00007fff6bb90000 - 0x00007fff6beb3000 	C:\WINDOWS\System32\combase.dll
0x00007fff6b180000 - 0x00007fff6b1fa000 	C:\WINDOWS\System32\bcryptPrimitives.dll
0x00007fff6d880000 - 0x00007fff6d8ad000 	C:\WINDOWS\System32\IMM32.DLL
0x0000000065470000 - 0x0000000065542000 	C:\Program Files\Android\Android Studio\jre\jre\bin\msvcr100.dll
0x0000000065630000 - 0x0000000065e6e000 	C:\Program Files\Android\Android Studio\jre\jre\bin\server\jvm.dll
0x00007fff6c0f0000 - 0x00007fff6c0f8000 	C:\WINDOWS\System32\PSAPI.DLL
0x00007fff56830000 - 0x00007fff56839000 	C:\WINDOWS\SYSTEM32\WSOCK32.dll
0x00007fff68820000 - 0x00007fff68843000 	C:\WINDOWS\SYSTEM32\WINMM.dll
0x00007fff6d980000 - 0x00007fff6d9ec000 	C:\WINDOWS\System32\WS2_32.dll
0x00007fff62ba0000 - 0x00007fff62baa000 	C:\WINDOWS\SYSTEM32\VERSION.dll
0x00007fff687f0000 - 0x00007fff6881a000 	C:\WINDOWS\SYSTEM32\winmmbase.dll
0x00007fff6a2e0000 - 0x00007fff6a329000 	C:\WINDOWS\System32\cfgmgr32.dll
0x00007fff54db0000 - 0x00007fff54dbf000 	C:\Program Files\Android\Android Studio\jre\jre\bin\verify.dll
0x00007fff3d270000 - 0x00007fff3d299000 	C:\Program Files\Android\Android Studio\jre\jre\bin\java.dll
0x00007fff54d20000 - 0x00007fff54d36000 	C:\Program Files\Android\Android Studio\jre\jre\bin\zip.dll

VM Arguments:
jvm_args: -Djava.awt.headless=true -Xmx1024M -Dfile.encoding=windows-1252 -Duser.country=ID -Duser.language=en -Duser.variant 
java_command: com.android.dx.command.Main --dex --num-threads=4 --output D:\AndroidLibrary\perisaiV_1.0.0\app\build\intermediates\pre-dexed\debug\debug_12af9fb3e8d80c129430dca7dc5360c4a4795193.jar D:\AndroidLibrary\perisaiV_1.0.0\app\build\intermediates\classes\debug
java_class_path (initial): C:\Users\Ryan\AppData\Local\Android\sdk\build-tools\25.0.1\lib\dx.jar
Launcher Type: SUN_STANDARD

Environment Variables:
PATH=C:\Program Files (x86)\Intel\iCLS Client\;C:\Program Files\Intel\iCLS Client\;C:\Windows\system32;C:\Windows;C:\Windows\System32\Wbem;C:\Windows\System32\WindowsPowerShell\v1.0\;C:\Program Files (x86)\NVIDIA Corporation\PhysX\Common;C:\Program Files (x86)\Intel\Intel(R) Management Engine Components\DAL;C:\Program Files\Intel\Intel(R) Management Engine Components\DAL;C:\Program Files (x86)\Intel\Intel(R) Management Engine Components\IPT;C:\Program Files\Intel\Intel(R) Management Engine Components\IPT;C:\Program Files\Intel\WiFi\bin\;C:\Program Files\Common Files\Intel\WirelessCommon\;C:\Program Files\dotnet\;%SystemRoot%\system32;%SystemRoot%;%SystemRoot%\System32\Wbem;%SYSTEMROOT%\System32\WindowsPowerShell\v1.0\;%SYSTEMROOT%\System32\OpenSSH\;C:\Users\Ryan\AppData\Local\Microsoft\WindowsApps;C:\Program Files\Intel\WiFi\bin\;C:\Program Files\Common Files\Intel\WirelessCommon\;
USERNAME=Ryan
OS=Windows_NT
PROCESSOR_IDENTIFIER=Intel64 Family 6 Model 158 Stepping 9, GenuineIntel



---------------  S Y S T E M  ---------------

OS: Windows 10.0 , 64 bit Build 17134 (10.0.17134.1)

CPU:total 8 (initial active 8) (4 cores per cpu, 2 threads per core) family 6 model 158 stepping 9, cmov, cx8, fxsr, mmx, sse, sse2, sse3, ssse3, sse4.1, sse4.2, popcnt, avx, avx2, aes, clmul, erms, 3dnowpref, lzcnt, ht, tsc, tscinvbit, bmi1, bmi2, adx

Memory: 4k page, physical 8304332k(422380k free), swap 16496332k(6668k free)

vm_info: OpenJDK 64-Bit Server VM (25.152-b01) for windows-amd64 JRE (1.8.0_152-release-915-b01), built by "builder" with MS VC++ 10.0 (VS2010)

time: Thu Jun 21 15:08:47 2018
elapsed time: 0 seconds (0d 0h 0m 0s)

